<html>
<head>
<title>TestNG:  Default test</title>
<link href="../testng.css" rel="stylesheet" type="text/css" />
<link href="../my-testng.css" rel="stylesheet" type="text/css" />

<style type="text/css">
.log { display: none;} 
.stack-trace { display: none;} 
</style>
<script type="text/javascript">
<!--
function flip(e) {
  current = e.style.display;
  if (current == 'block') {
    e.style.display = 'none';
    return 0;
  }
  else {
    e.style.display = 'block';
    return 1;
  }
}

function toggleBox(szDivId, elem, msg1, msg2)
{
  var res = -1;  if (document.getElementById) {
    res = flip(document.getElementById(szDivId));
  }
  else if (document.all) {
    // this is the way old msie versions work
    res = flip(document.all[szDivId]);
  }
  if(elem) {
    if(res == 0) elem.innerHTML = msg1; else elem.innerHTML = msg2;
  }

}

function toggleAllBoxes() {
  if (document.getElementsByTagName) {
    d = document.getElementsByTagName('div');
    for (i = 0; i < d.length; i++) {
      if (d[i].className == 'log') {
        flip(d[i]);
      }
    }
  }
}

// -->
</script>

</head>
<body>
<h2 align='center'>Default test</h2><table border='1' align="center">
<tr>
<td>Tests passed/Failed/Skipped:</td><td>35/3/0</td>
</tr><tr>
<td>Started on:</td><td>Wed Apr 02 09:45:19 IST 2025</td>
</tr>
<tr><td>Total time:</td><td>162 seconds (162526 ms)</td>
</tr><tr>
<td>Included groups:</td><td></td>
</tr><tr>
<td>Excluded groups:</td><td></td>
</tr>
</table><p/>
<small><i>(Hover the method name to see the test class name)</i></small><p/>
<table width='100%' border='1' class='invocation-failed'>
<tr><td colspan='4' align='center'><b>FAILED TESTS</b></td></tr>
<tr><td><b>Test method</b></td>
<td width="30%"><b>Exception</b></td>
<td width="10%"><b>Time (seconds)</b></td>
<td><b>Instance</b></td>
</tr>
<tr>
<td title='UAT_SIP2.Call_Dispostion.Booking_Feedback_SuccessMessage()'><b>Booking_Feedback_SuccessMessage</b><br>Test class: UAT_SIP2.Call_Dispostion</td>
<td><div><pre>java.lang.AssertionError: After Punching Booking_Feedback, success message is not Display 
	at org.testng.Assert.fail(Assert.java:99)
	at UAT_SIP2.Call_Dispostion.Booking_Feedback_SuccessMessage(Call_Dispostion.java:100)
	at java.base/jdk.internal.reflect.DirectMethodHandleAccessor.invoke(DirectMethodHandleAccessor.java:103)
	at java.base/java.lang.reflect.Method.invoke(Method.java:580)
	at org.testng.internal.MethodInvocationHelper.invokeMethod(MethodInvocationHelper.java:133)
	at org.testng.internal.TestInvoker.invokeMethod(TestInvoker.java:598)
	at org.testng.internal.TestInvoker.invokeTestMethod(TestInvoker.java:173)
	at org.testng.internal.MethodRunner.runInSequence(MethodRunner.java:46)
	at org.testng.internal.TestInvoker$MethodInvocationAgent.invoke(TestInvoker.java:824)
	at org.testng.internal.TestInvoker.invokeTestMethods(TestInvoker.java:146)
	at org.testng.internal.TestMethodWorker.invokeTestMethods(TestMethodWorker.java:146)
	at org.testng.internal.TestMethodWorker.run(TestMethodWorker.java:128)
	at java.base/java.util.ArrayList.forEach(ArrayList.java:1596)
	at org.testng.TestRunner.privateRun(TestRunner.java:794)
	at org.testng.TestRunner.run(TestRunner.java:596)
	at org.testng.SuiteRunner.runTest(SuiteRunner.java:377)
	at org.testng.SuiteRunner.runSequentially(SuiteRunner.java:371)
	at org.testng.SuiteRunner.privateRun(SuiteRunner.java:332)
	at org.testng.SuiteRunner.run(SuiteRunner.java:276)
	at org.testng.SuiteRunnerWorker.runSuite(SuiteRunnerWorker.java:53)
	at org.testng.SuiteRunnerWorker.run(SuiteRunnerWorker.java:96)
	at org.testng.TestNG.runSuitesSequentially(TestNG.java:1212)
	at org.testng.TestNG.runSuitesLocally(TestNG.java:1134)
	at org.testng.TestNG.runSuites(TestNG.java:1063)
	at org.testng.TestNG.run(TestNG.java:1031)
	at org.testng.remote.AbstractRemoteTestNG.run(AbstractRemoteTestNG.java:115)
	at org.testng.remote.RemoteTestNG.initAndRun(RemoteTestNG.java:293)
	at org.testng.remote.RemoteTestNG.main(RemoteTestNG.java:91)
</pre></div><a href='#' onClick='toggleBox("stack-trace1985869725", this, "Click to show all stack frames", "Click to hide stack frames")'>Click to show all stack frames</a>
<div class='stack-trace' id='stack-trace1985869725'><pre>java.lang.AssertionError: After Punching Booking_Feedback, success message is not Display 
	at org.testng.Assert.fail(Assert.java:99)
	at UAT_SIP2.Call_Dispostion.Booking_Feedback_SuccessMessage(Call_Dispostion.java:100)
	at java.base/jdk.internal.reflect.DirectMethodHandleAccessor.invoke(DirectMethodHandleAccessor.java:103)
	at java.base/java.lang.reflect.Method.invoke(Method.java:580)
	at org.testng.internal.MethodInvocationHelper.invokeMethod(MethodInvocationHelper.java:133)
	at org.testng.internal.TestInvoker.invokeMethod(TestInvoker.java:598)
	at org.testng.internal.TestInvoker.invokeTestMethod(TestInvoker.java:173)
	at org.testng.internal.MethodRunner.runInSequence(MethodRunner.java:46)
	at org.testng.internal.TestInvoker$MethodInvocationAgent.invoke(TestInvoker.java:824)
	at org.testng.internal.TestInvoker.invokeTestMethods(TestInvoker.java:146)
	at org.testng.internal.TestMethodWorker.invokeTestMethods(TestMethodWorker.java:146)
	at org.testng.internal.TestMethodWorker.run(TestMethodWorker.java:128)
	at java.base/java.util.ArrayList.forEach(ArrayList.java:1596)
	at org.testng.TestRunner.privateRun(TestRunner.java:794)
	at org.testng.TestRunner.run(TestRunner.java:596)
	at org.testng.SuiteRunner.runTest(SuiteRunner.java:377)
	at org.testng.SuiteRunner.runSequentially(SuiteRunner.java:371)
	at org.testng.SuiteRunner.privateRun(SuiteRunner.java:332)
	at org.testng.SuiteRunner.run(SuiteRunner.java:276)
	at org.testng.SuiteRunnerWorker.runSuite(SuiteRunnerWorker.java:53)
	at org.testng.SuiteRunnerWorker.run(SuiteRunnerWorker.java:96)
	at org.testng.TestNG.runSuitesSequentially(TestNG.java:1212)
	at org.testng.TestNG.runSuitesLocally(TestNG.java:1134)
	at org.testng.TestNG.runSuites(TestNG.java:1063)
	at org.testng.TestNG.run(TestNG.java:1031)
	at org.testng.remote.AbstractRemoteTestNG.run(AbstractRemoteTestNG.java:115)
	at org.testng.remote.RemoteTestNG.initAndRun(RemoteTestNG.java:293)
	at org.testng.remote.RemoteTestNG.main(RemoteTestNG.java:91)
</pre></div></td>
<td>10</td>
<td>UAT_SIP2.Call_Dispostion@5fe94a96</td></tr>
<tr>
<td title='UAT_SIP2.Call_Dispostion.Click_On_Customer1()'><b>Click_On_Customer1</b><br>Test class: UAT_SIP2.Call_Dispostion</td>
<td><div><pre>java.lang.AssertionError: Additional Fillter_Button could not be clickable.
	at org.testng.Assert.fail(Assert.java:99)
	at UAT_SIP2.Call_Dispostion.Click_On_CustomerPage_And_FillterButton(Call_Dispostion.java:582)
	at UAT_SIP2.Call_Dispostion.Click_On_Customer1(Call_Dispostion.java:107)
	at java.base/jdk.internal.reflect.DirectMethodHandleAccessor.invoke(DirectMethodHandleAccessor.java:103)
	at java.base/java.lang.reflect.Method.invoke(Method.java:580)
	at org.testng.internal.MethodInvocationHelper.invokeMethod(MethodInvocationHelper.java:133)
	at org.testng.internal.TestInvoker.invokeMethod(TestInvoker.java:598)
	at org.testng.internal.TestInvoker.invokeTestMethod(TestInvoker.java:173)
	at org.testng.internal.MethodRunner.runInSequence(MethodRunner.java:46)
	at org.testng.internal.TestInvoker$MethodInvocationAgent.invoke(TestInvoker.java:824)
	at org.testng.internal.TestInvoker.invokeTestMethods(TestInvoker.java:146)
	at org.testng.internal.TestMethodWorker.invokeTestMethods(TestMethodWorker.java:146)
	at org.testng.internal.TestMethodWorker.run(TestMethodWorker.java:128)
	at java.base/java.util.ArrayList.forEach(ArrayList.java:1596)
	at org.testng.TestRunner.privateRun(TestRunner.java:794)
	at org.testng.TestRunner.run(TestRunner.java:596)
	at org.testng.SuiteRunner.runTest(SuiteRunner.java:377)
	at org.testng.SuiteRunner.runSequentially(SuiteRunner.java:371)
	at org.testng.SuiteRunner.privateRun(SuiteRunner.java:332)
	at org.testng.SuiteRunner.run(SuiteRunner.java:276)
	at org.testng.SuiteRunnerWorker.runSuite(SuiteRunnerWorker.java:53)
	at org.testng.SuiteRunnerWorker.run(SuiteRunnerWorker.java:96)
	at org.testng.TestNG.runSuitesSequentially(TestNG.java:1212)
	at org.testng.TestNG.runSuitesLocally(TestNG.java:1134)
	at org.testng.TestNG.runSuites(TestNG.java:1063)
	at org.testng.TestNG.run(TestNG.java:1031)
	at org.testng.remote.AbstractRemoteTestNG.run(AbstractRemoteTestNG.java:115)
	at org.testng.remote.RemoteTestNG.initAndRun(RemoteTestNG.java:293)
	at org.testng.remote.RemoteTestNG.main(RemoteTestNG.java:91)
</pre></div><a href='#' onClick='toggleBox("stack-trace2015455415", this, "Click to show all stack frames", "Click to hide stack frames")'>Click to show all stack frames</a>
<div class='stack-trace' id='stack-trace2015455415'><pre>java.lang.AssertionError: Additional Fillter_Button could not be clickable.
	at org.testng.Assert.fail(Assert.java:99)
	at UAT_SIP2.Call_Dispostion.Click_On_CustomerPage_And_FillterButton(Call_Dispostion.java:582)
	at UAT_SIP2.Call_Dispostion.Click_On_Customer1(Call_Dispostion.java:107)
	at java.base/jdk.internal.reflect.DirectMethodHandleAccessor.invoke(DirectMethodHandleAccessor.java:103)
	at java.base/java.lang.reflect.Method.invoke(Method.java:580)
	at org.testng.internal.MethodInvocationHelper.invokeMethod(MethodInvocationHelper.java:133)
	at org.testng.internal.TestInvoker.invokeMethod(TestInvoker.java:598)
	at org.testng.internal.TestInvoker.invokeTestMethod(TestInvoker.java:173)
	at org.testng.internal.MethodRunner.runInSequence(MethodRunner.java:46)
	at org.testng.internal.TestInvoker$MethodInvocationAgent.invoke(TestInvoker.java:824)
	at org.testng.internal.TestInvoker.invokeTestMethods(TestInvoker.java:146)
	at org.testng.internal.TestMethodWorker.invokeTestMethods(TestMethodWorker.java:146)
	at org.testng.internal.TestMethodWorker.run(TestMethodWorker.java:128)
	at java.base/java.util.ArrayList.forEach(ArrayList.java:1596)
	at org.testng.TestRunner.privateRun(TestRunner.java:794)
	at org.testng.TestRunner.run(TestRunner.java:596)
	at org.testng.SuiteRunner.runTest(SuiteRunner.java:377)
	at org.testng.SuiteRunner.runSequentially(SuiteRunner.java:371)
	at org.testng.SuiteRunner.privateRun(SuiteRunner.java:332)
	at org.testng.SuiteRunner.run(SuiteRunner.java:276)
	at org.testng.SuiteRunnerWorker.runSuite(SuiteRunnerWorker.java:53)
	at org.testng.SuiteRunnerWorker.run(SuiteRunnerWorker.java:96)
	at org.testng.TestNG.runSuitesSequentially(TestNG.java:1212)
	at org.testng.TestNG.runSuitesLocally(TestNG.java:1134)
	at org.testng.TestNG.runSuites(TestNG.java:1063)
	at org.testng.TestNG.run(TestNG.java:1031)
	at org.testng.remote.AbstractRemoteTestNG.run(AbstractRemoteTestNG.java:115)
	at org.testng.remote.RemoteTestNG.initAndRun(RemoteTestNG.java:293)
	at org.testng.remote.RemoteTestNG.main(RemoteTestNG.java:91)
</pre></div></td>
<td>11</td>
<td>UAT_SIP2.Call_Dispostion@5fe94a96</td></tr>
<tr>
<td title='UAT_SIP2.Call_Dispostion.Verify_Booking_Feedback()'><b>Verify_Booking_Feedback</b><br>Test class: UAT_SIP2.Call_Dispostion</td>
<td><div><pre>org.openqa.selenium.TimeoutException: Expected condition failed: waiting for visibility of element located by By.xpath: (//*[text()=&quot; Yes &quot;])[2] (tried for 10 second(s) with 500 milliseconds interval)
Build info: version: &apos;4.21.0&apos;, revision: &apos;79ed462ef4&apos;
System info: os.name: &apos;Windows 11&apos;, os.arch: &apos;amd64&apos;, os.version: &apos;10.0&apos;, java.version: &apos;21.0.6&apos;
Driver info: org.openqa.selenium.chrome.ChromeDriver
Capabilities {acceptInsecureCerts: false, browserName: chrome, browserVersion: 134.0.6998.178, chrome: {chromedriverVersion: 134.0.6998.165 (fd886e2cb29..., userDataDir: C:\Users\Admin\AppData\Loca...}, fedcm:accounts: true, goog:chromeOptions: {debuggerAddress: localhost:50376}, networkConnectionEnabled: false, pageLoadStrategy: normal, platformName: windows, proxy: Proxy(), se:cdp: ws://localhost:50376/devtoo..., se:cdpVersion: 134.0.6998.178, setWindowRect: true, strictFileInteractability: false, timeouts: {implicit: 0, pageLoad: 300000, script: 30000}, unhandledPromptBehavior: dismiss and notify, webauthn:extension:credBlob: true, webauthn:extension:largeBlob: true, webauthn:extension:minPinLength: true, webauthn:extension:prf: true, webauthn:virtualAuthenticators: true}
Session ID: 2ed5427b0005732a972a1b244f40d434
	at org.openqa.selenium.support.ui.WebDriverWait.timeoutException(WebDriverWait.java:84)
	at org.openqa.selenium.support.ui.FluentWait.until(FluentWait.java:228)
	at UAT_SIP2.Call_Dispostion.clickElementWithDelay(Call_Dispostion.java:537)
	at UAT_SIP2.Call_Dispostion.Select_Option_Booking_Feedback(Call_Dispostion.java:524)
	at UAT_SIP2.Call_Dispostion.Verify_Booking_Feedback(Call_Dispostion.java:91)
	at java.base/jdk.internal.reflect.DirectMethodHandleAccessor.invoke(DirectMethodHandleAccessor.java:103)
	at java.base/java.lang.reflect.Method.invoke(Method.java:580)
	at org.testng.internal.MethodInvocationHelper.invokeMethod(MethodInvocationHelper.java:133)
	at org.testng.internal.TestInvoker.invokeMethod(TestInvoker.java:598)
	at org.testng.internal.TestInvoker.invokeTestMethod(TestInvoker.java:173)
	at org.testng.internal.MethodRunner.runInSequence(MethodRunner.java:46)
	at org.testng.internal.TestInvoker$MethodInvocationAgent.invoke(TestInvoker.java:824)
	at org.testng.internal.TestInvoker.invokeTestMethods(TestInvoker.java:146)
	at org.testng.internal.TestMethodWorker.invokeTestMethods(TestMethodWorker.java:146)
	at org.testng.internal.TestMethodWorker.run(TestMethodWorker.java:128)
	at java.base/java.util.ArrayList.forEach(ArrayList.java:1596)
	at org.testng.TestRunner.privateRun(TestRunner.java:794)
	at org.testng.TestRunner.run(TestRunner.java:596)
	at org.testng.SuiteRunner.runTest(SuiteRunner.java:377)
	at org.testng.SuiteRunner.runSequentially(SuiteRunner.java:371)
	at org.testng.SuiteRunner.privateRun(SuiteRunner.java:332)
	at org.testng.SuiteRunner.run(SuiteRunner.java:276)
	at org.testng.SuiteRunnerWorker.runSuite(SuiteRunnerWorker.java:53)
	at org.testng.SuiteRunnerWorker.run(SuiteRunnerWorker.java:96)
	at org.testng.TestNG.runSuitesSequentially(TestNG.java:1212)
	at org.testng.TestNG.runSuitesLocally(TestNG.java:1134)
	at org.testng.TestNG.runSuites(TestNG.java:1063)
	at org.testng.TestNG.run(TestNG.java:1031)
	at org.testng.remote.AbstractRemoteTestNG.run(AbstractRemoteTestNG.java:115)
	at org.testng.remote.RemoteTestNG.initAndRun(RemoteTestNG.java:293)
	at org.testng.remote.RemoteTestNG.main(RemoteTestNG.java:91)
</pre></div><a href='#' onClick='toggleBox("stack-trace835426017", this, "Click to show all stack frames", "Click to hide stack frames")'>Click to show all stack frames</a>
<div class='stack-trace' id='stack-trace835426017'><pre>org.openqa.selenium.TimeoutException: Expected condition failed: waiting for visibility of element located by By.xpath: (//*[text()=&quot; Yes &quot;])[2] (tried for 10 second(s) with 500 milliseconds interval)
Build info: version: &apos;4.21.0&apos;, revision: &apos;79ed462ef4&apos;
System info: os.name: &apos;Windows 11&apos;, os.arch: &apos;amd64&apos;, os.version: &apos;10.0&apos;, java.version: &apos;21.0.6&apos;
Driver info: org.openqa.selenium.chrome.ChromeDriver
Capabilities {acceptInsecureCerts: false, browserName: chrome, browserVersion: 134.0.6998.178, chrome: {chromedriverVersion: 134.0.6998.165 (fd886e2cb29..., userDataDir: C:\Users\Admin\AppData\Loca...}, fedcm:accounts: true, goog:chromeOptions: {debuggerAddress: localhost:50376}, networkConnectionEnabled: false, pageLoadStrategy: normal, platformName: windows, proxy: Proxy(), se:cdp: ws://localhost:50376/devtoo..., se:cdpVersion: 134.0.6998.178, setWindowRect: true, strictFileInteractability: false, timeouts: {implicit: 0, pageLoad: 300000, script: 30000}, unhandledPromptBehavior: dismiss and notify, webauthn:extension:credBlob: true, webauthn:extension:largeBlob: true, webauthn:extension:minPinLength: true, webauthn:extension:prf: true, webauthn:virtualAuthenticators: true}
Session ID: 2ed5427b0005732a972a1b244f40d434
	at org.openqa.selenium.support.ui.WebDriverWait.timeoutException(WebDriverWait.java:84)
	at org.openqa.selenium.support.ui.FluentWait.until(FluentWait.java:228)
	at UAT_SIP2.Call_Dispostion.clickElementWithDelay(Call_Dispostion.java:537)
	at UAT_SIP2.Call_Dispostion.Select_Option_Booking_Feedback(Call_Dispostion.java:524)
	at UAT_SIP2.Call_Dispostion.Verify_Booking_Feedback(Call_Dispostion.java:91)
	at java.base/jdk.internal.reflect.DirectMethodHandleAccessor.invoke(DirectMethodHandleAccessor.java:103)
	at java.base/java.lang.reflect.Method.invoke(Method.java:580)
	at org.testng.internal.MethodInvocationHelper.invokeMethod(MethodInvocationHelper.java:133)
	at org.testng.internal.TestInvoker.invokeMethod(TestInvoker.java:598)
	at org.testng.internal.TestInvoker.invokeTestMethod(TestInvoker.java:173)
	at org.testng.internal.MethodRunner.runInSequence(MethodRunner.java:46)
	at org.testng.internal.TestInvoker$MethodInvocationAgent.invoke(TestInvoker.java:824)
	at org.testng.internal.TestInvoker.invokeTestMethods(TestInvoker.java:146)
	at org.testng.internal.TestMethodWorker.invokeTestMethods(TestMethodWorker.java:146)
	at org.testng.internal.TestMethodWorker.run(TestMethodWorker.java:128)
	at java.base/java.util.ArrayList.forEach(ArrayList.java:1596)
	at org.testng.TestRunner.privateRun(TestRunner.java:794)
	at org.testng.TestRunner.run(TestRunner.java:596)
	at org.testng.SuiteRunner.runTest(SuiteRunner.java:377)
	at org.testng.SuiteRunner.runSequentially(SuiteRunner.java:371)
	at org.testng.SuiteRunner.privateRun(SuiteRunner.java:332)
	at org.testng.SuiteRunner.run(SuiteRunner.java:276)
	at org.testng.SuiteRunnerWorker.runSuite(SuiteRunnerWorker.java:53)
	at org.testng.SuiteRunnerWorker.run(SuiteRunnerWorker.java:96)
	at org.testng.TestNG.runSuitesSequentially(TestNG.java:1212)
	at org.testng.TestNG.runSuitesLocally(TestNG.java:1134)
	at org.testng.TestNG.runSuites(TestNG.java:1063)
	at org.testng.TestNG.run(TestNG.java:1031)
	at org.testng.remote.AbstractRemoteTestNG.run(AbstractRemoteTestNG.java:115)
	at org.testng.remote.RemoteTestNG.initAndRun(RemoteTestNG.java:293)
	at org.testng.remote.RemoteTestNG.main(RemoteTestNG.java:91)
</pre></div></td>
<td>10</td>
<td>UAT_SIP2.Call_Dispostion@5fe94a96</td></tr>
</table><p>
<table width='100%' border='1' class='invocation-passed'>
<tr><td colspan='4' align='center'><b>PASSED TESTS</b></td></tr>
<tr><td><b>Test method</b></td>
<td width="30%"><b>Exception</b></td>
<td width="10%"><b>Time (seconds)</b></td>
<td><b>Instance</b></td>
</tr>
<tr>
<td title='UAT_SIP2.Call_Dispostion.NotPickedUp_SuccessMessage()'><b>NotPickedUp_SuccessMessage</b><br>Test class: UAT_SIP2.Call_Dispostion</td>
<td></td>
<td>0</td>
<td>UAT_SIP2.Call_Dispostion@5fe94a96</td></tr>
<tr>
<td title='UAT_SIP2.Call_Dispostion.PopuPhandle()'><b>PopuPhandle</b><br>Test class: UAT_SIP2.Call_Dispostion</td>
<td></td>
<td>6</td>
<td>UAT_SIP2.Call_Dispostion@5fe94a96</td></tr>
<tr>
<td title='UAT_SIP2.Call_Dispostion.Verify_SwitchedOff()'><b>Verify_SwitchedOff</b><br>Test class: UAT_SIP2.Call_Dispostion</td>
<td></td>
<td>4</td>
<td>UAT_SIP2.Call_Dispostion@5fe94a96</td></tr>
<tr>
<td title='UAT_SIP2.Call_Dispostion.ClickOn_NotPickedUp()'><b>ClickOn_NotPickedUp</b><br>Test class: UAT_SIP2.Call_Dispostion</td>
<td></td>
<td>1</td>
<td>UAT_SIP2.Call_Dispostion@5fe94a96</td></tr>
<tr>
<td title='UAT_SIP2.Call_Dispostion.Verify_Call_Me_Later()'><b>Verify_Call_Me_Later</b><br>Test class: UAT_SIP2.Call_Dispostion</td>
<td></td>
<td>6</td>
<td>UAT_SIP2.Call_Dispostion@5fe94a96</td></tr>
<tr>
<td title='UAT_SIP2.Call_Dispostion.Click_On_Customer8()'><b>Click_On_Customer8</b><br>Test class: UAT_SIP2.Call_Dispostion</td>
<td></td>
<td>7</td>
<td>UAT_SIP2.Call_Dispostion@5fe94a96</td></tr>
<tr>
<td title='UAT_SIP2.Call_Dispostion.Verify_NotPickedUp()'><b>Verify_NotPickedUp</b><br>Test class: UAT_SIP2.Call_Dispostion</td>
<td></td>
<td>3</td>
<td>UAT_SIP2.Call_Dispostion@5fe94a96</td></tr>
<tr>
<td title='UAT_SIP2.Call_Dispostion.Click_On_Customer7()'><b>Click_On_Customer7</b><br>Test class: UAT_SIP2.Call_Dispostion</td>
<td></td>
<td>7</td>
<td>UAT_SIP2.Call_Dispostion@5fe94a96</td></tr>
<tr>
<td title='UAT_SIP2.Call_Dispostion.Invalid_Numbers_SuccessMessage()'><b>Invalid_Numbers_SuccessMessage</b><br>Test class: UAT_SIP2.Call_Dispostion</td>
<td></td>
<td>0</td>
<td>UAT_SIP2.Call_Dispostion@5fe94a96</td></tr>
<tr>
<td title='UAT_SIP2.Call_Dispostion.Click_On_Customer9()'><b>Click_On_Customer9</b><br>Test class: UAT_SIP2.Call_Dispostion</td>
<td></td>
<td>7</td>
<td>UAT_SIP2.Call_Dispostion@5fe94a96</td></tr>
<tr>
<td title='UAT_SIP2.Call_Dispostion.Click_On_Call_Dispostion()'><b>Click_On_Call_Dispostion</b><br>Test class: UAT_SIP2.Call_Dispostion</td>
<td></td>
<td>0</td>
<td>UAT_SIP2.Call_Dispostion@5fe94a96</td></tr>
<tr>
<td title='UAT_SIP2.Call_Dispostion.SwitchedOff_SuccessMessage()'><b>SwitchedOff_SuccessMessage</b><br>Test class: UAT_SIP2.Call_Dispostion</td>
<td></td>
<td>0</td>
<td>UAT_SIP2.Call_Dispostion@5fe94a96</td></tr>
<tr>
<td title='UAT_SIP2.Call_Dispostion.Click_On_SIP()'><b>Click_On_SIP</b><br>Test class: UAT_SIP2.Call_Dispostion</td>
<td></td>
<td>4</td>
<td>UAT_SIP2.Call_Dispostion@5fe94a96</td></tr>
<tr>
<td title='UAT_SIP2.Call_Dispostion.Verify_Invalid_Numbers()'><b>Verify_Invalid_Numbers</b><br>Test class: UAT_SIP2.Call_Dispostion</td>
<td></td>
<td>1</td>
<td>UAT_SIP2.Call_Dispostion@5fe94a96</td></tr>
<tr>
<td title='UAT_SIP2.Call_Dispostion.Click_On_Additional_Fillter_To_Clear_Data()'><b>Click_On_Additional_Fillter_To_Clear_Data</b><br>Test class: UAT_SIP2.Call_Dispostion</td>
<td></td>
<td>5</td>
<td>UAT_SIP2.Call_Dispostion@5fe94a96</td></tr>
<tr>
<td title='UAT_SIP2.Call_Dispostion.Dealer_User_Login1()'><b>Dealer_User_Login1</b><br>Test class: UAT_SIP2.Call_Dispostion</td>
<td></td>
<td>4</td>
<td>UAT_SIP2.Call_Dispostion@5fe94a96</td></tr>
<tr>
<td title='UAT_SIP2.Call_Dispostion.Click_On_Customer3()'><b>Click_On_Customer3</b><br>Test class: UAT_SIP2.Call_Dispostion</td>
<td></td>
<td>7</td>
<td>UAT_SIP2.Call_Dispostion@5fe94a96</td></tr>
<tr>
<td title='UAT_SIP2.Call_Dispostion.ClickOn_NumberBusy()'><b>ClickOn_NumberBusy</b><br>Test class: UAT_SIP2.Call_Dispostion</td>
<td></td>
<td>1</td>
<td>UAT_SIP2.Call_Dispostion@5fe94a96</td></tr>
<tr>
<td title='UAT_SIP2.Call_Dispostion.Click_On_Customer2()'><b>Click_On_Customer2</b><br>Test class: UAT_SIP2.Call_Dispostion</td>
<td></td>
<td>7</td>
<td>UAT_SIP2.Call_Dispostion@5fe94a96</td></tr>
<tr>
<td title='UAT_SIP2.Call_Dispostion.Click_On_Customer4()'><b>Click_On_Customer4</b><br>Test class: UAT_SIP2.Call_Dispostion</td>
<td></td>
<td>7</td>
<td>UAT_SIP2.Call_Dispostion@5fe94a96</td></tr>
<tr>
<td title='UAT_SIP2.Call_Dispostion.Call_Me_Later_SuccessMessage()'><b>Call_Me_Later_SuccessMessage</b><br>Test class: UAT_SIP2.Call_Dispostion</td>
<td></td>
<td>0</td>
<td>UAT_SIP2.Call_Dispostion@5fe94a96</td></tr>
<tr>
<td title='UAT_SIP2.Call_Dispostion.NotRechable_SuccessMessage()'><b>NotRechable_SuccessMessage</b><br>Test class: UAT_SIP2.Call_Dispostion</td>
<td></td>
<td>0</td>
<td>UAT_SIP2.Call_Dispostion@5fe94a96</td></tr>
<tr>
<td title='UAT_SIP2.Call_Dispostion.Verify_NotRechable()'><b>Verify_NotRechable</b><br>Test class: UAT_SIP2.Call_Dispostion</td>
<td></td>
<td>4</td>
<td>UAT_SIP2.Call_Dispostion@5fe94a96</td></tr>
<tr>
<td title='UAT_SIP2.Call_Dispostion.Click_On_Customer5()'><b>Click_On_Customer5</b><br>Test class: UAT_SIP2.Call_Dispostion</td>
<td></td>
<td>7</td>
<td>UAT_SIP2.Call_Dispostion@5fe94a96</td></tr>
<tr>
<td title='UAT_SIP2.Call_Dispostion.WrongNumber_SuccessMessage()'><b>WrongNumber_SuccessMessage</b><br>Test class: UAT_SIP2.Call_Dispostion</td>
<td></td>
<td>0</td>
<td>UAT_SIP2.Call_Dispostion@5fe94a96</td></tr>
<tr>
<td title='UAT_SIP2.Call_Dispostion.NumberBusy_SuccessMessage()'><b>NumberBusy_SuccessMessage</b><br>Test class: UAT_SIP2.Call_Dispostion</td>
<td></td>
<td>0</td>
<td>UAT_SIP2.Call_Dispostion@5fe94a96</td></tr>
<tr>
<td title='UAT_SIP2.Call_Dispostion.ClickOn_Invalid_Numbers()'><b>ClickOn_Invalid_Numbers</b><br>Test class: UAT_SIP2.Call_Dispostion</td>
<td></td>
<td>1</td>
<td>UAT_SIP2.Call_Dispostion@5fe94a96</td></tr>
<tr>
<td title='UAT_SIP2.Call_Dispostion.VehicleDelivery_Visit_SuccessMessage()'><b>VehicleDelivery_Visit_SuccessMessage</b><br>Test class: UAT_SIP2.Call_Dispostion</td>
<td></td>
<td>0</td>
<td>UAT_SIP2.Call_Dispostion@5fe94a96</td></tr>
<tr>
<td title='UAT_SIP2.Call_Dispostion.Click_On_Customer6()'><b>Click_On_Customer6</b><br>Test class: UAT_SIP2.Call_Dispostion</td>
<td></td>
<td>7</td>
<td>UAT_SIP2.Call_Dispostion@5fe94a96</td></tr>
<tr>
<td title='UAT_SIP2.Call_Dispostion.ClickOn_SwitchedOff()'><b>ClickOn_SwitchedOff</b><br>Test class: UAT_SIP2.Call_Dispostion</td>
<td></td>
<td>1</td>
<td>UAT_SIP2.Call_Dispostion@5fe94a96</td></tr>
<tr>
<td title='UAT_SIP2.Call_Dispostion.Verify_NumberBusy()'><b>Verify_NumberBusy</b><br>Test class: UAT_SIP2.Call_Dispostion</td>
<td></td>
<td>4</td>
<td>UAT_SIP2.Call_Dispostion@5fe94a96</td></tr>
<tr>
<td title='UAT_SIP2.Call_Dispostion.Verify_WrongNumber()'><b>Verify_WrongNumber</b><br>Test class: UAT_SIP2.Call_Dispostion</td>
<td></td>
<td>1</td>
<td>UAT_SIP2.Call_Dispostion@5fe94a96</td></tr>
<tr>
<td title='UAT_SIP2.Call_Dispostion.ClickOn_NotRechable()'><b>ClickOn_NotRechable</b><br>Test class: UAT_SIP2.Call_Dispostion</td>
<td></td>
<td>1</td>
<td>UAT_SIP2.Call_Dispostion@5fe94a96</td></tr>
<tr>
<td title='UAT_SIP2.Call_Dispostion.Click_On_Customer_Page()'><b>Click_On_Customer_Page</b><br>Test class: UAT_SIP2.Call_Dispostion</td>
<td></td>
<td>0</td>
<td>UAT_SIP2.Call_Dispostion@5fe94a96</td></tr>
<tr>
<td title='UAT_SIP2.Call_Dispostion.Verify_VehicleDelivery_Visit()'><b>Verify_VehicleDelivery_Visit</b><br>Test class: UAT_SIP2.Call_Dispostion</td>
<td></td>
<td>5</td>
<td>UAT_SIP2.Call_Dispostion@5fe94a96</td></tr>
</table><p>
</body>
</html>