<?xml version="1.0" encoding="UTF-8"?>
<!-- Generated by org.testng.reporters.JUnitXMLReporter -->
<testsuite ignored="0" hostname="QA-HIMANSHU-RANJAN" failures="22" tests="81" name="UAT_SIP2" time="378.368" errors="0" timestamp="2025-04-01T17:05:23 IST">
  <testcase classname="UAT_SIP2.Dealer_User_Login" name="PopuPhandle" time="6.595"/>
  <testcase classname="UAT_SIP2.Dealer_User_Login" name="Dealer_User_Login1" time="4.656"/>
  <testcase classname="UAT_SIP2.Dealer_User_Login" name="Click_On_SIP" time="6.033"/>
  <testcase classname="UAT_SIP2.Additional_Fillter" name="Click_On_Additional_Fillter_To_Clear_Data" time="3.337"/>
  <testcase classname="UAT_SIP2.Additional_Fillter" name="Verify_Booking_Date_Fillter" time="7.462"/>
  <testcase classname="UAT_SIP2.Additional_Fillter" name="Verify_MODEL_Fillter" time="5.173"/>
  <testcase classname="UAT_SIP2.Additional_Fillter" name="Verify_Varient_Fillter" time="18.692">
    <failure type="java.lang.AssertionError" message="Varient name select FAILED">
      <![CDATA[java.lang.AssertionError: Varient name select FAILED
at UAT_SIP2.Additional_Fillter.Varient(Additional_Fillter.java:315)
at UAT_SIP2.Additional_Fillter.Verify_Varient_Fillter(Additional_Fillter.java:82)
at java.base/java.util.ArrayList.forEach(ArrayList.java:1596)
... Removed 26 stack frames]]>
    </failure>
  </testcase> <!-- Verify_Varient_Fillter -->
  <testcase classname="UAT_SIP2.Additional_Fillter" name="Verify_Booking_Amount_Fillter" time="5.178"/>
  <testcase classname="UAT_SIP2.Additional_Fillter" name="Verify_Sales_Executive_NAME_Fillter" time="8.211"/>
  <testcase classname="UAT_SIP2.Additional_Fillter" name="Verify_Tentative_DeliveryDATE_Fillter" time="7.512"/>
  <testcase classname="UAT_SIP2.Additional_Fillter" name="Close_Additional_Fillter" time="0.152"/>
  <testcase classname="UAT_SIP2.Pending_Booking_Sorting" name="Click_On_Items_Per_Page" time="0.074"/>
  <testcase classname="UAT_SIP2.Pending_Booking_Sorting" name="Sale_Executive_Name_Sorting" time="2.585">
    <failure type="java.lang.AssertionError" message="(Pending-Booking) Total Count of Sales Executive Name In Lowercase: 17
The following Sales Executive Name are not in uppercase: Ajeet Yadav, Manish Sharma, Manish Sharma, Manish Sharma, Manish Sharma, Rakesh Kumawat, Rakesh Kumawat, Rakesh Kumawat, Rakesh Kumawat, Rakesh Kumawat, Somya Sharma Sharma, Sumer Singh, Sumer Singh, Zaid Qureshi, Zaid Qureshi, Zaid Qureshi, Zaid Qureshi">
      <![CDATA[java.lang.AssertionError: (Pending-Booking) Total Count of Sales Executive Name In Lowercase: 17
The following Sales Executive Name are not in uppercase: Ajeet Yadav, Manish Sharma, Manish Sharma, Manish Sharma, Manish Sharma, Rakesh Kumawat, Rakesh Kumawat, Rakesh Kumawat, Rakesh Kumawat, Rakesh Kumawat, Somya Sharma Sharma, Sumer Singh, Sumer Singh, Zaid Qureshi, Zaid Qureshi, Zaid Qureshi, Zaid Qureshi
at UAT_SIP2.Pending_Booking_Sorting.Sale_Executive_Name_Sorting(Pending_Booking_Sorting.java:72)
at java.base/java.util.ArrayList.forEach(ArrayList.java:1596)
... Removed 26 stack frames]]>
    </failure>
  </testcase> <!-- Sale_Executive_Name_Sorting -->
  <testcase classname="UAT_SIP2.Pending_Booking_Sorting" name="Cutomer_Name_Sorting" time="2.628">
    <failure type="java.lang.AssertionError" message="(Pending-Booking)Total Count of customers name In Lowercase: 1
The following customers name are not in uppercase: shnakr SINGH">
      <![CDATA[java.lang.AssertionError: (Pending-Booking)Total Count of customers name In Lowercase: 1
The following customers name are not in uppercase: shnakr SINGH
at UAT_SIP2.Pending_Booking_Sorting.Cutomer_Name_Sorting(Pending_Booking_Sorting.java:109)
at java.base/java.util.ArrayList.forEach(ArrayList.java:1596)
... Removed 26 stack frames]]>
    </failure>
  </testcase> <!-- Cutomer_Name_Sorting -->
  <testcase classname="UAT_SIP2.Pending_Booking_Sorting" name="verify_Booking_Date_Sorting" time="1.646"/>
  <testcase classname="UAT_SIP2.Pending_Booking_Sorting" name="Model_Name_Sorting" time="2.505">
    <failure type="java.lang.AssertionError" message="(Pending-Booking) Total Count of Model name In Lowercase: 28
The following Model name are not in uppercase: Dazzling New Dzire, Dazzling New Dzire, Dazzling New Dzire, Dazzling New Dzire, Dazzling New Dzire, Dazzling New Dzire, Epic New Swift, Epic New Swift, Epic New Swift, Epic New Swift, Epic New Swift, Epic New Swift, Epic New Swift, Epic New Swift, Epic New Swift, Epic New Swift, Epic New Swift, Epic New Swift, Epic New Swift, Epic New Swift, Epic New Swift, Epic New Swift, Epic New Swift, WagonR, WagonR, WagonR, WagonR, WagonR">
      <![CDATA[java.lang.AssertionError: (Pending-Booking) Total Count of Model name In Lowercase: 28
The following Model name are not in uppercase: Dazzling New Dzire, Dazzling New Dzire, Dazzling New Dzire, Dazzling New Dzire, Dazzling New Dzire, Dazzling New Dzire, Epic New Swift, Epic New Swift, Epic New Swift, Epic New Swift, Epic New Swift, Epic New Swift, Epic New Swift, Epic New Swift, Epic New Swift, Epic New Swift, Epic New Swift, Epic New Swift, Epic New Swift, Epic New Swift, Epic New Swift, Epic New Swift, Epic New Swift, WagonR, WagonR, WagonR, WagonR, WagonR
at UAT_SIP2.Pending_Booking_Sorting.Model_Name_Sorting(Pending_Booking_Sorting.java:169)
at java.base/java.util.ArrayList.forEach(ArrayList.java:1596)
... Removed 26 stack frames]]>
    </failure>
  </testcase> <!-- Model_Name_Sorting -->
  <testcase classname="UAT_SIP2.Pending_Booking_Sorting" name="Varient_Sorting" time="2.518">
    <failure type="java.lang.AssertionError" message="Sorting failed (Pending-Booking) in Varient: Lists differ at element [0]: MARUTI ALTO K10 LXI 1L 5MT != MARUTI EECO 5 STR AC (O) CNG 1.2L 5MT expected [MARUTI ALTO K10 LXI 1L 5MT] but found [MARUTI EECO 5 STR AC (O) CNG 1.2L 5MT]">
      <![CDATA[java.lang.AssertionError: Sorting failed (Pending-Booking) in Varient: Lists differ at element [0]: MARUTI ALTO K10 LXI 1L 5MT != MARUTI EECO 5 STR AC (O) CNG 1.2L 5MT expected [MARUTI ALTO K10 LXI 1L 5MT] but found [MARUTI EECO 5 STR AC (O) CNG 1.2L 5MT]
at UAT_SIP2.Pending_Booking_Sorting.Varient_Sorting(Pending_Booking_Sorting.java:212)
at java.base/java.util.ArrayList.forEach(ArrayList.java:1596)
... Removed 29 stack frames]]>
    </failure>
  </testcase> <!-- Varient_Sorting -->
  <testcase classname="UAT_SIP2.Pending_Booking_Sorting" name="Colour_Sorting" time="2.5"/>
  <testcase classname="UAT_SIP2.Pending_Booking_Sorting" name="Booking_ID_Sorting" time="2.573"/>
  <testcase classname="UAT_SIP2.Cancelled_Booking_Sorting" name="Click_On_Cancelled_Booking" time="2.102"/>
  <testcase classname="UAT_SIP2.Cancelled_Booking_Sorting" name="Click_On_Items_Per_Page" time="0.088"/>
  <testcase classname="UAT_SIP2.Cancelled_Booking_Sorting" name="Sale_Executive_Name_Sorting" time="2.229">
    <failure type="java.lang.AssertionError" message="(Cancelled-Booking) Total Count of Sales Executive Name In Lowercase: 4
The following Sales Executive Name are not in uppercase: Manish Sharma, Rakesh Kumawat, Rakesh Kumawat, Zaid Qureshi">
      <![CDATA[java.lang.AssertionError: (Cancelled-Booking) Total Count of Sales Executive Name In Lowercase: 4
The following Sales Executive Name are not in uppercase: Manish Sharma, Rakesh Kumawat, Rakesh Kumawat, Zaid Qureshi
at UAT_SIP2.Cancelled_Booking_Sorting.Sale_Executive_Name_Sorting(Cancelled_Booking_Sorting.java:79)
at java.base/java.util.ArrayList.forEach(ArrayList.java:1596)
... Removed 26 stack frames]]>
    </failure>
  </testcase> <!-- Sale_Executive_Name_Sorting -->
  <testcase classname="UAT_SIP2.Cancelled_Booking_Sorting" name="Cutomer_Name_Sorting" time="2.192"/>
  <testcase classname="UAT_SIP2.Cancelled_Booking_Sorting" name="verify_Booking_Date_Sorting" time="1.315"/>
  <testcase classname="UAT_SIP2.Cancelled_Booking_Sorting" name="Model_Name_Sorting" time="2.191">
    <failure type="java.lang.AssertionError" message="(Cancelled-Booking) Total Count of Model name In Lowercase: 7
The following Model name are not in uppercase: Dazzling New Dzire, Epic New Swift, Epic New Swift, Epic New Swift, Epic New Swift, Epic New Swift, Epic New Swift">
      <![CDATA[java.lang.AssertionError: (Cancelled-Booking) Total Count of Model name In Lowercase: 7
The following Model name are not in uppercase: Dazzling New Dzire, Epic New Swift, Epic New Swift, Epic New Swift, Epic New Swift, Epic New Swift, Epic New Swift
at UAT_SIP2.Cancelled_Booking_Sorting.Model_Name_Sorting(Cancelled_Booking_Sorting.java:176)
at java.base/java.util.ArrayList.forEach(ArrayList.java:1596)
... Removed 26 stack frames]]>
    </failure>
  </testcase> <!-- Model_Name_Sorting -->
  <testcase classname="UAT_SIP2.Cancelled_Booking_Sorting" name="Varient_Sorting" time="2.205">
    <failure type="java.lang.AssertionError" message="Sorting failed (Cancelled-Booking) in Varient: Lists differ at element [0]: MARUTI ALTO K10 VXI+ (O) 1L 5MT != MARUTI SWIFT ZXI+ expected [MARUTI ALTO K10 VXI+ (O) 1L 5MT] but found [MARUTI SWIFT ZXI+]">
      <![CDATA[java.lang.AssertionError: Sorting failed (Cancelled-Booking) in Varient: Lists differ at element [0]: MARUTI ALTO K10 VXI+ (O) 1L 5MT != MARUTI SWIFT ZXI+ expected [MARUTI ALTO K10 VXI+ (O) 1L 5MT] but found [MARUTI SWIFT ZXI+]
at UAT_SIP2.Cancelled_Booking_Sorting.Varient_Sorting(Cancelled_Booking_Sorting.java:219)
at java.base/java.util.ArrayList.forEach(ArrayList.java:1596)
... Removed 29 stack frames]]>
    </failure>
  </testcase> <!-- Varient_Sorting -->
  <testcase classname="UAT_SIP2.Cancelled_Booking_Sorting" name="Colour_Sorting" time="2.143"/>
  <testcase classname="UAT_SIP2.Cancelled_Booking_Sorting" name="Booking_ID_Sorting" time="2.12"/>
  <testcase classname="UAT_SIP2.Tentative_Waiting_and_Final_Delivery_Date" name="Click_On_Pending_Booking" time="2.034"/>
  <testcase classname="UAT_SIP2.Tentative_Waiting_and_Final_Delivery_Date" name="Booking_Id" time="3.028"/>
  <testcase classname="UAT_SIP2.Tentative_Waiting_and_Final_Delivery_Date" name="Click_Customer" time="2.592"/>
  <testcase classname="UAT_SIP2.Tentative_Waiting_and_Final_Delivery_Date" name="Booking_NO" time="0.022"/>
  <testcase classname="UAT_SIP2.Tentative_Waiting_and_Final_Delivery_Date" name="Tentative_Waiting_Period_Difference" time="3.094">
    <failure type="java.lang.AssertionError" message="(Pending Booking)Tentative Delivery Date does not match the expected difference! expected [-69] but found [5]">
      <![CDATA[java.lang.AssertionError: (Pending Booking)Tentative Delivery Date does not match the expected difference! expected [-69] but found [5]
at UAT_SIP2.Tentative_Waiting_and_Final_Delivery_Date.Tentative_Waiting_Period_Difference(Tentative_Waiting_and_Final_Delivery_Date.java:113)
at java.base/java.util.ArrayList.forEach(ArrayList.java:1596)
... Removed 30 stack frames]]>
    </failure>
  </testcase> <!-- Tentative_Waiting_Period_Difference -->
  <testcase classname="UAT_SIP2.Tentative_Waiting_and_Final_Delivery_Date" name="Edit_Final_Delivery_Date" time="11.327"/>
  <testcase classname="UAT_SIP2.Tentative_Waiting_and_Final_Delivery_Date" name="Verify_Booking_ID" time="0.0"/>
  <testcase classname="UAT_SIP2.Customer_Query" name="Product_Query_Flow" time="10.157"/>
  <testcase classname="UAT_SIP2.Customer_Query" name="Validate_Product_Query" time="1.511"/>
  <testcase classname="UAT_SIP2.Customer_Query" name="Payment_Query_Flow" time="10.126"/>
  <testcase classname="UAT_SIP2.Customer_Query" name="Validate_Payment_Query" time="1.527"/>
  <testcase classname="UAT_SIP2.Customer_Query" name="Extended_Warranty_Payment_Query" time="1.508"/>
  <testcase classname="UAT_SIP2.Customer_Query" name="Extended_Warranty_Query_Flow" time="10.256"/>
  <testcase classname="UAT_SIP2.Customer_Query" name="Maruti_Insurance_Query_Flow" time="10.187"/>
  <testcase classname="UAT_SIP2.Customer_Query" name="Maruti_Insurance_Query" time="1.515"/>
  <testcase classname="UAT_SIP2.Customer_Query" name="Loyalty_Card_Query_Flow" time="10.009"/>
  <testcase classname="UAT_SIP2.Customer_Query" name="Loyalty_Card_Query" time="1.52"/>
  <testcase classname="UAT_SIP2.Customer_Query" name="True_Value_Query_Flow" time="10.09"/>
  <testcase classname="UAT_SIP2.Customer_Query" name="True_Value_Query" time="1.504"/>
  <testcase classname="UAT_SIP2.Customer_Query" name="Delivery_Query_Flow" time="10.064"/>
  <testcase classname="UAT_SIP2.Customer_Query" name="Delivery_Query" time="1.507"/>
  <testcase classname="UAT_SIP2.Customer_Query" name="MSGA_Flow" time="10.023"/>
  <testcase classname="UAT_SIP2.Customer_Query" name="MSGA_Query" time="1.521"/>
  <testcase classname="UAT_SIP2.Customer_Query" name="Booking_Amendment_Flow" time="10.062"/>
  <testcase classname="UAT_SIP2.Customer_Query" name="Booking_Amendment_Query" time="1.522"/>
  <testcase classname="UAT_SIP2.Customer_Query" name="Others_Flow" time="10.053"/>
  <testcase classname="UAT_SIP2.Customer_Query" name="Others_Query" time="1.527"/>
  <testcase classname="UAT_SIP2.Customer_Tag" name="Verify_VIP" time="4.287"/>
  <testcase classname="UAT_SIP2.Customer_Tag" name="Verify_Marriage" time="4.252"/>
  <testcase classname="UAT_SIP2.Customer_Tag" name="Verify_Birthday" time="3.732"/>
  <testcase classname="UAT_SIP2.Customer_Tag" name="Verify_Anniversary" time="4.257"/>
  <testcase classname="UAT_SIP2.Customer_Tag" name="Verify_Other" time="2.75"/>
  <testcase classname="UAT_SIP2.Check_On_Road_Price" name="Click_ChecK_On_ROAD_Price" time="0.647"/>
  <testcase classname="UAT_SIP2.Check_On_Road_Price" name="All_Details_Of_OnRoad_Price" time="1.216">
    <failure type="java.lang.AssertionError" message="TEST FAILED : Check On road PRICE Details is null on Customer Page">
      <![CDATA[java.lang.AssertionError: TEST FAILED : Check On road PRICE Details is null on Customer Page
at UAT_SIP2.Check_On_Road_Price.All_Details_Of_OnRoad_Price(Check_On_Road_Price.java:70)
at java.base/java.util.ArrayList.forEach(ArrayList.java:1596)
... Removed 26 stack frames]]>
    </failure>
  </testcase> <!-- All_Details_Of_OnRoad_Price -->
  <testcase classname="UAT_SIP2.Check_On_Road_Price" name="All_Vehicle_Details" time="0.049"/>
  <testcase classname="UAT_SIP2.Check_On_Road_Price" name="All_PRICE_Details" time="6.612">
    <failure type="java.lang.AssertionError" message="TEST FAILED : PRICE Details is null on Customer Page">
      <![CDATA[java.lang.AssertionError: TEST FAILED : PRICE Details is null on Customer Page
at UAT_SIP2.Check_On_Road_Price.All_PRICE_Details(Check_On_Road_Price.java:90)
at java.base/java.util.ArrayList.forEach(ArrayList.java:1596)
... Removed 26 stack frames]]>
    </failure>
  </testcase> <!-- All_PRICE_Details -->
  <testcase classname="UAT_SIP2.Check_On_Road_Price" name="Validate_Vehicle_Details_with_Check_On_Road_PriceTAB" time="0.001"/>
  <testcase classname="UAT_SIP2.Check_On_Road_Price" name="Validate_Check_On_Road_Price_With_PRICE_DETAILS" time="0.001">
    <failure type="java.lang.NullPointerException" message="Cannot invoke &amp;quot;String.equals(Object)&amp;quot; because &amp;quot;this.EX_Showroom_Price&amp;quot; is null">
      <![CDATA[java.lang.NullPointerException: Cannot invoke "String.equals(Object)" because "this.EX_Showroom_Price" is null
at UAT_SIP2.Check_On_Road_Price.Validate_Check_On_Road_Price_With_PRICE_DETAILS(Check_On_Road_Price.java:117)
at java.base/java.util.ArrayList.forEach(ArrayList.java:1596)
... Removed 25 stack frames]]>
    </failure>
  </testcase> <!-- Validate_Check_On_Road_Price_With_PRICE_DETAILS -->
  <testcase classname="UAT_SIP2.SVOC" name="Customer_Name" time="0.032"/>
  <testcase classname="UAT_SIP2.SVOC" name="SVOC_Customer_Name" time="1.054">
    <failure type="java.lang.AssertionError" message="Test FAILED  :: In (Pending Booking),Customer Name is not showing in SVOC  ::">
      <![CDATA[java.lang.AssertionError: Test FAILED  :: In (Pending Booking),Customer Name is not showing in SVOC  ::
at UAT_SIP2.SVOC.SVOC(SVOC.java:108)
at UAT_SIP2.SVOC.SVOC_Customer_Name(SVOC.java:45)
at java.base/java.util.ArrayList.forEach(ArrayList.java:1596)
... Removed 26 stack frames]]>
    </failure>
  </testcase> <!-- SVOC_Customer_Name -->
  <testcase classname="UAT_SIP2.SVOC" name="Booking_NO" time="0.034"/>
  <testcase classname="UAT_SIP2.Check_Offer" name="Vehicle_Details" time="0.026"/>
  <testcase classname="UAT_SIP2.Check_Offer" name="CHECK_Offer_TAB" time="1.042">
    <failure type="java.lang.AssertionError" message="TEST FAILLED :: Model/Varient is not  is not showing in Check offer TAB ">
      <![CDATA[java.lang.AssertionError: TEST FAILLED :: Model/Varient is not  is not showing in Check offer TAB 
at UAT_SIP2.Check_Offer.Check_Offer(Check_Offer.java:110)
at UAT_SIP2.Check_Offer.CHECK_Offer_TAB(Check_Offer.java:49)
at java.base/java.util.ArrayList.forEach(ArrayList.java:1596)
... Removed 26 stack frames]]>
    </failure>
  </testcase> <!-- CHECK_Offer_TAB -->
  <testcase classname="UAT_SIP2.Check_Offer" name="Verify_Check_Offer_TAB" time="0.001">
    <failure type="java.lang.AssertionError" message="Model names are different in Check Offer TAB
Model names are different in Check Offer TAB">
      <![CDATA[java.lang.AssertionError: Model names are different in Check Offer TAB
Model names are different in Check Offer TAB
at UAT_SIP2.Check_Offer.Verify_Check_Offer_TAB(Check_Offer.java:68)
at java.base/java.util.ArrayList.forEach(ArrayList.java:1596)
... Removed 26 stack frames]]>
    </failure>
  </testcase> <!-- Verify_Check_Offer_TAB -->
  <testcase classname="UAT_SIP2.Documentation_Reports" name="Click_On_BackButton" time="0.63"/>
  <testcase classname="UAT_SIP2.Documentation_Reports" name="Click_On_Documentation_Reports" time="12.849">
    <failure type="java.lang.AssertionError" message="TEST FAILED :: 
 Documentation Reports data is not showing ">
      <![CDATA[java.lang.AssertionError: TEST FAILED :: 
 Documentation Reports data is not showing 
at UAT_SIP2.Documentation_Reports.Click_On_Documentation_Reports(Documentation_Reports.java:51)
at java.base/java.util.ArrayList.forEach(ArrayList.java:1596)
... Removed 26 stack frames]]>
    </failure>
  </testcase> <!-- Click_On_Documentation_Reports -->
  <testcase classname="UAT_SIP2.Documentation_Reports" name="Verify_DealerOutlet_TV01" time="14.13">
    <failure type="java.lang.AssertionError" message="No data found for TV01 ,TEST Failed ">
      <![CDATA[java.lang.AssertionError: No data found for TV01 ,TEST Failed 
at UAT_SIP2.Documentation_Reports.Verify_DealerOutlet_TV01(Documentation_Reports.java:61)
at java.base/java.util.ArrayList.forEach(ArrayList.java:1596)
... Removed 26 stack frames]]>
    </failure>
  </testcase> <!-- Verify_DealerOutlet_TV01 -->
  <testcase classname="UAT_SIP2.Documentation_Reports" name="Verify_DealerOutlet_BZC1" time="13.938">
    <failure type="java.lang.AssertionError" message="No data found for BZC1 ,TEST Failed ">
      <![CDATA[java.lang.AssertionError: No data found for BZC1 ,TEST Failed 
at UAT_SIP2.Documentation_Reports.Verify_DealerOutlet_BZC1(Documentation_Reports.java:71)
at java.base/java.util.ArrayList.forEach(ArrayList.java:1596)
... Removed 26 stack frames]]>
    </failure>
  </testcase> <!-- Verify_DealerOutlet_BZC1 -->
  <testcase classname="UAT_SIP2.Documentation_Reports" name="Verify_DealerOutlet_BZD1" time="13.969">
    <failure type="java.lang.AssertionError" message="No data found for BZD1,TEST Failed ">
      <![CDATA[java.lang.AssertionError: No data found for BZD1,TEST Failed 
at UAT_SIP2.Documentation_Reports.Verify_DealerOutlet_BZD1(Documentation_Reports.java:80)
at java.base/java.util.ArrayList.forEach(ArrayList.java:1596)
... Removed 26 stack frames]]>
    </failure>
  </testcase> <!-- Verify_DealerOutlet_BZD1 -->
  <testcase classname="UAT_SIP2.Documentation_Reports" name="Verify_DealerOutlet_CTQ1" time="14.005">
    <failure type="java.lang.AssertionError" message="No data found for CTQ1 ,TEST Failed ">
      <![CDATA[java.lang.AssertionError: No data found for CTQ1 ,TEST Failed 
at UAT_SIP2.Documentation_Reports.Verify_DealerOutlet_CTQ1(Documentation_Reports.java:89)
at java.base/java.util.ArrayList.forEach(ArrayList.java:1596)
... Removed 26 stack frames]]>
    </failure>
  </testcase> <!-- Verify_DealerOutlet_CTQ1 -->
  <testcase classname="UAT_SIP2.Documentation_Reports" name="Verify_DealerOutlet_SGL1" time="13.965">
    <failure type="java.lang.AssertionError" message="No data found for SGL1 ,TEST Failed ">
      <![CDATA[java.lang.AssertionError: No data found for SGL1 ,TEST Failed 
at UAT_SIP2.Documentation_Reports.Verify_DealerOutlet_SGL1(Documentation_Reports.java:98)
at java.base/java.util.ArrayList.forEach(ArrayList.java:1596)
... Removed 26 stack frames]]>
    </failure>
  </testcase> <!-- Verify_DealerOutlet_SGL1 -->
  <testcase classname="UAT_SIP2.Documentation_Reports" name="Verify_DealerOutlet_K701" time="3.978"/>
  <testcase classname="UAT_SIP2.Documentation_Reports" name="Verify_DealerOutlet_SMD1" time="14.016">
    <failure type="java.lang.AssertionError" message="No data found for SMD1,TEST Failed ">
      <![CDATA[java.lang.AssertionError: No data found for SMD1,TEST Failed 
at UAT_SIP2.Documentation_Reports.Verify_DealerOutlet_SMD1(Documentation_Reports.java:116)
at java.base/java.util.ArrayList.forEach(ArrayList.java:1596)
... Removed 26 stack frames]]>
    </failure>
  </testcase> <!-- Verify_DealerOutlet_SMD1 -->
</testsuite> <!-- UAT_SIP2 -->
