<html>
<head>
<title>TestNG:  UAT_SIP2</title>
<link href="../testng.css" rel="stylesheet" type="text/css" />
<link href="../my-testng.css" rel="stylesheet" type="text/css" />

<style type="text/css">
.log { display: none;} 
.stack-trace { display: none;} 
</style>
<script type="text/javascript">
<!--
function flip(e) {
  current = e.style.display;
  if (current == 'block') {
    e.style.display = 'none';
    return 0;
  }
  else {
    e.style.display = 'block';
    return 1;
  }
}

function toggleBox(szDivId, elem, msg1, msg2)
{
  var res = -1;  if (document.getElementById) {
    res = flip(document.getElementById(szDivId));
  }
  else if (document.all) {
    // this is the way old msie versions work
    res = flip(document.all[szDivId]);
  }
  if(elem) {
    if(res == 0) elem.innerHTML = msg1; else elem.innerHTML = msg2;
  }

}

function toggleAllBoxes() {
  if (document.getElementsByTagName) {
    d = document.getElementsByTagName('div');
    for (i = 0; i < d.length; i++) {
      if (d[i].className == 'log') {
        flip(d[i]);
      }
    }
  }
}

// -->
</script>

</head>
<body>
<h2 align='center'>UAT_SIP2</h2><table border='1' align="center">
<tr>
<td>Tests passed/Failed/Skipped:</td><td>59/22/0</td>
</tr><tr>
<td>Started on:</td><td>Tue Apr 01 16:59:05 IST 2025</td>
</tr>
<tr><td>Total time:</td><td>378 seconds (378368 ms)</td>
</tr><tr>
<td>Included groups:</td><td></td>
</tr><tr>
<td>Excluded groups:</td><td></td>
</tr>
</table><p/>
<small><i>(Hover the method name to see the test class name)</i></small><p/>
<table width='100%' border='1' class='invocation-failed'>
<tr><td colspan='4' align='center'><b>FAILED TESTS</b></td></tr>
<tr><td><b>Test method</b></td>
<td width="30%"><b>Exception</b></td>
<td width="10%"><b>Time (seconds)</b></td>
<td><b>Instance</b></td>
</tr>
<tr>
<td title='UAT_SIP2.Pending_Booking_Sorting.Model_Name_Sorting()'><b>Model_Name_Sorting</b><br>Test class: UAT_SIP2.Pending_Booking_Sorting</td>
<td><div><pre>java.lang.AssertionError: (Pending-Booking) Total Count of Model name In Lowercase: 28
The following Model name are not in uppercase: Dazzling New Dzire, Dazzling New Dzire, Dazzling New Dzire, Dazzling New Dzire, Dazzling New Dzire, Dazzling New Dzire, Epic New Swift, Epic New Swift, Epic New Swift, Epic New Swift, Epic New Swift, Epic New Swift, Epic New Swift, Epic New Swift, Epic New Swift, Epic New Swift, Epic New Swift, Epic New Swift, Epic New Swift, Epic New Swift, Epic New Swift, Epic New Swift, Epic New Swift, WagonR, WagonR, WagonR, WagonR, WagonR
	at UAT_SIP2.Pending_Booking_Sorting.Model_Name_Sorting(Pending_Booking_Sorting.java:169)
	at java.base/java.util.ArrayList.forEach(ArrayList.java:1596)
... Removed 26 stack frames</pre></div><a href='#' onClick='toggleBox("stack-trace2119713755", this, "Click to show all stack frames", "Click to hide stack frames")'>Click to show all stack frames</a>
<div class='stack-trace' id='stack-trace2119713755'><pre>java.lang.AssertionError: (Pending-Booking) Total Count of Model name In Lowercase: 28
The following Model name are not in uppercase: Dazzling New Dzire, Dazzling New Dzire, Dazzling New Dzire, Dazzling New Dzire, Dazzling New Dzire, Dazzling New Dzire, Epic New Swift, Epic New Swift, Epic New Swift, Epic New Swift, Epic New Swift, Epic New Swift, Epic New Swift, Epic New Swift, Epic New Swift, Epic New Swift, Epic New Swift, Epic New Swift, Epic New Swift, Epic New Swift, Epic New Swift, Epic New Swift, Epic New Swift, WagonR, WagonR, WagonR, WagonR, WagonR
	at org.testng.Assert.fail(Assert.java:99)
	at UAT_SIP2.Pending_Booking_Sorting.Model_Name_Sorting(Pending_Booking_Sorting.java:169)
	at java.base/jdk.internal.reflect.DirectMethodHandleAccessor.invoke(DirectMethodHandleAccessor.java:103)
	at java.base/java.lang.reflect.Method.invoke(Method.java:580)
	at org.testng.internal.MethodInvocationHelper.invokeMethod(MethodInvocationHelper.java:133)
	at org.testng.internal.TestInvoker.invokeMethod(TestInvoker.java:598)
	at org.testng.internal.TestInvoker.invokeTestMethod(TestInvoker.java:173)
	at org.testng.internal.MethodRunner.runInSequence(MethodRunner.java:46)
	at org.testng.internal.TestInvoker$MethodInvocationAgent.invoke(TestInvoker.java:824)
	at org.testng.internal.TestInvoker.invokeTestMethods(TestInvoker.java:146)
	at org.testng.internal.TestMethodWorker.invokeTestMethods(TestMethodWorker.java:146)
	at org.testng.internal.TestMethodWorker.run(TestMethodWorker.java:128)
	at java.base/java.util.ArrayList.forEach(ArrayList.java:1596)
	at org.testng.TestRunner.privateRun(TestRunner.java:794)
	at org.testng.TestRunner.run(TestRunner.java:596)
	at org.testng.SuiteRunner.runTest(SuiteRunner.java:377)
	at org.testng.SuiteRunner.runSequentially(SuiteRunner.java:371)
	at org.testng.SuiteRunner.privateRun(SuiteRunner.java:332)
	at org.testng.SuiteRunner.run(SuiteRunner.java:276)
	at org.testng.SuiteRunnerWorker.runSuite(SuiteRunnerWorker.java:53)
	at org.testng.SuiteRunnerWorker.run(SuiteRunnerWorker.java:96)
	at org.testng.TestNG.runSuitesSequentially(TestNG.java:1212)
	at org.testng.TestNG.runSuitesLocally(TestNG.java:1134)
	at org.testng.TestNG.runSuites(TestNG.java:1063)
	at org.testng.TestNG.run(TestNG.java:1031)
	at org.testng.remote.AbstractRemoteTestNG.run(AbstractRemoteTestNG.java:115)
	at org.testng.remote.RemoteTestNG.initAndRun(RemoteTestNG.java:293)
	at org.testng.remote.RemoteTestNG.main(RemoteTestNG.java:91)
</pre></div></td>
<td>2</td>
<td>UAT_SIP2.Pending_Booking_Sorting@3214ee6</td></tr>
<tr>
<td title='UAT_SIP2.Cancelled_Booking_Sorting.Model_Name_Sorting()'><b>Model_Name_Sorting</b><br>Test class: UAT_SIP2.Cancelled_Booking_Sorting</td>
<td><div><pre>java.lang.AssertionError: (Cancelled-Booking) Total Count of Model name In Lowercase: 7
The following Model name are not in uppercase: Dazzling New Dzire, Epic New Swift, Epic New Swift, Epic New Swift, Epic New Swift, Epic New Swift, Epic New Swift
	at UAT_SIP2.Cancelled_Booking_Sorting.Model_Name_Sorting(Cancelled_Booking_Sorting.java:176)
	at java.base/java.util.ArrayList.forEach(ArrayList.java:1596)
... Removed 26 stack frames</pre></div><a href='#' onClick='toggleBox("stack-trace1701388960", this, "Click to show all stack frames", "Click to hide stack frames")'>Click to show all stack frames</a>
<div class='stack-trace' id='stack-trace1701388960'><pre>java.lang.AssertionError: (Cancelled-Booking) Total Count of Model name In Lowercase: 7
The following Model name are not in uppercase: Dazzling New Dzire, Epic New Swift, Epic New Swift, Epic New Swift, Epic New Swift, Epic New Swift, Epic New Swift
	at org.testng.Assert.fail(Assert.java:99)
	at UAT_SIP2.Cancelled_Booking_Sorting.Model_Name_Sorting(Cancelled_Booking_Sorting.java:176)
	at java.base/jdk.internal.reflect.DirectMethodHandleAccessor.invoke(DirectMethodHandleAccessor.java:103)
	at java.base/java.lang.reflect.Method.invoke(Method.java:580)
	at org.testng.internal.MethodInvocationHelper.invokeMethod(MethodInvocationHelper.java:133)
	at org.testng.internal.TestInvoker.invokeMethod(TestInvoker.java:598)
	at org.testng.internal.TestInvoker.invokeTestMethod(TestInvoker.java:173)
	at org.testng.internal.MethodRunner.runInSequence(MethodRunner.java:46)
	at org.testng.internal.TestInvoker$MethodInvocationAgent.invoke(TestInvoker.java:824)
	at org.testng.internal.TestInvoker.invokeTestMethods(TestInvoker.java:146)
	at org.testng.internal.TestMethodWorker.invokeTestMethods(TestMethodWorker.java:146)
	at org.testng.internal.TestMethodWorker.run(TestMethodWorker.java:128)
	at java.base/java.util.ArrayList.forEach(ArrayList.java:1596)
	at org.testng.TestRunner.privateRun(TestRunner.java:794)
	at org.testng.TestRunner.run(TestRunner.java:596)
	at org.testng.SuiteRunner.runTest(SuiteRunner.java:377)
	at org.testng.SuiteRunner.runSequentially(SuiteRunner.java:371)
	at org.testng.SuiteRunner.privateRun(SuiteRunner.java:332)
	at org.testng.SuiteRunner.run(SuiteRunner.java:276)
	at org.testng.SuiteRunnerWorker.runSuite(SuiteRunnerWorker.java:53)
	at org.testng.SuiteRunnerWorker.run(SuiteRunnerWorker.java:96)
	at org.testng.TestNG.runSuitesSequentially(TestNG.java:1212)
	at org.testng.TestNG.runSuitesLocally(TestNG.java:1134)
	at org.testng.TestNG.runSuites(TestNG.java:1063)
	at org.testng.TestNG.run(TestNG.java:1031)
	at org.testng.remote.AbstractRemoteTestNG.run(AbstractRemoteTestNG.java:115)
	at org.testng.remote.RemoteTestNG.initAndRun(RemoteTestNG.java:293)
	at org.testng.remote.RemoteTestNG.main(RemoteTestNG.java:91)
</pre></div></td>
<td>2</td>
<td>UAT_SIP2.Cancelled_Booking_Sorting@383dc82c</td></tr>
<tr>
<td title='UAT_SIP2.Check_Offer.CHECK_Offer_TAB()'><b>CHECK_Offer_TAB</b><br>Test class: UAT_SIP2.Check_Offer</td>
<td><div><pre>java.lang.AssertionError: TEST FAILLED :: Model/Varient is not  is not showing in Check offer TAB 
	at UAT_SIP2.Check_Offer.Check_Offer(Check_Offer.java:110)
	at UAT_SIP2.Check_Offer.CHECK_Offer_TAB(Check_Offer.java:49)
	at java.base/java.util.ArrayList.forEach(ArrayList.java:1596)
... Removed 26 stack frames</pre></div><a href='#' onClick='toggleBox("stack-trace44007732", this, "Click to show all stack frames", "Click to hide stack frames")'>Click to show all stack frames</a>
<div class='stack-trace' id='stack-trace44007732'><pre>java.lang.AssertionError: TEST FAILLED :: Model/Varient is not  is not showing in Check offer TAB 
	at org.testng.Assert.fail(Assert.java:99)
	at UAT_SIP2.Check_Offer.Check_Offer(Check_Offer.java:110)
	at UAT_SIP2.Check_Offer.CHECK_Offer_TAB(Check_Offer.java:49)
	at java.base/jdk.internal.reflect.DirectMethodHandleAccessor.invoke(DirectMethodHandleAccessor.java:103)
	at java.base/java.lang.reflect.Method.invoke(Method.java:580)
	at org.testng.internal.MethodInvocationHelper.invokeMethod(MethodInvocationHelper.java:133)
	at org.testng.internal.TestInvoker.invokeMethod(TestInvoker.java:598)
	at org.testng.internal.TestInvoker.invokeTestMethod(TestInvoker.java:173)
	at org.testng.internal.MethodRunner.runInSequence(MethodRunner.java:46)
	at org.testng.internal.TestInvoker$MethodInvocationAgent.invoke(TestInvoker.java:824)
	at org.testng.internal.TestInvoker.invokeTestMethods(TestInvoker.java:146)
	at org.testng.internal.TestMethodWorker.invokeTestMethods(TestMethodWorker.java:146)
	at org.testng.internal.TestMethodWorker.run(TestMethodWorker.java:128)
	at java.base/java.util.ArrayList.forEach(ArrayList.java:1596)
	at org.testng.TestRunner.privateRun(TestRunner.java:794)
	at org.testng.TestRunner.run(TestRunner.java:596)
	at org.testng.SuiteRunner.runTest(SuiteRunner.java:377)
	at org.testng.SuiteRunner.runSequentially(SuiteRunner.java:371)
	at org.testng.SuiteRunner.privateRun(SuiteRunner.java:332)
	at org.testng.SuiteRunner.run(SuiteRunner.java:276)
	at org.testng.SuiteRunnerWorker.runSuite(SuiteRunnerWorker.java:53)
	at org.testng.SuiteRunnerWorker.run(SuiteRunnerWorker.java:96)
	at org.testng.TestNG.runSuitesSequentially(TestNG.java:1212)
	at org.testng.TestNG.runSuitesLocally(TestNG.java:1134)
	at org.testng.TestNG.runSuites(TestNG.java:1063)
	at org.testng.TestNG.run(TestNG.java:1031)
	at org.testng.remote.AbstractRemoteTestNG.run(AbstractRemoteTestNG.java:115)
	at org.testng.remote.RemoteTestNG.initAndRun(RemoteTestNG.java:293)
	at org.testng.remote.RemoteTestNG.main(RemoteTestNG.java:91)
</pre></div></td>
<td>1</td>
<td>UAT_SIP2.Check_Offer@2f01783a</td></tr>
<tr>
<td title='UAT_SIP2.Documentation_Reports.Verify_DealerOutlet_SGL1()'><b>Verify_DealerOutlet_SGL1</b><br>Test class: UAT_SIP2.Documentation_Reports</td>
<td><div><pre>java.lang.AssertionError: No data found for SGL1 ,TEST Failed 
	at UAT_SIP2.Documentation_Reports.Verify_DealerOutlet_SGL1(Documentation_Reports.java:98)
	at java.base/java.util.ArrayList.forEach(ArrayList.java:1596)
... Removed 26 stack frames</pre></div><a href='#' onClick='toggleBox("stack-trace758057380", this, "Click to show all stack frames", "Click to hide stack frames")'>Click to show all stack frames</a>
<div class='stack-trace' id='stack-trace758057380'><pre>java.lang.AssertionError: No data found for SGL1 ,TEST Failed 
	at org.testng.Assert.fail(Assert.java:99)
	at UAT_SIP2.Documentation_Reports.Verify_DealerOutlet_SGL1(Documentation_Reports.java:98)
	at java.base/jdk.internal.reflect.DirectMethodHandleAccessor.invoke(DirectMethodHandleAccessor.java:103)
	at java.base/java.lang.reflect.Method.invoke(Method.java:580)
	at org.testng.internal.MethodInvocationHelper.invokeMethod(MethodInvocationHelper.java:133)
	at org.testng.internal.TestInvoker.invokeMethod(TestInvoker.java:598)
	at org.testng.internal.TestInvoker.invokeTestMethod(TestInvoker.java:173)
	at org.testng.internal.MethodRunner.runInSequence(MethodRunner.java:46)
	at org.testng.internal.TestInvoker$MethodInvocationAgent.invoke(TestInvoker.java:824)
	at org.testng.internal.TestInvoker.invokeTestMethods(TestInvoker.java:146)
	at org.testng.internal.TestMethodWorker.invokeTestMethods(TestMethodWorker.java:146)
	at org.testng.internal.TestMethodWorker.run(TestMethodWorker.java:128)
	at java.base/java.util.ArrayList.forEach(ArrayList.java:1596)
	at org.testng.TestRunner.privateRun(TestRunner.java:794)
	at org.testng.TestRunner.run(TestRunner.java:596)
	at org.testng.SuiteRunner.runTest(SuiteRunner.java:377)
	at org.testng.SuiteRunner.runSequentially(SuiteRunner.java:371)
	at org.testng.SuiteRunner.privateRun(SuiteRunner.java:332)
	at org.testng.SuiteRunner.run(SuiteRunner.java:276)
	at org.testng.SuiteRunnerWorker.runSuite(SuiteRunnerWorker.java:53)
	at org.testng.SuiteRunnerWorker.run(SuiteRunnerWorker.java:96)
	at org.testng.TestNG.runSuitesSequentially(TestNG.java:1212)
	at org.testng.TestNG.runSuitesLocally(TestNG.java:1134)
	at org.testng.TestNG.runSuites(TestNG.java:1063)
	at org.testng.TestNG.run(TestNG.java:1031)
	at org.testng.remote.AbstractRemoteTestNG.run(AbstractRemoteTestNG.java:115)
	at org.testng.remote.RemoteTestNG.initAndRun(RemoteTestNG.java:293)
	at org.testng.remote.RemoteTestNG.main(RemoteTestNG.java:91)
</pre></div></td>
<td>13</td>
<td>UAT_SIP2.Documentation_Reports@68878f6d</td></tr>
<tr>
<td title='UAT_SIP2.Documentation_Reports.Verify_DealerOutlet_SMD1()'><b>Verify_DealerOutlet_SMD1</b><br>Test class: UAT_SIP2.Documentation_Reports</td>
<td><div><pre>java.lang.AssertionError: No data found for SMD1,TEST Failed 
	at UAT_SIP2.Documentation_Reports.Verify_DealerOutlet_SMD1(Documentation_Reports.java:116)
	at java.base/java.util.ArrayList.forEach(ArrayList.java:1596)
... Removed 26 stack frames</pre></div><a href='#' onClick='toggleBox("stack-trace678631391", this, "Click to show all stack frames", "Click to hide stack frames")'>Click to show all stack frames</a>
<div class='stack-trace' id='stack-trace678631391'><pre>java.lang.AssertionError: No data found for SMD1,TEST Failed 
	at org.testng.Assert.fail(Assert.java:99)
	at UAT_SIP2.Documentation_Reports.Verify_DealerOutlet_SMD1(Documentation_Reports.java:116)
	at java.base/jdk.internal.reflect.DirectMethodHandleAccessor.invoke(DirectMethodHandleAccessor.java:103)
	at java.base/java.lang.reflect.Method.invoke(Method.java:580)
	at org.testng.internal.MethodInvocationHelper.invokeMethod(MethodInvocationHelper.java:133)
	at org.testng.internal.TestInvoker.invokeMethod(TestInvoker.java:598)
	at org.testng.internal.TestInvoker.invokeTestMethod(TestInvoker.java:173)
	at org.testng.internal.MethodRunner.runInSequence(MethodRunner.java:46)
	at org.testng.internal.TestInvoker$MethodInvocationAgent.invoke(TestInvoker.java:824)
	at org.testng.internal.TestInvoker.invokeTestMethods(TestInvoker.java:146)
	at org.testng.internal.TestMethodWorker.invokeTestMethods(TestMethodWorker.java:146)
	at org.testng.internal.TestMethodWorker.run(TestMethodWorker.java:128)
	at java.base/java.util.ArrayList.forEach(ArrayList.java:1596)
	at org.testng.TestRunner.privateRun(TestRunner.java:794)
	at org.testng.TestRunner.run(TestRunner.java:596)
	at org.testng.SuiteRunner.runTest(SuiteRunner.java:377)
	at org.testng.SuiteRunner.runSequentially(SuiteRunner.java:371)
	at org.testng.SuiteRunner.privateRun(SuiteRunner.java:332)
	at org.testng.SuiteRunner.run(SuiteRunner.java:276)
	at org.testng.SuiteRunnerWorker.runSuite(SuiteRunnerWorker.java:53)
	at org.testng.SuiteRunnerWorker.run(SuiteRunnerWorker.java:96)
	at org.testng.TestNG.runSuitesSequentially(TestNG.java:1212)
	at org.testng.TestNG.runSuitesLocally(TestNG.java:1134)
	at org.testng.TestNG.runSuites(TestNG.java:1063)
	at org.testng.TestNG.run(TestNG.java:1031)
	at org.testng.remote.AbstractRemoteTestNG.run(AbstractRemoteTestNG.java:115)
	at org.testng.remote.RemoteTestNG.initAndRun(RemoteTestNG.java:293)
	at org.testng.remote.RemoteTestNG.main(RemoteTestNG.java:91)
</pre></div></td>
<td>14</td>
<td>UAT_SIP2.Documentation_Reports@68878f6d</td></tr>
<tr>
<td title='UAT_SIP2.Cancelled_Booking_Sorting.Sale_Executive_Name_Sorting()'><b>Sale_Executive_Name_Sorting</b><br>Test class: UAT_SIP2.Cancelled_Booking_Sorting</td>
<td><div><pre>java.lang.AssertionError: (Cancelled-Booking) Total Count of Sales Executive Name In Lowercase: 4
The following Sales Executive Name are not in uppercase: Manish Sharma, Rakesh Kumawat, Rakesh Kumawat, Zaid Qureshi
	at UAT_SIP2.Cancelled_Booking_Sorting.Sale_Executive_Name_Sorting(Cancelled_Booking_Sorting.java:79)
	at java.base/java.util.ArrayList.forEach(ArrayList.java:1596)
... Removed 26 stack frames</pre></div><a href='#' onClick='toggleBox("stack-trace670996243", this, "Click to show all stack frames", "Click to hide stack frames")'>Click to show all stack frames</a>
<div class='stack-trace' id='stack-trace670996243'><pre>java.lang.AssertionError: (Cancelled-Booking) Total Count of Sales Executive Name In Lowercase: 4
The following Sales Executive Name are not in uppercase: Manish Sharma, Rakesh Kumawat, Rakesh Kumawat, Zaid Qureshi
	at org.testng.Assert.fail(Assert.java:99)
	at UAT_SIP2.Cancelled_Booking_Sorting.Sale_Executive_Name_Sorting(Cancelled_Booking_Sorting.java:79)
	at java.base/jdk.internal.reflect.DirectMethodHandleAccessor.invoke(DirectMethodHandleAccessor.java:103)
	at java.base/java.lang.reflect.Method.invoke(Method.java:580)
	at org.testng.internal.MethodInvocationHelper.invokeMethod(MethodInvocationHelper.java:133)
	at org.testng.internal.TestInvoker.invokeMethod(TestInvoker.java:598)
	at org.testng.internal.TestInvoker.invokeTestMethod(TestInvoker.java:173)
	at org.testng.internal.MethodRunner.runInSequence(MethodRunner.java:46)
	at org.testng.internal.TestInvoker$MethodInvocationAgent.invoke(TestInvoker.java:824)
	at org.testng.internal.TestInvoker.invokeTestMethods(TestInvoker.java:146)
	at org.testng.internal.TestMethodWorker.invokeTestMethods(TestMethodWorker.java:146)
	at org.testng.internal.TestMethodWorker.run(TestMethodWorker.java:128)
	at java.base/java.util.ArrayList.forEach(ArrayList.java:1596)
	at org.testng.TestRunner.privateRun(TestRunner.java:794)
	at org.testng.TestRunner.run(TestRunner.java:596)
	at org.testng.SuiteRunner.runTest(SuiteRunner.java:377)
	at org.testng.SuiteRunner.runSequentially(SuiteRunner.java:371)
	at org.testng.SuiteRunner.privateRun(SuiteRunner.java:332)
	at org.testng.SuiteRunner.run(SuiteRunner.java:276)
	at org.testng.SuiteRunnerWorker.runSuite(SuiteRunnerWorker.java:53)
	at org.testng.SuiteRunnerWorker.run(SuiteRunnerWorker.java:96)
	at org.testng.TestNG.runSuitesSequentially(TestNG.java:1212)
	at org.testng.TestNG.runSuitesLocally(TestNG.java:1134)
	at org.testng.TestNG.runSuites(TestNG.java:1063)
	at org.testng.TestNG.run(TestNG.java:1031)
	at org.testng.remote.AbstractRemoteTestNG.run(AbstractRemoteTestNG.java:115)
	at org.testng.remote.RemoteTestNG.initAndRun(RemoteTestNG.java:293)
	at org.testng.remote.RemoteTestNG.main(RemoteTestNG.java:91)
</pre></div></td>
<td>2</td>
<td>UAT_SIP2.Cancelled_Booking_Sorting@383dc82c</td></tr>
<tr>
<td title='UAT_SIP2.Documentation_Reports.Verify_DealerOutlet_BZC1()'><b>Verify_DealerOutlet_BZC1</b><br>Test class: UAT_SIP2.Documentation_Reports</td>
<td><div><pre>java.lang.AssertionError: No data found for BZC1 ,TEST Failed 
	at UAT_SIP2.Documentation_Reports.Verify_DealerOutlet_BZC1(Documentation_Reports.java:71)
	at java.base/java.util.ArrayList.forEach(ArrayList.java:1596)
... Removed 26 stack frames</pre></div><a href='#' onClick='toggleBox("stack-trace580515543", this, "Click to show all stack frames", "Click to hide stack frames")'>Click to show all stack frames</a>
<div class='stack-trace' id='stack-trace580515543'><pre>java.lang.AssertionError: No data found for BZC1 ,TEST Failed 
	at org.testng.Assert.fail(Assert.java:99)
	at UAT_SIP2.Documentation_Reports.Verify_DealerOutlet_BZC1(Documentation_Reports.java:71)
	at java.base/jdk.internal.reflect.DirectMethodHandleAccessor.invoke(DirectMethodHandleAccessor.java:103)
	at java.base/java.lang.reflect.Method.invoke(Method.java:580)
	at org.testng.internal.MethodInvocationHelper.invokeMethod(MethodInvocationHelper.java:133)
	at org.testng.internal.TestInvoker.invokeMethod(TestInvoker.java:598)
	at org.testng.internal.TestInvoker.invokeTestMethod(TestInvoker.java:173)
	at org.testng.internal.MethodRunner.runInSequence(MethodRunner.java:46)
	at org.testng.internal.TestInvoker$MethodInvocationAgent.invoke(TestInvoker.java:824)
	at org.testng.internal.TestInvoker.invokeTestMethods(TestInvoker.java:146)
	at org.testng.internal.TestMethodWorker.invokeTestMethods(TestMethodWorker.java:146)
	at org.testng.internal.TestMethodWorker.run(TestMethodWorker.java:128)
	at java.base/java.util.ArrayList.forEach(ArrayList.java:1596)
	at org.testng.TestRunner.privateRun(TestRunner.java:794)
	at org.testng.TestRunner.run(TestRunner.java:596)
	at org.testng.SuiteRunner.runTest(SuiteRunner.java:377)
	at org.testng.SuiteRunner.runSequentially(SuiteRunner.java:371)
	at org.testng.SuiteRunner.privateRun(SuiteRunner.java:332)
	at org.testng.SuiteRunner.run(SuiteRunner.java:276)
	at org.testng.SuiteRunnerWorker.runSuite(SuiteRunnerWorker.java:53)
	at org.testng.SuiteRunnerWorker.run(SuiteRunnerWorker.java:96)
	at org.testng.TestNG.runSuitesSequentially(TestNG.java:1212)
	at org.testng.TestNG.runSuitesLocally(TestNG.java:1134)
	at org.testng.TestNG.runSuites(TestNG.java:1063)
	at org.testng.TestNG.run(TestNG.java:1031)
	at org.testng.remote.AbstractRemoteTestNG.run(AbstractRemoteTestNG.java:115)
	at org.testng.remote.RemoteTestNG.initAndRun(RemoteTestNG.java:293)
	at org.testng.remote.RemoteTestNG.main(RemoteTestNG.java:91)
</pre></div></td>
<td>13</td>
<td>UAT_SIP2.Documentation_Reports@68878f6d</td></tr>
<tr>
<td title='UAT_SIP2.Pending_Booking_Sorting.Cutomer_Name_Sorting()'><b>Cutomer_Name_Sorting</b><br>Test class: UAT_SIP2.Pending_Booking_Sorting</td>
<td><div><pre>java.lang.AssertionError: (Pending-Booking)Total Count of customers name In Lowercase: 1
The following customers name are not in uppercase: shnakr SINGH
	at UAT_SIP2.Pending_Booking_Sorting.Cutomer_Name_Sorting(Pending_Booking_Sorting.java:109)
	at java.base/java.util.ArrayList.forEach(ArrayList.java:1596)
... Removed 26 stack frames</pre></div><a href='#' onClick='toggleBox("stack-trace387201851", this, "Click to show all stack frames", "Click to hide stack frames")'>Click to show all stack frames</a>
<div class='stack-trace' id='stack-trace387201851'><pre>java.lang.AssertionError: (Pending-Booking)Total Count of customers name In Lowercase: 1
The following customers name are not in uppercase: shnakr SINGH
	at org.testng.Assert.fail(Assert.java:99)
	at UAT_SIP2.Pending_Booking_Sorting.Cutomer_Name_Sorting(Pending_Booking_Sorting.java:109)
	at java.base/jdk.internal.reflect.DirectMethodHandleAccessor.invoke(DirectMethodHandleAccessor.java:103)
	at java.base/java.lang.reflect.Method.invoke(Method.java:580)
	at org.testng.internal.MethodInvocationHelper.invokeMethod(MethodInvocationHelper.java:133)
	at org.testng.internal.TestInvoker.invokeMethod(TestInvoker.java:598)
	at org.testng.internal.TestInvoker.invokeTestMethod(TestInvoker.java:173)
	at org.testng.internal.MethodRunner.runInSequence(MethodRunner.java:46)
	at org.testng.internal.TestInvoker$MethodInvocationAgent.invoke(TestInvoker.java:824)
	at org.testng.internal.TestInvoker.invokeTestMethods(TestInvoker.java:146)
	at org.testng.internal.TestMethodWorker.invokeTestMethods(TestMethodWorker.java:146)
	at org.testng.internal.TestMethodWorker.run(TestMethodWorker.java:128)
	at java.base/java.util.ArrayList.forEach(ArrayList.java:1596)
	at org.testng.TestRunner.privateRun(TestRunner.java:794)
	at org.testng.TestRunner.run(TestRunner.java:596)
	at org.testng.SuiteRunner.runTest(SuiteRunner.java:377)
	at org.testng.SuiteRunner.runSequentially(SuiteRunner.java:371)
	at org.testng.SuiteRunner.privateRun(SuiteRunner.java:332)
	at org.testng.SuiteRunner.run(SuiteRunner.java:276)
	at org.testng.SuiteRunnerWorker.runSuite(SuiteRunnerWorker.java:53)
	at org.testng.SuiteRunnerWorker.run(SuiteRunnerWorker.java:96)
	at org.testng.TestNG.runSuitesSequentially(TestNG.java:1212)
	at org.testng.TestNG.runSuitesLocally(TestNG.java:1134)
	at org.testng.TestNG.runSuites(TestNG.java:1063)
	at org.testng.TestNG.run(TestNG.java:1031)
	at org.testng.remote.AbstractRemoteTestNG.run(AbstractRemoteTestNG.java:115)
	at org.testng.remote.RemoteTestNG.initAndRun(RemoteTestNG.java:293)
	at org.testng.remote.RemoteTestNG.main(RemoteTestNG.java:91)
</pre></div></td>
<td>2</td>
<td>UAT_SIP2.Pending_Booking_Sorting@3214ee6</td></tr>
<tr>
<td title='UAT_SIP2.Check_On_Road_Price.All_Details_Of_OnRoad_Price()'><b>All_Details_Of_OnRoad_Price</b><br>Test class: UAT_SIP2.Check_On_Road_Price</td>
<td><div><pre>java.lang.AssertionError: TEST FAILED : Check On road PRICE Details is null on Customer Page
	at UAT_SIP2.Check_On_Road_Price.All_Details_Of_OnRoad_Price(Check_On_Road_Price.java:70)
	at java.base/java.util.ArrayList.forEach(ArrayList.java:1596)
... Removed 26 stack frames</pre></div><a href='#' onClick='toggleBox("stack-trace512478459", this, "Click to show all stack frames", "Click to hide stack frames")'>Click to show all stack frames</a>
<div class='stack-trace' id='stack-trace512478459'><pre>java.lang.AssertionError: TEST FAILED : Check On road PRICE Details is null on Customer Page
	at org.testng.Assert.fail(Assert.java:99)
	at UAT_SIP2.Check_On_Road_Price.All_Details_Of_OnRoad_Price(Check_On_Road_Price.java:70)
	at java.base/jdk.internal.reflect.DirectMethodHandleAccessor.invoke(DirectMethodHandleAccessor.java:103)
	at java.base/java.lang.reflect.Method.invoke(Method.java:580)
	at org.testng.internal.MethodInvocationHelper.invokeMethod(MethodInvocationHelper.java:133)
	at org.testng.internal.TestInvoker.invokeMethod(TestInvoker.java:598)
	at org.testng.internal.TestInvoker.invokeTestMethod(TestInvoker.java:173)
	at org.testng.internal.MethodRunner.runInSequence(MethodRunner.java:46)
	at org.testng.internal.TestInvoker$MethodInvocationAgent.invoke(TestInvoker.java:824)
	at org.testng.internal.TestInvoker.invokeTestMethods(TestInvoker.java:146)
	at org.testng.internal.TestMethodWorker.invokeTestMethods(TestMethodWorker.java:146)
	at org.testng.internal.TestMethodWorker.run(TestMethodWorker.java:128)
	at java.base/java.util.ArrayList.forEach(ArrayList.java:1596)
	at org.testng.TestRunner.privateRun(TestRunner.java:794)
	at org.testng.TestRunner.run(TestRunner.java:596)
	at org.testng.SuiteRunner.runTest(SuiteRunner.java:377)
	at org.testng.SuiteRunner.runSequentially(SuiteRunner.java:371)
	at org.testng.SuiteRunner.privateRun(SuiteRunner.java:332)
	at org.testng.SuiteRunner.run(SuiteRunner.java:276)
	at org.testng.SuiteRunnerWorker.runSuite(SuiteRunnerWorker.java:53)
	at org.testng.SuiteRunnerWorker.run(SuiteRunnerWorker.java:96)
	at org.testng.TestNG.runSuitesSequentially(TestNG.java:1212)
	at org.testng.TestNG.runSuitesLocally(TestNG.java:1134)
	at org.testng.TestNG.runSuites(TestNG.java:1063)
	at org.testng.TestNG.run(TestNG.java:1031)
	at org.testng.remote.AbstractRemoteTestNG.run(AbstractRemoteTestNG.java:115)
	at org.testng.remote.RemoteTestNG.initAndRun(RemoteTestNG.java:293)
	at org.testng.remote.RemoteTestNG.main(RemoteTestNG.java:91)
</pre></div></td>
<td>1</td>
<td>UAT_SIP2.Check_On_Road_Price@5f9edf14</td></tr>
<tr>
<td title='UAT_SIP2.Check_On_Road_Price.Validate_Check_On_Road_Price_With_PRICE_DETAILS()'><b>Validate_Check_On_Road_Price_With_PRICE_DETAILS</b><br>Test class: UAT_SIP2.Check_On_Road_Price</td>
<td><div><pre>java.lang.NullPointerException: Cannot invoke &quot;String.equals(Object)&quot; because &quot;this.EX_Showroom_Price&quot; is null
	at UAT_SIP2.Check_On_Road_Price.Validate_Check_On_Road_Price_With_PRICE_DETAILS(Check_On_Road_Price.java:117)
	at java.base/java.util.ArrayList.forEach(ArrayList.java:1596)
... Removed 25 stack frames</pre></div><a href='#' onClick='toggleBox("stack-trace1999583807", this, "Click to show all stack frames", "Click to hide stack frames")'>Click to show all stack frames</a>
<div class='stack-trace' id='stack-trace1999583807'><pre>java.lang.NullPointerException: Cannot invoke &quot;String.equals(Object)&quot; because &quot;this.EX_Showroom_Price&quot; is null
	at UAT_SIP2.Check_On_Road_Price.Validate_Check_On_Road_Price_With_PRICE_DETAILS(Check_On_Road_Price.java:117)
	at java.base/jdk.internal.reflect.DirectMethodHandleAccessor.invoke(DirectMethodHandleAccessor.java:103)
	at java.base/java.lang.reflect.Method.invoke(Method.java:580)
	at org.testng.internal.MethodInvocationHelper.invokeMethod(MethodInvocationHelper.java:133)
	at org.testng.internal.TestInvoker.invokeMethod(TestInvoker.java:598)
	at org.testng.internal.TestInvoker.invokeTestMethod(TestInvoker.java:173)
	at org.testng.internal.MethodRunner.runInSequence(MethodRunner.java:46)
	at org.testng.internal.TestInvoker$MethodInvocationAgent.invoke(TestInvoker.java:824)
	at org.testng.internal.TestInvoker.invokeTestMethods(TestInvoker.java:146)
	at org.testng.internal.TestMethodWorker.invokeTestMethods(TestMethodWorker.java:146)
	at org.testng.internal.TestMethodWorker.run(TestMethodWorker.java:128)
	at java.base/java.util.ArrayList.forEach(ArrayList.java:1596)
	at org.testng.TestRunner.privateRun(TestRunner.java:794)
	at org.testng.TestRunner.run(TestRunner.java:596)
	at org.testng.SuiteRunner.runTest(SuiteRunner.java:377)
	at org.testng.SuiteRunner.runSequentially(SuiteRunner.java:371)
	at org.testng.SuiteRunner.privateRun(SuiteRunner.java:332)
	at org.testng.SuiteRunner.run(SuiteRunner.java:276)
	at org.testng.SuiteRunnerWorker.runSuite(SuiteRunnerWorker.java:53)
	at org.testng.SuiteRunnerWorker.run(SuiteRunnerWorker.java:96)
	at org.testng.TestNG.runSuitesSequentially(TestNG.java:1212)
	at org.testng.TestNG.runSuitesLocally(TestNG.java:1134)
	at org.testng.TestNG.runSuites(TestNG.java:1063)
	at org.testng.TestNG.run(TestNG.java:1031)
	at org.testng.remote.AbstractRemoteTestNG.run(AbstractRemoteTestNG.java:115)
	at org.testng.remote.RemoteTestNG.initAndRun(RemoteTestNG.java:293)
	at org.testng.remote.RemoteTestNG.main(RemoteTestNG.java:91)
</pre></div></td>
<td>0</td>
<td>UAT_SIP2.Check_On_Road_Price@5f9edf14</td></tr>
<tr>
<td title='UAT_SIP2.Additional_Fillter.Verify_Varient_Fillter()'><b>Verify_Varient_Fillter</b><br>Test class: UAT_SIP2.Additional_Fillter</td>
<td><div><pre>java.lang.AssertionError: Varient name select FAILED
	at UAT_SIP2.Additional_Fillter.Varient(Additional_Fillter.java:315)
	at UAT_SIP2.Additional_Fillter.Verify_Varient_Fillter(Additional_Fillter.java:82)
	at java.base/java.util.ArrayList.forEach(ArrayList.java:1596)
... Removed 26 stack frames</pre></div><a href='#' onClick='toggleBox("stack-trace311853607", this, "Click to show all stack frames", "Click to hide stack frames")'>Click to show all stack frames</a>
<div class='stack-trace' id='stack-trace311853607'><pre>java.lang.AssertionError: Varient name select FAILED
	at org.testng.Assert.fail(Assert.java:99)
	at UAT_SIP2.Additional_Fillter.Varient(Additional_Fillter.java:315)
	at UAT_SIP2.Additional_Fillter.Verify_Varient_Fillter(Additional_Fillter.java:82)
	at java.base/jdk.internal.reflect.DirectMethodHandleAccessor.invoke(DirectMethodHandleAccessor.java:103)
	at java.base/java.lang.reflect.Method.invoke(Method.java:580)
	at org.testng.internal.MethodInvocationHelper.invokeMethod(MethodInvocationHelper.java:133)
	at org.testng.internal.TestInvoker.invokeMethod(TestInvoker.java:598)
	at org.testng.internal.TestInvoker.invokeTestMethod(TestInvoker.java:173)
	at org.testng.internal.MethodRunner.runInSequence(MethodRunner.java:46)
	at org.testng.internal.TestInvoker$MethodInvocationAgent.invoke(TestInvoker.java:824)
	at org.testng.internal.TestInvoker.invokeTestMethods(TestInvoker.java:146)
	at org.testng.internal.TestMethodWorker.invokeTestMethods(TestMethodWorker.java:146)
	at org.testng.internal.TestMethodWorker.run(TestMethodWorker.java:128)
	at java.base/java.util.ArrayList.forEach(ArrayList.java:1596)
	at org.testng.TestRunner.privateRun(TestRunner.java:794)
	at org.testng.TestRunner.run(TestRunner.java:596)
	at org.testng.SuiteRunner.runTest(SuiteRunner.java:377)
	at org.testng.SuiteRunner.runSequentially(SuiteRunner.java:371)
	at org.testng.SuiteRunner.privateRun(SuiteRunner.java:332)
	at org.testng.SuiteRunner.run(SuiteRunner.java:276)
	at org.testng.SuiteRunnerWorker.runSuite(SuiteRunnerWorker.java:53)
	at org.testng.SuiteRunnerWorker.run(SuiteRunnerWorker.java:96)
	at org.testng.TestNG.runSuitesSequentially(TestNG.java:1212)
	at org.testng.TestNG.runSuitesLocally(TestNG.java:1134)
	at org.testng.TestNG.runSuites(TestNG.java:1063)
	at org.testng.TestNG.run(TestNG.java:1031)
	at org.testng.remote.AbstractRemoteTestNG.run(AbstractRemoteTestNG.java:115)
	at org.testng.remote.RemoteTestNG.initAndRun(RemoteTestNG.java:293)
	at org.testng.remote.RemoteTestNG.main(RemoteTestNG.java:91)
</pre></div></td>
<td>18</td>
<td>UAT_SIP2.Additional_Fillter@5167f57d</td></tr>
<tr>
<td title='UAT_SIP2.Documentation_Reports.Click_On_Documentation_Reports()'><b>Click_On_Documentation_Reports</b><br>Test class: UAT_SIP2.Documentation_Reports</td>
<td><div><pre>java.lang.AssertionError: TEST FAILED :: 
 Documentation Reports data is not showing 
	at UAT_SIP2.Documentation_Reports.Click_On_Documentation_Reports(Documentation_Reports.java:51)
	at java.base/java.util.ArrayList.forEach(ArrayList.java:1596)
... Removed 26 stack frames</pre></div><a href='#' onClick='toggleBox("stack-trace1877334646", this, "Click to show all stack frames", "Click to hide stack frames")'>Click to show all stack frames</a>
<div class='stack-trace' id='stack-trace1877334646'><pre>java.lang.AssertionError: TEST FAILED :: 
 Documentation Reports data is not showing 
	at org.testng.Assert.fail(Assert.java:99)
	at UAT_SIP2.Documentation_Reports.Click_On_Documentation_Reports(Documentation_Reports.java:51)
	at java.base/jdk.internal.reflect.DirectMethodHandleAccessor.invoke(DirectMethodHandleAccessor.java:103)
	at java.base/java.lang.reflect.Method.invoke(Method.java:580)
	at org.testng.internal.MethodInvocationHelper.invokeMethod(MethodInvocationHelper.java:133)
	at org.testng.internal.TestInvoker.invokeMethod(TestInvoker.java:598)
	at org.testng.internal.TestInvoker.invokeTestMethod(TestInvoker.java:173)
	at org.testng.internal.MethodRunner.runInSequence(MethodRunner.java:46)
	at org.testng.internal.TestInvoker$MethodInvocationAgent.invoke(TestInvoker.java:824)
	at org.testng.internal.TestInvoker.invokeTestMethods(TestInvoker.java:146)
	at org.testng.internal.TestMethodWorker.invokeTestMethods(TestMethodWorker.java:146)
	at org.testng.internal.TestMethodWorker.run(TestMethodWorker.java:128)
	at java.base/java.util.ArrayList.forEach(ArrayList.java:1596)
	at org.testng.TestRunner.privateRun(TestRunner.java:794)
	at org.testng.TestRunner.run(TestRunner.java:596)
	at org.testng.SuiteRunner.runTest(SuiteRunner.java:377)
	at org.testng.SuiteRunner.runSequentially(SuiteRunner.java:371)
	at org.testng.SuiteRunner.privateRun(SuiteRunner.java:332)
	at org.testng.SuiteRunner.run(SuiteRunner.java:276)
	at org.testng.SuiteRunnerWorker.runSuite(SuiteRunnerWorker.java:53)
	at org.testng.SuiteRunnerWorker.run(SuiteRunnerWorker.java:96)
	at org.testng.TestNG.runSuitesSequentially(TestNG.java:1212)
	at org.testng.TestNG.runSuitesLocally(TestNG.java:1134)
	at org.testng.TestNG.runSuites(TestNG.java:1063)
	at org.testng.TestNG.run(TestNG.java:1031)
	at org.testng.remote.AbstractRemoteTestNG.run(AbstractRemoteTestNG.java:115)
	at org.testng.remote.RemoteTestNG.initAndRun(RemoteTestNG.java:293)
	at org.testng.remote.RemoteTestNG.main(RemoteTestNG.java:91)
</pre></div></td>
<td>12</td>
<td>UAT_SIP2.Documentation_Reports@68878f6d</td></tr>
<tr>
<td title='UAT_SIP2.Check_Offer.Verify_Check_Offer_TAB()'><b>Verify_Check_Offer_TAB</b><br>Test class: UAT_SIP2.Check_Offer</td>
<td><div><pre>java.lang.AssertionError: Model names are different in Check Offer TAB
Model names are different in Check Offer TAB
	at UAT_SIP2.Check_Offer.Verify_Check_Offer_TAB(Check_Offer.java:68)
	at java.base/java.util.ArrayList.forEach(ArrayList.java:1596)
... Removed 26 stack frames</pre></div><a href='#' onClick='toggleBox("stack-trace1014250816", this, "Click to show all stack frames", "Click to hide stack frames")'>Click to show all stack frames</a>
<div class='stack-trace' id='stack-trace1014250816'><pre>java.lang.AssertionError: Model names are different in Check Offer TAB
Model names are different in Check Offer TAB
	at org.testng.Assert.fail(Assert.java:99)
	at UAT_SIP2.Check_Offer.Verify_Check_Offer_TAB(Check_Offer.java:68)
	at java.base/jdk.internal.reflect.DirectMethodHandleAccessor.invoke(DirectMethodHandleAccessor.java:103)
	at java.base/java.lang.reflect.Method.invoke(Method.java:580)
	at org.testng.internal.MethodInvocationHelper.invokeMethod(MethodInvocationHelper.java:133)
	at org.testng.internal.TestInvoker.invokeMethod(TestInvoker.java:598)
	at org.testng.internal.TestInvoker.invokeTestMethod(TestInvoker.java:173)
	at org.testng.internal.MethodRunner.runInSequence(MethodRunner.java:46)
	at org.testng.internal.TestInvoker$MethodInvocationAgent.invoke(TestInvoker.java:824)
	at org.testng.internal.TestInvoker.invokeTestMethods(TestInvoker.java:146)
	at org.testng.internal.TestMethodWorker.invokeTestMethods(TestMethodWorker.java:146)
	at org.testng.internal.TestMethodWorker.run(TestMethodWorker.java:128)
	at java.base/java.util.ArrayList.forEach(ArrayList.java:1596)
	at org.testng.TestRunner.privateRun(TestRunner.java:794)
	at org.testng.TestRunner.run(TestRunner.java:596)
	at org.testng.SuiteRunner.runTest(SuiteRunner.java:377)
	at org.testng.SuiteRunner.runSequentially(SuiteRunner.java:371)
	at org.testng.SuiteRunner.privateRun(SuiteRunner.java:332)
	at org.testng.SuiteRunner.run(SuiteRunner.java:276)
	at org.testng.SuiteRunnerWorker.runSuite(SuiteRunnerWorker.java:53)
	at org.testng.SuiteRunnerWorker.run(SuiteRunnerWorker.java:96)
	at org.testng.TestNG.runSuitesSequentially(TestNG.java:1212)
	at org.testng.TestNG.runSuitesLocally(TestNG.java:1134)
	at org.testng.TestNG.runSuites(TestNG.java:1063)
	at org.testng.TestNG.run(TestNG.java:1031)
	at org.testng.remote.AbstractRemoteTestNG.run(AbstractRemoteTestNG.java:115)
	at org.testng.remote.RemoteTestNG.initAndRun(RemoteTestNG.java:293)
	at org.testng.remote.RemoteTestNG.main(RemoteTestNG.java:91)
</pre></div></td>
<td>0</td>
<td>UAT_SIP2.Check_Offer@2f01783a</td></tr>
<tr>
<td title='UAT_SIP2.Documentation_Reports.Verify_DealerOutlet_TV01()'><b>Verify_DealerOutlet_TV01</b><br>Test class: UAT_SIP2.Documentation_Reports</td>
<td><div><pre>java.lang.AssertionError: No data found for TV01 ,TEST Failed 
	at UAT_SIP2.Documentation_Reports.Verify_DealerOutlet_TV01(Documentation_Reports.java:61)
	at java.base/java.util.ArrayList.forEach(ArrayList.java:1596)
... Removed 26 stack frames</pre></div><a href='#' onClick='toggleBox("stack-trace1957019376", this, "Click to show all stack frames", "Click to hide stack frames")'>Click to show all stack frames</a>
<div class='stack-trace' id='stack-trace1957019376'><pre>java.lang.AssertionError: No data found for TV01 ,TEST Failed 
	at org.testng.Assert.fail(Assert.java:99)
	at UAT_SIP2.Documentation_Reports.Verify_DealerOutlet_TV01(Documentation_Reports.java:61)
	at java.base/jdk.internal.reflect.DirectMethodHandleAccessor.invoke(DirectMethodHandleAccessor.java:103)
	at java.base/java.lang.reflect.Method.invoke(Method.java:580)
	at org.testng.internal.MethodInvocationHelper.invokeMethod(MethodInvocationHelper.java:133)
	at org.testng.internal.TestInvoker.invokeMethod(TestInvoker.java:598)
	at org.testng.internal.TestInvoker.invokeTestMethod(TestInvoker.java:173)
	at org.testng.internal.MethodRunner.runInSequence(MethodRunner.java:46)
	at org.testng.internal.TestInvoker$MethodInvocationAgent.invoke(TestInvoker.java:824)
	at org.testng.internal.TestInvoker.invokeTestMethods(TestInvoker.java:146)
	at org.testng.internal.TestMethodWorker.invokeTestMethods(TestMethodWorker.java:146)
	at org.testng.internal.TestMethodWorker.run(TestMethodWorker.java:128)
	at java.base/java.util.ArrayList.forEach(ArrayList.java:1596)
	at org.testng.TestRunner.privateRun(TestRunner.java:794)
	at org.testng.TestRunner.run(TestRunner.java:596)
	at org.testng.SuiteRunner.runTest(SuiteRunner.java:377)
	at org.testng.SuiteRunner.runSequentially(SuiteRunner.java:371)
	at org.testng.SuiteRunner.privateRun(SuiteRunner.java:332)
	at org.testng.SuiteRunner.run(SuiteRunner.java:276)
	at org.testng.SuiteRunnerWorker.runSuite(SuiteRunnerWorker.java:53)
	at org.testng.SuiteRunnerWorker.run(SuiteRunnerWorker.java:96)
	at org.testng.TestNG.runSuitesSequentially(TestNG.java:1212)
	at org.testng.TestNG.runSuitesLocally(TestNG.java:1134)
	at org.testng.TestNG.runSuites(TestNG.java:1063)
	at org.testng.TestNG.run(TestNG.java:1031)
	at org.testng.remote.AbstractRemoteTestNG.run(AbstractRemoteTestNG.java:115)
	at org.testng.remote.RemoteTestNG.initAndRun(RemoteTestNG.java:293)
	at org.testng.remote.RemoteTestNG.main(RemoteTestNG.java:91)
</pre></div></td>
<td>14</td>
<td>UAT_SIP2.Documentation_Reports@68878f6d</td></tr>
<tr>
<td title='UAT_SIP2.SVOC.SVOC_Customer_Name()'><b>SVOC_Customer_Name</b><br>Test class: UAT_SIP2.SVOC</td>
<td><div><pre>java.lang.AssertionError: Test FAILED  :: In (Pending Booking),Customer Name is not showing in SVOC  ::
	at UAT_SIP2.SVOC.SVOC(SVOC.java:108)
	at UAT_SIP2.SVOC.SVOC_Customer_Name(SVOC.java:45)
	at java.base/java.util.ArrayList.forEach(ArrayList.java:1596)
... Removed 26 stack frames</pre></div><a href='#' onClick='toggleBox("stack-trace1140727816", this, "Click to show all stack frames", "Click to hide stack frames")'>Click to show all stack frames</a>
<div class='stack-trace' id='stack-trace1140727816'><pre>java.lang.AssertionError: Test FAILED  :: In (Pending Booking),Customer Name is not showing in SVOC  ::
	at org.testng.Assert.fail(Assert.java:99)
	at UAT_SIP2.SVOC.SVOC(SVOC.java:108)
	at UAT_SIP2.SVOC.SVOC_Customer_Name(SVOC.java:45)
	at java.base/jdk.internal.reflect.DirectMethodHandleAccessor.invoke(DirectMethodHandleAccessor.java:103)
	at java.base/java.lang.reflect.Method.invoke(Method.java:580)
	at org.testng.internal.MethodInvocationHelper.invokeMethod(MethodInvocationHelper.java:133)
	at org.testng.internal.TestInvoker.invokeMethod(TestInvoker.java:598)
	at org.testng.internal.TestInvoker.invokeTestMethod(TestInvoker.java:173)
	at org.testng.internal.MethodRunner.runInSequence(MethodRunner.java:46)
	at org.testng.internal.TestInvoker$MethodInvocationAgent.invoke(TestInvoker.java:824)
	at org.testng.internal.TestInvoker.invokeTestMethods(TestInvoker.java:146)
	at org.testng.internal.TestMethodWorker.invokeTestMethods(TestMethodWorker.java:146)
	at org.testng.internal.TestMethodWorker.run(TestMethodWorker.java:128)
	at java.base/java.util.ArrayList.forEach(ArrayList.java:1596)
	at org.testng.TestRunner.privateRun(TestRunner.java:794)
	at org.testng.TestRunner.run(TestRunner.java:596)
	at org.testng.SuiteRunner.runTest(SuiteRunner.java:377)
	at org.testng.SuiteRunner.runSequentially(SuiteRunner.java:371)
	at org.testng.SuiteRunner.privateRun(SuiteRunner.java:332)
	at org.testng.SuiteRunner.run(SuiteRunner.java:276)
	at org.testng.SuiteRunnerWorker.runSuite(SuiteRunnerWorker.java:53)
	at org.testng.SuiteRunnerWorker.run(SuiteRunnerWorker.java:96)
	at org.testng.TestNG.runSuitesSequentially(TestNG.java:1212)
	at org.testng.TestNG.runSuitesLocally(TestNG.java:1134)
	at org.testng.TestNG.runSuites(TestNG.java:1063)
	at org.testng.TestNG.run(TestNG.java:1031)
	at org.testng.remote.AbstractRemoteTestNG.run(AbstractRemoteTestNG.java:115)
	at org.testng.remote.RemoteTestNG.initAndRun(RemoteTestNG.java:293)
	at org.testng.remote.RemoteTestNG.main(RemoteTestNG.java:91)
</pre></div></td>
<td>1</td>
<td>UAT_SIP2.SVOC@68746f22</td></tr>
<tr>
<td title='UAT_SIP2.Pending_Booking_Sorting.Sale_Executive_Name_Sorting()'><b>Sale_Executive_Name_Sorting</b><br>Test class: UAT_SIP2.Pending_Booking_Sorting</td>
<td><div><pre>java.lang.AssertionError: (Pending-Booking) Total Count of Sales Executive Name In Lowercase: 17
The following Sales Executive Name are not in uppercase: Ajeet Yadav, Manish Sharma, Manish Sharma, Manish Sharma, Manish Sharma, Rakesh Kumawat, Rakesh Kumawat, Rakesh Kumawat, Rakesh Kumawat, Rakesh Kumawat, Somya Sharma Sharma, Sumer Singh, Sumer Singh, Zaid Qureshi, Zaid Qureshi, Zaid Qureshi, Zaid Qureshi
	at UAT_SIP2.Pending_Booking_Sorting.Sale_Executive_Name_Sorting(Pending_Booking_Sorting.java:72)
	at java.base/java.util.ArrayList.forEach(ArrayList.java:1596)
... Removed 26 stack frames</pre></div><a href='#' onClick='toggleBox("stack-trace1871778598", this, "Click to show all stack frames", "Click to hide stack frames")'>Click to show all stack frames</a>
<div class='stack-trace' id='stack-trace1871778598'><pre>java.lang.AssertionError: (Pending-Booking) Total Count of Sales Executive Name In Lowercase: 17
The following Sales Executive Name are not in uppercase: Ajeet Yadav, Manish Sharma, Manish Sharma, Manish Sharma, Manish Sharma, Rakesh Kumawat, Rakesh Kumawat, Rakesh Kumawat, Rakesh Kumawat, Rakesh Kumawat, Somya Sharma Sharma, Sumer Singh, Sumer Singh, Zaid Qureshi, Zaid Qureshi, Zaid Qureshi, Zaid Qureshi
	at org.testng.Assert.fail(Assert.java:99)
	at UAT_SIP2.Pending_Booking_Sorting.Sale_Executive_Name_Sorting(Pending_Booking_Sorting.java:72)
	at java.base/jdk.internal.reflect.DirectMethodHandleAccessor.invoke(DirectMethodHandleAccessor.java:103)
	at java.base/java.lang.reflect.Method.invoke(Method.java:580)
	at org.testng.internal.MethodInvocationHelper.invokeMethod(MethodInvocationHelper.java:133)
	at org.testng.internal.TestInvoker.invokeMethod(TestInvoker.java:598)
	at org.testng.internal.TestInvoker.invokeTestMethod(TestInvoker.java:173)
	at org.testng.internal.MethodRunner.runInSequence(MethodRunner.java:46)
	at org.testng.internal.TestInvoker$MethodInvocationAgent.invoke(TestInvoker.java:824)
	at org.testng.internal.TestInvoker.invokeTestMethods(TestInvoker.java:146)
	at org.testng.internal.TestMethodWorker.invokeTestMethods(TestMethodWorker.java:146)
	at org.testng.internal.TestMethodWorker.run(TestMethodWorker.java:128)
	at java.base/java.util.ArrayList.forEach(ArrayList.java:1596)
	at org.testng.TestRunner.privateRun(TestRunner.java:794)
	at org.testng.TestRunner.run(TestRunner.java:596)
	at org.testng.SuiteRunner.runTest(SuiteRunner.java:377)
	at org.testng.SuiteRunner.runSequentially(SuiteRunner.java:371)
	at org.testng.SuiteRunner.privateRun(SuiteRunner.java:332)
	at org.testng.SuiteRunner.run(SuiteRunner.java:276)
	at org.testng.SuiteRunnerWorker.runSuite(SuiteRunnerWorker.java:53)
	at org.testng.SuiteRunnerWorker.run(SuiteRunnerWorker.java:96)
	at org.testng.TestNG.runSuitesSequentially(TestNG.java:1212)
	at org.testng.TestNG.runSuitesLocally(TestNG.java:1134)
	at org.testng.TestNG.runSuites(TestNG.java:1063)
	at org.testng.TestNG.run(TestNG.java:1031)
	at org.testng.remote.AbstractRemoteTestNG.run(AbstractRemoteTestNG.java:115)
	at org.testng.remote.RemoteTestNG.initAndRun(RemoteTestNG.java:293)
	at org.testng.remote.RemoteTestNG.main(RemoteTestNG.java:91)
</pre></div></td>
<td>2</td>
<td>UAT_SIP2.Pending_Booking_Sorting@3214ee6</td></tr>
<tr>
<td title='UAT_SIP2.Pending_Booking_Sorting.Varient_Sorting()'><b>Varient_Sorting</b><br>Test class: UAT_SIP2.Pending_Booking_Sorting</td>
<td><div><pre>java.lang.AssertionError: Sorting failed (Pending-Booking) in Varient: Lists differ at element [0]: MARUTI ALTO K10 LXI 1L 5MT != MARUTI EECO 5 STR AC (O) CNG 1.2L 5MT expected [MARUTI ALTO K10 LXI 1L 5MT] but found [MARUTI EECO 5 STR AC (O) CNG 1.2L 5MT]
	at UAT_SIP2.Pending_Booking_Sorting.Varient_Sorting(Pending_Booking_Sorting.java:212)
	at java.base/java.util.ArrayList.forEach(ArrayList.java:1596)
... Removed 29 stack frames</pre></div><a href='#' onClick='toggleBox("stack-trace1793469566", this, "Click to show all stack frames", "Click to hide stack frames")'>Click to show all stack frames</a>
<div class='stack-trace' id='stack-trace1793469566'><pre>java.lang.AssertionError: Sorting failed (Pending-Booking) in Varient: Lists differ at element [0]: MARUTI ALTO K10 LXI 1L 5MT != MARUTI EECO 5 STR AC (O) CNG 1.2L 5MT expected [MARUTI ALTO K10 LXI 1L 5MT] but found [MARUTI EECO 5 STR AC (O) CNG 1.2L 5MT]
	at org.testng.Assert.fail(Assert.java:99)
	at org.testng.Assert.failNotEquals(Assert.java:1037)
	at org.testng.Assert.assertEqualsImpl(Assert.java:140)
	at org.testng.Assert.assertEquals(Assert.java:1103)
	at UAT_SIP2.Pending_Booking_Sorting.Varient_Sorting(Pending_Booking_Sorting.java:212)
	at java.base/jdk.internal.reflect.DirectMethodHandleAccessor.invoke(DirectMethodHandleAccessor.java:103)
	at java.base/java.lang.reflect.Method.invoke(Method.java:580)
	at org.testng.internal.MethodInvocationHelper.invokeMethod(MethodInvocationHelper.java:133)
	at org.testng.internal.TestInvoker.invokeMethod(TestInvoker.java:598)
	at org.testng.internal.TestInvoker.invokeTestMethod(TestInvoker.java:173)
	at org.testng.internal.MethodRunner.runInSequence(MethodRunner.java:46)
	at org.testng.internal.TestInvoker$MethodInvocationAgent.invoke(TestInvoker.java:824)
	at org.testng.internal.TestInvoker.invokeTestMethods(TestInvoker.java:146)
	at org.testng.internal.TestMethodWorker.invokeTestMethods(TestMethodWorker.java:146)
	at org.testng.internal.TestMethodWorker.run(TestMethodWorker.java:128)
	at java.base/java.util.ArrayList.forEach(ArrayList.java:1596)
	at org.testng.TestRunner.privateRun(TestRunner.java:794)
	at org.testng.TestRunner.run(TestRunner.java:596)
	at org.testng.SuiteRunner.runTest(SuiteRunner.java:377)
	at org.testng.SuiteRunner.runSequentially(SuiteRunner.java:371)
	at org.testng.SuiteRunner.privateRun(SuiteRunner.java:332)
	at org.testng.SuiteRunner.run(SuiteRunner.java:276)
	at org.testng.SuiteRunnerWorker.runSuite(SuiteRunnerWorker.java:53)
	at org.testng.SuiteRunnerWorker.run(SuiteRunnerWorker.java:96)
	at org.testng.TestNG.runSuitesSequentially(TestNG.java:1212)
	at org.testng.TestNG.runSuitesLocally(TestNG.java:1134)
	at org.testng.TestNG.runSuites(TestNG.java:1063)
	at org.testng.TestNG.run(TestNG.java:1031)
	at org.testng.remote.AbstractRemoteTestNG.run(AbstractRemoteTestNG.java:115)
	at org.testng.remote.RemoteTestNG.initAndRun(RemoteTestNG.java:293)
	at org.testng.remote.RemoteTestNG.main(RemoteTestNG.java:91)
</pre></div></td>
<td>2</td>
<td>UAT_SIP2.Pending_Booking_Sorting@3214ee6</td></tr>
<tr>
<td title='UAT_SIP2.Tentative_Waiting_and_Final_Delivery_Date.Tentative_Waiting_Period_Difference()'><b>Tentative_Waiting_Period_Difference</b><br>Test class: UAT_SIP2.Tentative_Waiting_and_Final_Delivery_Date</td>
<td><div><pre>java.lang.AssertionError: (Pending Booking)Tentative Delivery Date does not match the expected difference! expected [-69] but found [5]
	at UAT_SIP2.Tentative_Waiting_and_Final_Delivery_Date.Tentative_Waiting_Period_Difference(Tentative_Waiting_and_Final_Delivery_Date.java:113)
	at java.base/java.util.ArrayList.forEach(ArrayList.java:1596)
... Removed 30 stack frames</pre></div><a href='#' onClick='toggleBox("stack-trace1145023109", this, "Click to show all stack frames", "Click to hide stack frames")'>Click to show all stack frames</a>
<div class='stack-trace' id='stack-trace1145023109'><pre>java.lang.AssertionError: (Pending Booking)Tentative Delivery Date does not match the expected difference! expected [-69] but found [5]
	at org.testng.Assert.fail(Assert.java:99)
	at org.testng.Assert.failNotEquals(Assert.java:1037)
	at org.testng.Assert.assertEqualsImpl(Assert.java:140)
	at org.testng.Assert.assertEquals(Assert.java:122)
	at org.testng.Assert.assertEquals(Assert.java:797)
	at UAT_SIP2.Tentative_Waiting_and_Final_Delivery_Date.Tentative_Waiting_Period_Difference(Tentative_Waiting_and_Final_Delivery_Date.java:113)
	at java.base/jdk.internal.reflect.DirectMethodHandleAccessor.invoke(DirectMethodHandleAccessor.java:103)
	at java.base/java.lang.reflect.Method.invoke(Method.java:580)
	at org.testng.internal.MethodInvocationHelper.invokeMethod(MethodInvocationHelper.java:133)
	at org.testng.internal.TestInvoker.invokeMethod(TestInvoker.java:598)
	at org.testng.internal.TestInvoker.invokeTestMethod(TestInvoker.java:173)
	at org.testng.internal.MethodRunner.runInSequence(MethodRunner.java:46)
	at org.testng.internal.TestInvoker$MethodInvocationAgent.invoke(TestInvoker.java:824)
	at org.testng.internal.TestInvoker.invokeTestMethods(TestInvoker.java:146)
	at org.testng.internal.TestMethodWorker.invokeTestMethods(TestMethodWorker.java:146)
	at org.testng.internal.TestMethodWorker.run(TestMethodWorker.java:128)
	at java.base/java.util.ArrayList.forEach(ArrayList.java:1596)
	at org.testng.TestRunner.privateRun(TestRunner.java:794)
	at org.testng.TestRunner.run(TestRunner.java:596)
	at org.testng.SuiteRunner.runTest(SuiteRunner.java:377)
	at org.testng.SuiteRunner.runSequentially(SuiteRunner.java:371)
	at org.testng.SuiteRunner.privateRun(SuiteRunner.java:332)
	at org.testng.SuiteRunner.run(SuiteRunner.java:276)
	at org.testng.SuiteRunnerWorker.runSuite(SuiteRunnerWorker.java:53)
	at org.testng.SuiteRunnerWorker.run(SuiteRunnerWorker.java:96)
	at org.testng.TestNG.runSuitesSequentially(TestNG.java:1212)
	at org.testng.TestNG.runSuitesLocally(TestNG.java:1134)
	at org.testng.TestNG.runSuites(TestNG.java:1063)
	at org.testng.TestNG.run(TestNG.java:1031)
	at org.testng.remote.AbstractRemoteTestNG.run(AbstractRemoteTestNG.java:115)
	at org.testng.remote.RemoteTestNG.initAndRun(RemoteTestNG.java:293)
	at org.testng.remote.RemoteTestNG.main(RemoteTestNG.java:91)
</pre></div></td>
<td>3</td>
<td>UAT_SIP2.Tentative_Waiting_and_Final_Delivery_Date@4a07d605</td></tr>
<tr>
<td title='UAT_SIP2.Check_On_Road_Price.All_PRICE_Details()'><b>All_PRICE_Details</b><br>Test class: UAT_SIP2.Check_On_Road_Price</td>
<td><div><pre>java.lang.AssertionError: TEST FAILED : PRICE Details is null on Customer Page
	at UAT_SIP2.Check_On_Road_Price.All_PRICE_Details(Check_On_Road_Price.java:90)
	at java.base/java.util.ArrayList.forEach(ArrayList.java:1596)
... Removed 26 stack frames</pre></div><a href='#' onClick='toggleBox("stack-trace2127273495", this, "Click to show all stack frames", "Click to hide stack frames")'>Click to show all stack frames</a>
<div class='stack-trace' id='stack-trace2127273495'><pre>java.lang.AssertionError: TEST FAILED : PRICE Details is null on Customer Page
	at org.testng.Assert.fail(Assert.java:99)
	at UAT_SIP2.Check_On_Road_Price.All_PRICE_Details(Check_On_Road_Price.java:90)
	at java.base/jdk.internal.reflect.DirectMethodHandleAccessor.invoke(DirectMethodHandleAccessor.java:103)
	at java.base/java.lang.reflect.Method.invoke(Method.java:580)
	at org.testng.internal.MethodInvocationHelper.invokeMethod(MethodInvocationHelper.java:133)
	at org.testng.internal.TestInvoker.invokeMethod(TestInvoker.java:598)
	at org.testng.internal.TestInvoker.invokeTestMethod(TestInvoker.java:173)
	at org.testng.internal.MethodRunner.runInSequence(MethodRunner.java:46)
	at org.testng.internal.TestInvoker$MethodInvocationAgent.invoke(TestInvoker.java:824)
	at org.testng.internal.TestInvoker.invokeTestMethods(TestInvoker.java:146)
	at org.testng.internal.TestMethodWorker.invokeTestMethods(TestMethodWorker.java:146)
	at org.testng.internal.TestMethodWorker.run(TestMethodWorker.java:128)
	at java.base/java.util.ArrayList.forEach(ArrayList.java:1596)
	at org.testng.TestRunner.privateRun(TestRunner.java:794)
	at org.testng.TestRunner.run(TestRunner.java:596)
	at org.testng.SuiteRunner.runTest(SuiteRunner.java:377)
	at org.testng.SuiteRunner.runSequentially(SuiteRunner.java:371)
	at org.testng.SuiteRunner.privateRun(SuiteRunner.java:332)
	at org.testng.SuiteRunner.run(SuiteRunner.java:276)
	at org.testng.SuiteRunnerWorker.runSuite(SuiteRunnerWorker.java:53)
	at org.testng.SuiteRunnerWorker.run(SuiteRunnerWorker.java:96)
	at org.testng.TestNG.runSuitesSequentially(TestNG.java:1212)
	at org.testng.TestNG.runSuitesLocally(TestNG.java:1134)
	at org.testng.TestNG.runSuites(TestNG.java:1063)
	at org.testng.TestNG.run(TestNG.java:1031)
	at org.testng.remote.AbstractRemoteTestNG.run(AbstractRemoteTestNG.java:115)
	at org.testng.remote.RemoteTestNG.initAndRun(RemoteTestNG.java:293)
	at org.testng.remote.RemoteTestNG.main(RemoteTestNG.java:91)
</pre></div></td>
<td>6</td>
<td>UAT_SIP2.Check_On_Road_Price@5f9edf14</td></tr>
<tr>
<td title='UAT_SIP2.Documentation_Reports.Verify_DealerOutlet_BZD1()'><b>Verify_DealerOutlet_BZD1</b><br>Test class: UAT_SIP2.Documentation_Reports</td>
<td><div><pre>java.lang.AssertionError: No data found for BZD1,TEST Failed 
	at UAT_SIP2.Documentation_Reports.Verify_DealerOutlet_BZD1(Documentation_Reports.java:80)
	at java.base/java.util.ArrayList.forEach(ArrayList.java:1596)
... Removed 26 stack frames</pre></div><a href='#' onClick='toggleBox("stack-trace1190031379", this, "Click to show all stack frames", "Click to hide stack frames")'>Click to show all stack frames</a>
<div class='stack-trace' id='stack-trace1190031379'><pre>java.lang.AssertionError: No data found for BZD1,TEST Failed 
	at org.testng.Assert.fail(Assert.java:99)
	at UAT_SIP2.Documentation_Reports.Verify_DealerOutlet_BZD1(Documentation_Reports.java:80)
	at java.base/jdk.internal.reflect.DirectMethodHandleAccessor.invoke(DirectMethodHandleAccessor.java:103)
	at java.base/java.lang.reflect.Method.invoke(Method.java:580)
	at org.testng.internal.MethodInvocationHelper.invokeMethod(MethodInvocationHelper.java:133)
	at org.testng.internal.TestInvoker.invokeMethod(TestInvoker.java:598)
	at org.testng.internal.TestInvoker.invokeTestMethod(TestInvoker.java:173)
	at org.testng.internal.MethodRunner.runInSequence(MethodRunner.java:46)
	at org.testng.internal.TestInvoker$MethodInvocationAgent.invoke(TestInvoker.java:824)
	at org.testng.internal.TestInvoker.invokeTestMethods(TestInvoker.java:146)
	at org.testng.internal.TestMethodWorker.invokeTestMethods(TestMethodWorker.java:146)
	at org.testng.internal.TestMethodWorker.run(TestMethodWorker.java:128)
	at java.base/java.util.ArrayList.forEach(ArrayList.java:1596)
	at org.testng.TestRunner.privateRun(TestRunner.java:794)
	at org.testng.TestRunner.run(TestRunner.java:596)
	at org.testng.SuiteRunner.runTest(SuiteRunner.java:377)
	at org.testng.SuiteRunner.runSequentially(SuiteRunner.java:371)
	at org.testng.SuiteRunner.privateRun(SuiteRunner.java:332)
	at org.testng.SuiteRunner.run(SuiteRunner.java:276)
	at org.testng.SuiteRunnerWorker.runSuite(SuiteRunnerWorker.java:53)
	at org.testng.SuiteRunnerWorker.run(SuiteRunnerWorker.java:96)
	at org.testng.TestNG.runSuitesSequentially(TestNG.java:1212)
	at org.testng.TestNG.runSuitesLocally(TestNG.java:1134)
	at org.testng.TestNG.runSuites(TestNG.java:1063)
	at org.testng.TestNG.run(TestNG.java:1031)
	at org.testng.remote.AbstractRemoteTestNG.run(AbstractRemoteTestNG.java:115)
	at org.testng.remote.RemoteTestNG.initAndRun(RemoteTestNG.java:293)
	at org.testng.remote.RemoteTestNG.main(RemoteTestNG.java:91)
</pre></div></td>
<td>13</td>
<td>UAT_SIP2.Documentation_Reports@68878f6d</td></tr>
<tr>
<td title='UAT_SIP2.Documentation_Reports.Verify_DealerOutlet_CTQ1()'><b>Verify_DealerOutlet_CTQ1</b><br>Test class: UAT_SIP2.Documentation_Reports</td>
<td><div><pre>java.lang.AssertionError: No data found for CTQ1 ,TEST Failed 
	at UAT_SIP2.Documentation_Reports.Verify_DealerOutlet_CTQ1(Documentation_Reports.java:89)
	at java.base/java.util.ArrayList.forEach(ArrayList.java:1596)
... Removed 26 stack frames</pre></div><a href='#' onClick='toggleBox("stack-trace1731036016", this, "Click to show all stack frames", "Click to hide stack frames")'>Click to show all stack frames</a>
<div class='stack-trace' id='stack-trace1731036016'><pre>java.lang.AssertionError: No data found for CTQ1 ,TEST Failed 
	at org.testng.Assert.fail(Assert.java:99)
	at UAT_SIP2.Documentation_Reports.Verify_DealerOutlet_CTQ1(Documentation_Reports.java:89)
	at java.base/jdk.internal.reflect.DirectMethodHandleAccessor.invoke(DirectMethodHandleAccessor.java:103)
	at java.base/java.lang.reflect.Method.invoke(Method.java:580)
	at org.testng.internal.MethodInvocationHelper.invokeMethod(MethodInvocationHelper.java:133)
	at org.testng.internal.TestInvoker.invokeMethod(TestInvoker.java:598)
	at org.testng.internal.TestInvoker.invokeTestMethod(TestInvoker.java:173)
	at org.testng.internal.MethodRunner.runInSequence(MethodRunner.java:46)
	at org.testng.internal.TestInvoker$MethodInvocationAgent.invoke(TestInvoker.java:824)
	at org.testng.internal.TestInvoker.invokeTestMethods(TestInvoker.java:146)
	at org.testng.internal.TestMethodWorker.invokeTestMethods(TestMethodWorker.java:146)
	at org.testng.internal.TestMethodWorker.run(TestMethodWorker.java:128)
	at java.base/java.util.ArrayList.forEach(ArrayList.java:1596)
	at org.testng.TestRunner.privateRun(TestRunner.java:794)
	at org.testng.TestRunner.run(TestRunner.java:596)
	at org.testng.SuiteRunner.runTest(SuiteRunner.java:377)
	at org.testng.SuiteRunner.runSequentially(SuiteRunner.java:371)
	at org.testng.SuiteRunner.privateRun(SuiteRunner.java:332)
	at org.testng.SuiteRunner.run(SuiteRunner.java:276)
	at org.testng.SuiteRunnerWorker.runSuite(SuiteRunnerWorker.java:53)
	at org.testng.SuiteRunnerWorker.run(SuiteRunnerWorker.java:96)
	at org.testng.TestNG.runSuitesSequentially(TestNG.java:1212)
	at org.testng.TestNG.runSuitesLocally(TestNG.java:1134)
	at org.testng.TestNG.runSuites(TestNG.java:1063)
	at org.testng.TestNG.run(TestNG.java:1031)
	at org.testng.remote.AbstractRemoteTestNG.run(AbstractRemoteTestNG.java:115)
	at org.testng.remote.RemoteTestNG.initAndRun(RemoteTestNG.java:293)
	at org.testng.remote.RemoteTestNG.main(RemoteTestNG.java:91)
</pre></div></td>
<td>14</td>
<td>UAT_SIP2.Documentation_Reports@68878f6d</td></tr>
<tr>
<td title='UAT_SIP2.Cancelled_Booking_Sorting.Varient_Sorting()'><b>Varient_Sorting</b><br>Test class: UAT_SIP2.Cancelled_Booking_Sorting</td>
<td><div><pre>java.lang.AssertionError: Sorting failed (Cancelled-Booking) in Varient: Lists differ at element [0]: MARUTI ALTO K10 VXI+ (O) 1L 5MT != MARUTI SWIFT ZXI+ expected [MARUTI ALTO K10 VXI+ (O) 1L 5MT] but found [MARUTI SWIFT ZXI+]
	at UAT_SIP2.Cancelled_Booking_Sorting.Varient_Sorting(Cancelled_Booking_Sorting.java:219)
	at java.base/java.util.ArrayList.forEach(ArrayList.java:1596)
... Removed 29 stack frames</pre></div><a href='#' onClick='toggleBox("stack-trace909278444", this, "Click to show all stack frames", "Click to hide stack frames")'>Click to show all stack frames</a>
<div class='stack-trace' id='stack-trace909278444'><pre>java.lang.AssertionError: Sorting failed (Cancelled-Booking) in Varient: Lists differ at element [0]: MARUTI ALTO K10 VXI+ (O) 1L 5MT != MARUTI SWIFT ZXI+ expected [MARUTI ALTO K10 VXI+ (O) 1L 5MT] but found [MARUTI SWIFT ZXI+]
	at org.testng.Assert.fail(Assert.java:99)
	at org.testng.Assert.failNotEquals(Assert.java:1037)
	at org.testng.Assert.assertEqualsImpl(Assert.java:140)
	at org.testng.Assert.assertEquals(Assert.java:1103)
	at UAT_SIP2.Cancelled_Booking_Sorting.Varient_Sorting(Cancelled_Booking_Sorting.java:219)
	at java.base/jdk.internal.reflect.DirectMethodHandleAccessor.invoke(DirectMethodHandleAccessor.java:103)
	at java.base/java.lang.reflect.Method.invoke(Method.java:580)
	at org.testng.internal.MethodInvocationHelper.invokeMethod(MethodInvocationHelper.java:133)
	at org.testng.internal.TestInvoker.invokeMethod(TestInvoker.java:598)
	at org.testng.internal.TestInvoker.invokeTestMethod(TestInvoker.java:173)
	at org.testng.internal.MethodRunner.runInSequence(MethodRunner.java:46)
	at org.testng.internal.TestInvoker$MethodInvocationAgent.invoke(TestInvoker.java:824)
	at org.testng.internal.TestInvoker.invokeTestMethods(TestInvoker.java:146)
	at org.testng.internal.TestMethodWorker.invokeTestMethods(TestMethodWorker.java:146)
	at org.testng.internal.TestMethodWorker.run(TestMethodWorker.java:128)
	at java.base/java.util.ArrayList.forEach(ArrayList.java:1596)
	at org.testng.TestRunner.privateRun(TestRunner.java:794)
	at org.testng.TestRunner.run(TestRunner.java:596)
	at org.testng.SuiteRunner.runTest(SuiteRunner.java:377)
	at org.testng.SuiteRunner.runSequentially(SuiteRunner.java:371)
	at org.testng.SuiteRunner.privateRun(SuiteRunner.java:332)
	at org.testng.SuiteRunner.run(SuiteRunner.java:276)
	at org.testng.SuiteRunnerWorker.runSuite(SuiteRunnerWorker.java:53)
	at org.testng.SuiteRunnerWorker.run(SuiteRunnerWorker.java:96)
	at org.testng.TestNG.runSuitesSequentially(TestNG.java:1212)
	at org.testng.TestNG.runSuitesLocally(TestNG.java:1134)
	at org.testng.TestNG.runSuites(TestNG.java:1063)
	at org.testng.TestNG.run(TestNG.java:1031)
	at org.testng.remote.AbstractRemoteTestNG.run(AbstractRemoteTestNG.java:115)
	at org.testng.remote.RemoteTestNG.initAndRun(RemoteTestNG.java:293)
	at org.testng.remote.RemoteTestNG.main(RemoteTestNG.java:91)
</pre></div></td>
<td>2</td>
<td>UAT_SIP2.Cancelled_Booking_Sorting@383dc82c</td></tr>
</table><p>
<table width='100%' border='1' class='invocation-passed'>
<tr><td colspan='4' align='center'><b>PASSED TESTS</b></td></tr>
<tr><td><b>Test method</b></td>
<td width="30%"><b>Exception</b></td>
<td width="10%"><b>Time (seconds)</b></td>
<td><b>Instance</b></td>
</tr>
<tr>
<td title='UAT_SIP2.Cancelled_Booking_Sorting.verify_Booking_Date_Sorting()'><b>verify_Booking_Date_Sorting</b><br>Test class: UAT_SIP2.Cancelled_Booking_Sorting</td>
<td></td>
<td>1</td>
<td>UAT_SIP2.Cancelled_Booking_Sorting@383dc82c</td></tr>
<tr>
<td title='UAT_SIP2.Additional_Fillter.Verify_Booking_Amount_Fillter()'><b>Verify_Booking_Amount_Fillter</b><br>Test class: UAT_SIP2.Additional_Fillter</td>
<td></td>
<td>5</td>
<td>UAT_SIP2.Additional_Fillter@5167f57d</td></tr>
<tr>
<td title='UAT_SIP2.Additional_Fillter.Verify_Booking_Date_Fillter()'><b>Verify_Booking_Date_Fillter</b><br>Test class: UAT_SIP2.Additional_Fillter</td>
<td></td>
<td>7</td>
<td>UAT_SIP2.Additional_Fillter@5167f57d</td></tr>
<tr>
<td title='UAT_SIP2.Customer_Query.MSGA_Flow()'><b>MSGA_Flow</b><br>Test class: UAT_SIP2.Customer_Query</td>
<td></td>
<td>10</td>
<td>UAT_SIP2.Customer_Query@74287ea3</td></tr>
<tr>
<td title='UAT_SIP2.Customer_Query.MSGA_Query()'><b>MSGA_Query</b><br>Test class: UAT_SIP2.Customer_Query</td>
<td></td>
<td>1</td>
<td>UAT_SIP2.Customer_Query@74287ea3</td></tr>
<tr>
<td title='UAT_SIP2.Check_On_Road_Price.Validate_Vehicle_Details_with_Check_On_Road_PriceTAB()'><b>Validate_Vehicle_Details_with_Check_On_Road_PriceTAB</b><br>Test class: UAT_SIP2.Check_On_Road_Price</td>
<td></td>
<td>0</td>
<td>UAT_SIP2.Check_On_Road_Price@5f9edf14</td></tr>
<tr>
<td title='UAT_SIP2.Customer_Tag.Verify_Birthday()'><b>Verify_Birthday</b><br>Test class: UAT_SIP2.Customer_Tag</td>
<td></td>
<td>3</td>
<td>UAT_SIP2.Customer_Tag@7d7758be</td></tr>
<tr>
<td title='UAT_SIP2.Additional_Fillter.Click_On_Additional_Fillter_To_Clear_Data()'><b>Click_On_Additional_Fillter_To_Clear_Data</b><br>Test class: UAT_SIP2.Additional_Fillter</td>
<td></td>
<td>3</td>
<td>UAT_SIP2.Additional_Fillter@5167f57d</td></tr>
<tr>
<td title='UAT_SIP2.Cancelled_Booking_Sorting.Click_On_Items_Per_Page()'><b>Click_On_Items_Per_Page</b><br>Test class: UAT_SIP2.Cancelled_Booking_Sorting</td>
<td></td>
<td>0</td>
<td>UAT_SIP2.Cancelled_Booking_Sorting@383dc82c</td></tr>
<tr>
<td title='UAT_SIP2.Tentative_Waiting_and_Final_Delivery_Date.Verify_Booking_ID()'><b>Verify_Booking_ID</b><br>Test class: UAT_SIP2.Tentative_Waiting_and_Final_Delivery_Date</td>
<td></td>
<td>0</td>
<td>UAT_SIP2.Tentative_Waiting_and_Final_Delivery_Date@4a07d605</td></tr>
<tr>
<td title='UAT_SIP2.Cancelled_Booking_Sorting.Cutomer_Name_Sorting()'><b>Cutomer_Name_Sorting</b><br>Test class: UAT_SIP2.Cancelled_Booking_Sorting</td>
<td></td>
<td>2</td>
<td>UAT_SIP2.Cancelled_Booking_Sorting@383dc82c</td></tr>
<tr>
<td title='UAT_SIP2.Additional_Fillter.Verify_MODEL_Fillter()'><b>Verify_MODEL_Fillter</b><br>Test class: UAT_SIP2.Additional_Fillter</td>
<td></td>
<td>5</td>
<td>UAT_SIP2.Additional_Fillter@5167f57d</td></tr>
<tr>
<td title='UAT_SIP2.Additional_Fillter.Dealer_User_Login1()'><b>Dealer_User_Login1</b><br>Test class: UAT_SIP2.Additional_Fillter</td>
<td></td>
<td>4</td>
<td>UAT_SIP2.Additional_Fillter@5167f57d</td></tr>
<tr>
<td title='UAT_SIP2.Tentative_Waiting_and_Final_Delivery_Date.Booking_NO()'><b>Booking_NO</b><br>Test class: UAT_SIP2.Tentative_Waiting_and_Final_Delivery_Date</td>
<td></td>
<td>0</td>
<td>UAT_SIP2.Tentative_Waiting_and_Final_Delivery_Date@4a07d605</td></tr>
<tr>
<td title='UAT_SIP2.Tentative_Waiting_and_Final_Delivery_Date.Click_On_Pending_Booking()'><b>Click_On_Pending_Booking</b><br>Test class: UAT_SIP2.Tentative_Waiting_and_Final_Delivery_Date</td>
<td></td>
<td>2</td>
<td>UAT_SIP2.Tentative_Waiting_and_Final_Delivery_Date@4a07d605</td></tr>
<tr>
<td title='UAT_SIP2.Customer_Query.Booking_Amendment_Query()'><b>Booking_Amendment_Query</b><br>Test class: UAT_SIP2.Customer_Query</td>
<td></td>
<td>1</td>
<td>UAT_SIP2.Customer_Query@74287ea3</td></tr>
<tr>
<td title='UAT_SIP2.Pending_Booking_Sorting.Colour_Sorting()'><b>Colour_Sorting</b><br>Test class: UAT_SIP2.Pending_Booking_Sorting</td>
<td></td>
<td>2</td>
<td>UAT_SIP2.Pending_Booking_Sorting@3214ee6</td></tr>
<tr>
<td title='UAT_SIP2.Additional_Fillter.Verify_Sales_Executive_NAME_Fillter()'><b>Verify_Sales_Executive_NAME_Fillter</b><br>Test class: UAT_SIP2.Additional_Fillter</td>
<td></td>
<td>8</td>
<td>UAT_SIP2.Additional_Fillter@5167f57d</td></tr>
<tr>
<td title='UAT_SIP2.Customer_Query.True_Value_Query_Flow()'><b>True_Value_Query_Flow</b><br>Test class: UAT_SIP2.Customer_Query</td>
<td></td>
<td>10</td>
<td>UAT_SIP2.Customer_Query@74287ea3</td></tr>
<tr>
<td title='UAT_SIP2.Customer_Tag.Verify_Marriage()'><b>Verify_Marriage</b><br>Test class: UAT_SIP2.Customer_Tag</td>
<td></td>
<td>4</td>
<td>UAT_SIP2.Customer_Tag@7d7758be</td></tr>
<tr>
<td title='UAT_SIP2.Pending_Booking_Sorting.verify_Booking_Date_Sorting()'><b>verify_Booking_Date_Sorting</b><br>Test class: UAT_SIP2.Pending_Booking_Sorting</td>
<td></td>
<td>1</td>
<td>UAT_SIP2.Pending_Booking_Sorting@3214ee6</td></tr>
<tr>
<td title='UAT_SIP2.Customer_Query.Extended_Warranty_Payment_Query()'><b>Extended_Warranty_Payment_Query</b><br>Test class: UAT_SIP2.Customer_Query</td>
<td></td>
<td>1</td>
<td>UAT_SIP2.Customer_Query@74287ea3</td></tr>
<tr>
<td title='UAT_SIP2.Customer_Query.Extended_Warranty_Query_Flow()'><b>Extended_Warranty_Query_Flow</b><br>Test class: UAT_SIP2.Customer_Query</td>
<td></td>
<td>10</td>
<td>UAT_SIP2.Customer_Query@74287ea3</td></tr>
<tr>
<td title='UAT_SIP2.Customer_Query.Loyalty_Card_Query()'><b>Loyalty_Card_Query</b><br>Test class: UAT_SIP2.Customer_Query</td>
<td></td>
<td>1</td>
<td>UAT_SIP2.Customer_Query@74287ea3</td></tr>
<tr>
<td title='UAT_SIP2.Cancelled_Booking_Sorting.Booking_ID_Sorting()'><b>Booking_ID_Sorting</b><br>Test class: UAT_SIP2.Cancelled_Booking_Sorting</td>
<td></td>
<td>2</td>
<td>UAT_SIP2.Cancelled_Booking_Sorting@383dc82c</td></tr>
<tr>
<td title='UAT_SIP2.Customer_Query.Maruti_Insurance_Query_Flow()'><b>Maruti_Insurance_Query_Flow</b><br>Test class: UAT_SIP2.Customer_Query</td>
<td></td>
<td>10</td>
<td>UAT_SIP2.Customer_Query@74287ea3</td></tr>
<tr>
<td title='UAT_SIP2.Check_Offer.Vehicle_Details()'><b>Vehicle_Details</b><br>Test class: UAT_SIP2.Check_Offer</td>
<td></td>
<td>0</td>
<td>UAT_SIP2.Check_Offer@2f01783a</td></tr>
<tr>
<td title='UAT_SIP2.SVOC.Customer_Name()'><b>Customer_Name</b><br>Test class: UAT_SIP2.SVOC</td>
<td></td>
<td>0</td>
<td>UAT_SIP2.SVOC@68746f22</td></tr>
<tr>
<td title='UAT_SIP2.Customer_Query.Others_Flow()'><b>Others_Flow</b><br>Test class: UAT_SIP2.Customer_Query</td>
<td></td>
<td>10</td>
<td>UAT_SIP2.Customer_Query@74287ea3</td></tr>
<tr>
<td title='UAT_SIP2.Customer_Query.Delivery_Query()'><b>Delivery_Query</b><br>Test class: UAT_SIP2.Customer_Query</td>
<td></td>
<td>1</td>
<td>UAT_SIP2.Customer_Query@74287ea3</td></tr>
<tr>
<td title='UAT_SIP2.Pending_Booking_Sorting.Booking_ID_Sorting()'><b>Booking_ID_Sorting</b><br>Test class: UAT_SIP2.Pending_Booking_Sorting</td>
<td></td>
<td>2</td>
<td>UAT_SIP2.Pending_Booking_Sorting@3214ee6</td></tr>
<tr>
<td title='UAT_SIP2.Customer_Query.Delivery_Query_Flow()'><b>Delivery_Query_Flow</b><br>Test class: UAT_SIP2.Customer_Query</td>
<td></td>
<td>10</td>
<td>UAT_SIP2.Customer_Query@74287ea3</td></tr>
<tr>
<td title='UAT_SIP2.Customer_Tag.Verify_VIP()'><b>Verify_VIP</b><br>Test class: UAT_SIP2.Customer_Tag</td>
<td></td>
<td>4</td>
<td>UAT_SIP2.Customer_Tag@7d7758be</td></tr>
<tr>
<td title='UAT_SIP2.Customer_Query.Loyalty_Card_Query_Flow()'><b>Loyalty_Card_Query_Flow</b><br>Test class: UAT_SIP2.Customer_Query</td>
<td></td>
<td>10</td>
<td>UAT_SIP2.Customer_Query@74287ea3</td></tr>
<tr>
<td title='UAT_SIP2.Pending_Booking_Sorting.Click_On_Items_Per_Page()'><b>Click_On_Items_Per_Page</b><br>Test class: UAT_SIP2.Pending_Booking_Sorting</td>
<td></td>
<td>0</td>
<td>UAT_SIP2.Pending_Booking_Sorting@3214ee6</td></tr>
<tr>
<td title='UAT_SIP2.Customer_Query.Booking_Amendment_Flow()'><b>Booking_Amendment_Flow</b><br>Test class: UAT_SIP2.Customer_Query</td>
<td></td>
<td>10</td>
<td>UAT_SIP2.Customer_Query@74287ea3</td></tr>
<tr>
<td title='UAT_SIP2.Customer_Query.Product_Query_Flow()'><b>Product_Query_Flow</b><br>Test class: UAT_SIP2.Customer_Query</td>
<td></td>
<td>10</td>
<td>UAT_SIP2.Customer_Query@74287ea3</td></tr>
<tr>
<td title='UAT_SIP2.Customer_Tag.Verify_Anniversary()'><b>Verify_Anniversary</b><br>Test class: UAT_SIP2.Customer_Tag</td>
<td></td>
<td>4</td>
<td>UAT_SIP2.Customer_Tag@7d7758be</td></tr>
<tr>
<td title='UAT_SIP2.Customer_Query.Maruti_Insurance_Query()'><b>Maruti_Insurance_Query</b><br>Test class: UAT_SIP2.Customer_Query</td>
<td></td>
<td>1</td>
<td>UAT_SIP2.Customer_Query@74287ea3</td></tr>
<tr>
<td title='UAT_SIP2.Additional_Fillter.Click_On_SIP()'><b>Click_On_SIP</b><br>Test class: UAT_SIP2.Additional_Fillter</td>
<td></td>
<td>6</td>
<td>UAT_SIP2.Additional_Fillter@5167f57d</td></tr>
<tr>
<td title='UAT_SIP2.Documentation_Reports.Verify_DealerOutlet_K701()'><b>Verify_DealerOutlet_K701</b><br>Test class: UAT_SIP2.Documentation_Reports</td>
<td></td>
<td>3</td>
<td>UAT_SIP2.Documentation_Reports@68878f6d</td></tr>
<tr>
<td title='UAT_SIP2.Tentative_Waiting_and_Final_Delivery_Date.Edit_Final_Delivery_Date()'><b>Edit_Final_Delivery_Date</b><br>Test class: UAT_SIP2.Tentative_Waiting_and_Final_Delivery_Date</td>
<td></td>
<td>11</td>
<td>UAT_SIP2.Tentative_Waiting_and_Final_Delivery_Date@4a07d605</td></tr>
<tr>
<td title='UAT_SIP2.Tentative_Waiting_and_Final_Delivery_Date.Booking_Id()'><b>Booking_Id</b><br>Test class: UAT_SIP2.Tentative_Waiting_and_Final_Delivery_Date</td>
<td></td>
<td>3</td>
<td>UAT_SIP2.Tentative_Waiting_and_Final_Delivery_Date@4a07d605</td></tr>
<tr>
<td title='UAT_SIP2.Additional_Fillter.PopuPhandle()'><b>PopuPhandle</b><br>Test class: UAT_SIP2.Additional_Fillter</td>
<td></td>
<td>6</td>
<td>UAT_SIP2.Additional_Fillter@5167f57d</td></tr>
<tr>
<td title='UAT_SIP2.Cancelled_Booking_Sorting.Colour_Sorting()'><b>Colour_Sorting</b><br>Test class: UAT_SIP2.Cancelled_Booking_Sorting</td>
<td></td>
<td>2</td>
<td>UAT_SIP2.Cancelled_Booking_Sorting@383dc82c</td></tr>
<tr>
<td title='UAT_SIP2.Tentative_Waiting_and_Final_Delivery_Date.Click_Customer()'><b>Click_Customer</b><br>Test class: UAT_SIP2.Tentative_Waiting_and_Final_Delivery_Date</td>
<td></td>
<td>2</td>
<td>UAT_SIP2.Tentative_Waiting_and_Final_Delivery_Date@4a07d605</td></tr>
<tr>
<td title='UAT_SIP2.Customer_Tag.Verify_Other()'><b>Verify_Other</b><br>Test class: UAT_SIP2.Customer_Tag</td>
<td></td>
<td>2</td>
<td>UAT_SIP2.Customer_Tag@7d7758be</td></tr>
<tr>
<td title='UAT_SIP2.Customer_Query.Payment_Query_Flow()'><b>Payment_Query_Flow</b><br>Test class: UAT_SIP2.Customer_Query</td>
<td></td>
<td>10</td>
<td>UAT_SIP2.Customer_Query@74287ea3</td></tr>
<tr>
<td title='UAT_SIP2.Cancelled_Booking_Sorting.Click_On_Cancelled_Booking()'><b>Click_On_Cancelled_Booking</b><br>Test class: UAT_SIP2.Cancelled_Booking_Sorting</td>
<td></td>
<td>2</td>
<td>UAT_SIP2.Cancelled_Booking_Sorting@383dc82c</td></tr>
<tr>
<td title='UAT_SIP2.Additional_Fillter.Close_Additional_Fillter()'><b>Close_Additional_Fillter</b><br>Test class: UAT_SIP2.Additional_Fillter</td>
<td></td>
<td>0</td>
<td>UAT_SIP2.Additional_Fillter@5167f57d</td></tr>
<tr>
<td title='UAT_SIP2.Check_On_Road_Price.Click_ChecK_On_ROAD_Price()'><b>Click_ChecK_On_ROAD_Price</b><br>Test class: UAT_SIP2.Check_On_Road_Price</td>
<td></td>
<td>0</td>
<td>UAT_SIP2.Check_On_Road_Price@5f9edf14</td></tr>
<tr>
<td title='UAT_SIP2.SVOC.Booking_NO()'><b>Booking_NO</b><br>Test class: UAT_SIP2.SVOC</td>
<td></td>
<td>0</td>
<td>UAT_SIP2.SVOC@68746f22</td></tr>
<tr>
<td title='UAT_SIP2.Documentation_Reports.Click_On_BackButton()'><b>Click_On_BackButton</b><br>Test class: UAT_SIP2.Documentation_Reports</td>
<td></td>
<td>0</td>
<td>UAT_SIP2.Documentation_Reports@68878f6d</td></tr>
<tr>
<td title='UAT_SIP2.Customer_Query.Others_Query()'><b>Others_Query</b><br>Test class: UAT_SIP2.Customer_Query</td>
<td></td>
<td>1</td>
<td>UAT_SIP2.Customer_Query@74287ea3</td></tr>
<tr>
<td title='UAT_SIP2.Additional_Fillter.Verify_Tentative_DeliveryDATE_Fillter()'><b>Verify_Tentative_DeliveryDATE_Fillter</b><br>Test class: UAT_SIP2.Additional_Fillter</td>
<td></td>
<td>7</td>
<td>UAT_SIP2.Additional_Fillter@5167f57d</td></tr>
<tr>
<td title='UAT_SIP2.Check_On_Road_Price.All_Vehicle_Details()'><b>All_Vehicle_Details</b><br>Test class: UAT_SIP2.Check_On_Road_Price</td>
<td></td>
<td>0</td>
<td>UAT_SIP2.Check_On_Road_Price@5f9edf14</td></tr>
<tr>
<td title='UAT_SIP2.Customer_Query.Validate_Payment_Query()'><b>Validate_Payment_Query</b><br>Test class: UAT_SIP2.Customer_Query</td>
<td></td>
<td>1</td>
<td>UAT_SIP2.Customer_Query@74287ea3</td></tr>
<tr>
<td title='UAT_SIP2.Customer_Query.Validate_Product_Query()'><b>Validate_Product_Query</b><br>Test class: UAT_SIP2.Customer_Query</td>
<td></td>
<td>1</td>
<td>UAT_SIP2.Customer_Query@74287ea3</td></tr>
<tr>
<td title='UAT_SIP2.Customer_Query.True_Value_Query()'><b>True_Value_Query</b><br>Test class: UAT_SIP2.Customer_Query</td>
<td></td>
<td>1</td>
<td>UAT_SIP2.Customer_Query@74287ea3</td></tr>
</table><p>
</body>
</html>