<html>
<head>
<title>TestNG:  API_TestCases</title>
<link href="../testng.css" rel="stylesheet" type="text/css" />
<link href="../my-testng.css" rel="stylesheet" type="text/css" />

<style type="text/css">
.log { display: none;} 
.stack-trace { display: none;} 
</style>
<script type="text/javascript">
<!--
function flip(e) {
  current = e.style.display;
  if (current == 'block') {
    e.style.display = 'none';
    return 0;
  }
  else {
    e.style.display = 'block';
    return 1;
  }
}

function toggleBox(szDivId, elem, msg1, msg2)
{
  var res = -1;  if (document.getElementById) {
    res = flip(document.getElementById(szDivId));
  }
  else if (document.all) {
    // this is the way old msie versions work
    res = flip(document.all[szDivId]);
  }
  if(elem) {
    if(res == 0) elem.innerHTML = msg1; else elem.innerHTML = msg2;
  }

}

function toggleAllBoxes() {
  if (document.getElementsByTagName) {
    d = document.getElementsByTagName('div');
    for (i = 0; i < d.length; i++) {
      if (d[i].className == 'log') {
        flip(d[i]);
      }
    }
  }
}

// -->
</script>

</head>
<body>
<h2 align='center'>API_TestCases</h2><table border='1' align="center">
<tr>
<td>Tests passed/Failed/Skipped:</td><td>11/13/0</td>
</tr><tr>
<td>Started on:</td><td>Thu Mar 06 11:58:31 IST 2025</td>
</tr>
<tr><td>Total time:</td><td>853 seconds (853751 ms)</td>
</tr><tr>
<td>Included groups:</td><td></td>
</tr><tr>
<td>Excluded groups:</td><td></td>
</tr>
</table><p/>
<small><i>(Hover the method name to see the test class name)</i></small><p/>
<table width='100%' border='1' class='invocation-failed'>
<tr><td colspan='4' align='center'><b>FAILED TESTS</b></td></tr>
<tr><td><b>Test method</b></td>
<td width="30%"><b>Exception</b></td>
<td width="10%"><b>Time (seconds)</b></td>
<td><b>Instance</b></td>
</tr>
<tr>
<td title='All_Merged_APIs_Cases.Booking_Controller_APIs.getManualDocket()'><b>getManualDocket</b><br>Test class: All_Merged_APIs_Cases.Booking_Controller_APIs</td>
<td><div><pre>java.lang.AssertionError: Expected status code 200 OK, but received: 504 (Gateway Timeout) expected [200] but found [504]
	at All_Merged_APIs_Cases.Booking_Controller_APIs.StatusCode(Booking_Controller_APIs.java:517)
	at All_Merged_APIs_Cases.Booking_Controller_APIs.getManualDocket(Booking_Controller_APIs.java:508)
	at java.base/java.util.ArrayList.forEach(ArrayList.java:1597)
... Removed 30 stack frames</pre></div><a href='#' onClick='toggleBox("stack-trace976042249", this, "Click to show all stack frames", "Click to hide stack frames")'>Click to show all stack frames</a>
<div class='stack-trace' id='stack-trace976042249'><pre>java.lang.AssertionError: Expected status code 200 OK, but received: 504 (Gateway Timeout) expected [200] but found [504]
	at org.testng.Assert.fail(Assert.java:99)
	at org.testng.Assert.failNotEquals(Assert.java:1037)
	at org.testng.Assert.assertEqualsImpl(Assert.java:140)
	at org.testng.Assert.assertEquals(Assert.java:122)
	at org.testng.Assert.assertEquals(Assert.java:907)
	at All_Merged_APIs_Cases.Booking_Controller_APIs.StatusCode(Booking_Controller_APIs.java:517)
	at All_Merged_APIs_Cases.Booking_Controller_APIs.getManualDocket(Booking_Controller_APIs.java:508)
	at java.base/jdk.internal.reflect.DirectMethodHandleAccessor.invoke(DirectMethodHandleAccessor.java:103)
	at java.base/java.lang.reflect.Method.invoke(Method.java:580)
	at org.testng.internal.MethodInvocationHelper.invokeMethod(MethodInvocationHelper.java:133)
	at org.testng.internal.TestInvoker.invokeMethod(TestInvoker.java:598)
	at org.testng.internal.TestInvoker.invokeTestMethod(TestInvoker.java:173)
	at org.testng.internal.MethodRunner.runInSequence(MethodRunner.java:46)
	at org.testng.internal.TestInvoker$MethodInvocationAgent.invoke(TestInvoker.java:824)
	at org.testng.internal.TestInvoker.invokeTestMethods(TestInvoker.java:146)
	at org.testng.internal.TestMethodWorker.invokeTestMethods(TestMethodWorker.java:146)
	at org.testng.internal.TestMethodWorker.run(TestMethodWorker.java:128)
	at java.base/java.util.ArrayList.forEach(ArrayList.java:1597)
	at org.testng.TestRunner.privateRun(TestRunner.java:794)
	at org.testng.TestRunner.run(TestRunner.java:596)
	at org.testng.SuiteRunner.runTest(SuiteRunner.java:377)
	at org.testng.SuiteRunner.runSequentially(SuiteRunner.java:371)
	at org.testng.SuiteRunner.privateRun(SuiteRunner.java:332)
	at org.testng.SuiteRunner.run(SuiteRunner.java:276)
	at org.testng.SuiteRunnerWorker.runSuite(SuiteRunnerWorker.java:53)
	at org.testng.SuiteRunnerWorker.run(SuiteRunnerWorker.java:96)
	at org.testng.TestNG.runSuitesSequentially(TestNG.java:1212)
	at org.testng.TestNG.runSuitesLocally(TestNG.java:1134)
	at org.testng.TestNG.runSuites(TestNG.java:1063)
	at org.testng.TestNG.run(TestNG.java:1031)
	at org.testng.remote.AbstractRemoteTestNG.run(AbstractRemoteTestNG.java:115)
	at org.testng.remote.RemoteTestNG.initAndRun(RemoteTestNG.java:293)
	at org.testng.remote.RemoteTestNG.main(RemoteTestNG.java:91)
</pre></div></td>
<td>60</td>
<td>All_Merged_APIs_Cases.Booking_Controller_APIs@1a4927d6</td></tr>
<tr>
<td title='All_Merged_APIs_Cases.Booking_Controller_APIs.getCustomerTAG_BookingIdv()'><b>getCustomerTAG_BookingIdv</b><br>Test class: All_Merged_APIs_Cases.Booking_Controller_APIs</td>
<td><div><pre>java.lang.AssertionError: Expected status code 200 OK, but received: 504 (Gateway Timeout) expected [200] but found [504]
	at All_Merged_APIs_Cases.Booking_Controller_APIs.StatusCode(Booking_Controller_APIs.java:517)
	at All_Merged_APIs_Cases.Booking_Controller_APIs.getCustomerTAG_BookingIdv(Booking_Controller_APIs.java:391)
	at java.base/java.util.ArrayList.forEach(ArrayList.java:1597)
... Removed 30 stack frames</pre></div><a href='#' onClick='toggleBox("stack-trace1417203230", this, "Click to show all stack frames", "Click to hide stack frames")'>Click to show all stack frames</a>
<div class='stack-trace' id='stack-trace1417203230'><pre>java.lang.AssertionError: Expected status code 200 OK, but received: 504 (Gateway Timeout) expected [200] but found [504]
	at org.testng.Assert.fail(Assert.java:99)
	at org.testng.Assert.failNotEquals(Assert.java:1037)
	at org.testng.Assert.assertEqualsImpl(Assert.java:140)
	at org.testng.Assert.assertEquals(Assert.java:122)
	at org.testng.Assert.assertEquals(Assert.java:907)
	at All_Merged_APIs_Cases.Booking_Controller_APIs.StatusCode(Booking_Controller_APIs.java:517)
	at All_Merged_APIs_Cases.Booking_Controller_APIs.getCustomerTAG_BookingIdv(Booking_Controller_APIs.java:391)
	at java.base/jdk.internal.reflect.DirectMethodHandleAccessor.invoke(DirectMethodHandleAccessor.java:103)
	at java.base/java.lang.reflect.Method.invoke(Method.java:580)
	at org.testng.internal.MethodInvocationHelper.invokeMethod(MethodInvocationHelper.java:133)
	at org.testng.internal.TestInvoker.invokeMethod(TestInvoker.java:598)
	at org.testng.internal.TestInvoker.invokeTestMethod(TestInvoker.java:173)
	at org.testng.internal.MethodRunner.runInSequence(MethodRunner.java:46)
	at org.testng.internal.TestInvoker$MethodInvocationAgent.invoke(TestInvoker.java:824)
	at org.testng.internal.TestInvoker.invokeTestMethods(TestInvoker.java:146)
	at org.testng.internal.TestMethodWorker.invokeTestMethods(TestMethodWorker.java:146)
	at org.testng.internal.TestMethodWorker.run(TestMethodWorker.java:128)
	at java.base/java.util.ArrayList.forEach(ArrayList.java:1597)
	at org.testng.TestRunner.privateRun(TestRunner.java:794)
	at org.testng.TestRunner.run(TestRunner.java:596)
	at org.testng.SuiteRunner.runTest(SuiteRunner.java:377)
	at org.testng.SuiteRunner.runSequentially(SuiteRunner.java:371)
	at org.testng.SuiteRunner.privateRun(SuiteRunner.java:332)
	at org.testng.SuiteRunner.run(SuiteRunner.java:276)
	at org.testng.SuiteRunnerWorker.runSuite(SuiteRunnerWorker.java:53)
	at org.testng.SuiteRunnerWorker.run(SuiteRunnerWorker.java:96)
	at org.testng.TestNG.runSuitesSequentially(TestNG.java:1212)
	at org.testng.TestNG.runSuitesLocally(TestNG.java:1134)
	at org.testng.TestNG.runSuites(TestNG.java:1063)
	at org.testng.TestNG.run(TestNG.java:1031)
	at org.testng.remote.AbstractRemoteTestNG.run(AbstractRemoteTestNG.java:115)
	at org.testng.remote.RemoteTestNG.initAndRun(RemoteTestNG.java:293)
	at org.testng.remote.RemoteTestNG.main(RemoteTestNG.java:91)
</pre></div></td>
<td>60</td>
<td>All_Merged_APIs_Cases.Booking_Controller_APIs@1a4927d6</td></tr>
<tr>
<td title='All_Merged_APIs_Cases.Booking_Controller_APIs.getCustomerTAGList()'><b>getCustomerTAGList</b><br>Test class: All_Merged_APIs_Cases.Booking_Controller_APIs</td>
<td><div><pre>java.lang.AssertionError: Expected status code 200 OK, but received: 504 (Gateway Timeout) expected [200] but found [504]
	at All_Merged_APIs_Cases.Booking_Controller_APIs.StatusCode(Booking_Controller_APIs.java:517)
	at All_Merged_APIs_Cases.Booking_Controller_APIs.getCustomerTAGList(Booking_Controller_APIs.java:371)
	at java.base/java.util.ArrayList.forEach(ArrayList.java:1597)
... Removed 30 stack frames</pre></div><a href='#' onClick='toggleBox("stack-trace1167813715", this, "Click to show all stack frames", "Click to hide stack frames")'>Click to show all stack frames</a>
<div class='stack-trace' id='stack-trace1167813715'><pre>java.lang.AssertionError: Expected status code 200 OK, but received: 504 (Gateway Timeout) expected [200] but found [504]
	at org.testng.Assert.fail(Assert.java:99)
	at org.testng.Assert.failNotEquals(Assert.java:1037)
	at org.testng.Assert.assertEqualsImpl(Assert.java:140)
	at org.testng.Assert.assertEquals(Assert.java:122)
	at org.testng.Assert.assertEquals(Assert.java:907)
	at All_Merged_APIs_Cases.Booking_Controller_APIs.StatusCode(Booking_Controller_APIs.java:517)
	at All_Merged_APIs_Cases.Booking_Controller_APIs.getCustomerTAGList(Booking_Controller_APIs.java:371)
	at java.base/jdk.internal.reflect.DirectMethodHandleAccessor.invoke(DirectMethodHandleAccessor.java:103)
	at java.base/java.lang.reflect.Method.invoke(Method.java:580)
	at org.testng.internal.MethodInvocationHelper.invokeMethod(MethodInvocationHelper.java:133)
	at org.testng.internal.TestInvoker.invokeMethod(TestInvoker.java:598)
	at org.testng.internal.TestInvoker.invokeTestMethod(TestInvoker.java:173)
	at org.testng.internal.MethodRunner.runInSequence(MethodRunner.java:46)
	at org.testng.internal.TestInvoker$MethodInvocationAgent.invoke(TestInvoker.java:824)
	at org.testng.internal.TestInvoker.invokeTestMethods(TestInvoker.java:146)
	at org.testng.internal.TestMethodWorker.invokeTestMethods(TestMethodWorker.java:146)
	at org.testng.internal.TestMethodWorker.run(TestMethodWorker.java:128)
	at java.base/java.util.ArrayList.forEach(ArrayList.java:1597)
	at org.testng.TestRunner.privateRun(TestRunner.java:794)
	at org.testng.TestRunner.run(TestRunner.java:596)
	at org.testng.SuiteRunner.runTest(SuiteRunner.java:377)
	at org.testng.SuiteRunner.runSequentially(SuiteRunner.java:371)
	at org.testng.SuiteRunner.privateRun(SuiteRunner.java:332)
	at org.testng.SuiteRunner.run(SuiteRunner.java:276)
	at org.testng.SuiteRunnerWorker.runSuite(SuiteRunnerWorker.java:53)
	at org.testng.SuiteRunnerWorker.run(SuiteRunnerWorker.java:96)
	at org.testng.TestNG.runSuitesSequentially(TestNG.java:1212)
	at org.testng.TestNG.runSuitesLocally(TestNG.java:1134)
	at org.testng.TestNG.runSuites(TestNG.java:1063)
	at org.testng.TestNG.run(TestNG.java:1031)
	at org.testng.remote.AbstractRemoteTestNG.run(AbstractRemoteTestNG.java:115)
	at org.testng.remote.RemoteTestNG.initAndRun(RemoteTestNG.java:293)
	at org.testng.remote.RemoteTestNG.main(RemoteTestNG.java:91)
</pre></div></td>
<td>60</td>
<td>All_Merged_APIs_Cases.Booking_Controller_APIs@1a4927d6</td></tr>
<tr>
<td title='All_Merged_APIs_Cases.Booking_Controller_APIs.getCustomerSVOC()'><b>getCustomerSVOC</b><br>Test class: All_Merged_APIs_Cases.Booking_Controller_APIs</td>
<td><div><pre>java.lang.AssertionError: Expected status code 200 OK, but received: 504 (Gateway Timeout) expected [200] but found [504]
	at All_Merged_APIs_Cases.Booking_Controller_APIs.StatusCode(Booking_Controller_APIs.java:517)
	at All_Merged_APIs_Cases.Booking_Controller_APIs.getCustomerSVOC(Booking_Controller_APIs.java:234)
	at java.base/java.util.ArrayList.forEach(ArrayList.java:1597)
... Removed 30 stack frames</pre></div><a href='#' onClick='toggleBox("stack-trace38625764", this, "Click to show all stack frames", "Click to hide stack frames")'>Click to show all stack frames</a>
<div class='stack-trace' id='stack-trace38625764'><pre>java.lang.AssertionError: Expected status code 200 OK, but received: 504 (Gateway Timeout) expected [200] but found [504]
	at org.testng.Assert.fail(Assert.java:99)
	at org.testng.Assert.failNotEquals(Assert.java:1037)
	at org.testng.Assert.assertEqualsImpl(Assert.java:140)
	at org.testng.Assert.assertEquals(Assert.java:122)
	at org.testng.Assert.assertEquals(Assert.java:907)
	at All_Merged_APIs_Cases.Booking_Controller_APIs.StatusCode(Booking_Controller_APIs.java:517)
	at All_Merged_APIs_Cases.Booking_Controller_APIs.getCustomerSVOC(Booking_Controller_APIs.java:234)
	at java.base/jdk.internal.reflect.DirectMethodHandleAccessor.invoke(DirectMethodHandleAccessor.java:103)
	at java.base/java.lang.reflect.Method.invoke(Method.java:580)
	at org.testng.internal.MethodInvocationHelper.invokeMethod(MethodInvocationHelper.java:133)
	at org.testng.internal.TestInvoker.invokeMethod(TestInvoker.java:598)
	at org.testng.internal.TestInvoker.invokeTestMethod(TestInvoker.java:173)
	at org.testng.internal.MethodRunner.runInSequence(MethodRunner.java:46)
	at org.testng.internal.TestInvoker$MethodInvocationAgent.invoke(TestInvoker.java:824)
	at org.testng.internal.TestInvoker.invokeTestMethods(TestInvoker.java:146)
	at org.testng.internal.TestMethodWorker.invokeTestMethods(TestMethodWorker.java:146)
	at org.testng.internal.TestMethodWorker.run(TestMethodWorker.java:128)
	at java.base/java.util.ArrayList.forEach(ArrayList.java:1597)
	at org.testng.TestRunner.privateRun(TestRunner.java:794)
	at org.testng.TestRunner.run(TestRunner.java:596)
	at org.testng.SuiteRunner.runTest(SuiteRunner.java:377)
	at org.testng.SuiteRunner.runSequentially(SuiteRunner.java:371)
	at org.testng.SuiteRunner.privateRun(SuiteRunner.java:332)
	at org.testng.SuiteRunner.run(SuiteRunner.java:276)
	at org.testng.SuiteRunnerWorker.runSuite(SuiteRunnerWorker.java:53)
	at org.testng.SuiteRunnerWorker.run(SuiteRunnerWorker.java:96)
	at org.testng.TestNG.runSuitesSequentially(TestNG.java:1212)
	at org.testng.TestNG.runSuitesLocally(TestNG.java:1134)
	at org.testng.TestNG.runSuites(TestNG.java:1063)
	at org.testng.TestNG.run(TestNG.java:1031)
	at org.testng.remote.AbstractRemoteTestNG.run(AbstractRemoteTestNG.java:115)
	at org.testng.remote.RemoteTestNG.initAndRun(RemoteTestNG.java:293)
	at org.testng.remote.RemoteTestNG.main(RemoteTestNG.java:91)
</pre></div></td>
<td>60</td>
<td>All_Merged_APIs_Cases.Booking_Controller_APIs@1a4927d6</td></tr>
<tr>
<td title='All_Merged_APIs_Cases.Booking_Controller_APIs.Booking_Details_BookingIdv()'><b>Booking_Details_BookingIdv</b><br>Test class: All_Merged_APIs_Cases.Booking_Controller_APIs</td>
<td><div><pre>java.lang.AssertionError: Expected status code 200 OK, but received: 504 (Gateway Timeout) expected [200] but found [504]
	at All_Merged_APIs_Cases.Booking_Controller_APIs.StatusCode(Booking_Controller_APIs.java:517)
	at All_Merged_APIs_Cases.Booking_Controller_APIs.Booking_Details_BookingIdv(Booking_Controller_APIs.java:456)
	at java.base/java.util.ArrayList.forEach(ArrayList.java:1597)
... Removed 30 stack frames</pre></div><a href='#' onClick='toggleBox("stack-trace837249677", this, "Click to show all stack frames", "Click to hide stack frames")'>Click to show all stack frames</a>
<div class='stack-trace' id='stack-trace837249677'><pre>java.lang.AssertionError: Expected status code 200 OK, but received: 504 (Gateway Timeout) expected [200] but found [504]
	at org.testng.Assert.fail(Assert.java:99)
	at org.testng.Assert.failNotEquals(Assert.java:1037)
	at org.testng.Assert.assertEqualsImpl(Assert.java:140)
	at org.testng.Assert.assertEquals(Assert.java:122)
	at org.testng.Assert.assertEquals(Assert.java:907)
	at All_Merged_APIs_Cases.Booking_Controller_APIs.StatusCode(Booking_Controller_APIs.java:517)
	at All_Merged_APIs_Cases.Booking_Controller_APIs.Booking_Details_BookingIdv(Booking_Controller_APIs.java:456)
	at java.base/jdk.internal.reflect.DirectMethodHandleAccessor.invoke(DirectMethodHandleAccessor.java:103)
	at java.base/java.lang.reflect.Method.invoke(Method.java:580)
	at org.testng.internal.MethodInvocationHelper.invokeMethod(MethodInvocationHelper.java:133)
	at org.testng.internal.TestInvoker.invokeMethod(TestInvoker.java:598)
	at org.testng.internal.TestInvoker.invokeTestMethod(TestInvoker.java:173)
	at org.testng.internal.MethodRunner.runInSequence(MethodRunner.java:46)
	at org.testng.internal.TestInvoker$MethodInvocationAgent.invoke(TestInvoker.java:824)
	at org.testng.internal.TestInvoker.invokeTestMethods(TestInvoker.java:146)
	at org.testng.internal.TestMethodWorker.invokeTestMethods(TestMethodWorker.java:146)
	at org.testng.internal.TestMethodWorker.run(TestMethodWorker.java:128)
	at java.base/java.util.ArrayList.forEach(ArrayList.java:1597)
	at org.testng.TestRunner.privateRun(TestRunner.java:794)
	at org.testng.TestRunner.run(TestRunner.java:596)
	at org.testng.SuiteRunner.runTest(SuiteRunner.java:377)
	at org.testng.SuiteRunner.runSequentially(SuiteRunner.java:371)
	at org.testng.SuiteRunner.privateRun(SuiteRunner.java:332)
	at org.testng.SuiteRunner.run(SuiteRunner.java:276)
	at org.testng.SuiteRunnerWorker.runSuite(SuiteRunnerWorker.java:53)
	at org.testng.SuiteRunnerWorker.run(SuiteRunnerWorker.java:96)
	at org.testng.TestNG.runSuitesSequentially(TestNG.java:1212)
	at org.testng.TestNG.runSuitesLocally(TestNG.java:1134)
	at org.testng.TestNG.runSuites(TestNG.java:1063)
	at org.testng.TestNG.run(TestNG.java:1031)
	at org.testng.remote.AbstractRemoteTestNG.run(AbstractRemoteTestNG.java:115)
	at org.testng.remote.RemoteTestNG.initAndRun(RemoteTestNG.java:293)
	at org.testng.remote.RemoteTestNG.main(RemoteTestNG.java:91)
</pre></div></td>
<td>60</td>
<td>All_Merged_APIs_Cases.Booking_Controller_APIs@1a4927d6</td></tr>
<tr>
<td title='All_Merged_APIs_Cases.Booking_Controller_APIs.getReceiptDetails()'><b>getReceiptDetails</b><br>Test class: All_Merged_APIs_Cases.Booking_Controller_APIs</td>
<td><div><pre>java.lang.AssertionError: Expected status code 200 OK, but received: 504 (Gateway Timeout) expected [200] but found [504]
	at All_Merged_APIs_Cases.Booking_Controller_APIs.StatusCode(Booking_Controller_APIs.java:517)
	at All_Merged_APIs_Cases.Booking_Controller_APIs.getReceiptDetails(Booking_Controller_APIs.java:168)
	at java.base/java.util.ArrayList.forEach(ArrayList.java:1597)
... Removed 30 stack frames</pre></div><a href='#' onClick='toggleBox("stack-trace1134011961", this, "Click to show all stack frames", "Click to hide stack frames")'>Click to show all stack frames</a>
<div class='stack-trace' id='stack-trace1134011961'><pre>java.lang.AssertionError: Expected status code 200 OK, but received: 504 (Gateway Timeout) expected [200] but found [504]
	at org.testng.Assert.fail(Assert.java:99)
	at org.testng.Assert.failNotEquals(Assert.java:1037)
	at org.testng.Assert.assertEqualsImpl(Assert.java:140)
	at org.testng.Assert.assertEquals(Assert.java:122)
	at org.testng.Assert.assertEquals(Assert.java:907)
	at All_Merged_APIs_Cases.Booking_Controller_APIs.StatusCode(Booking_Controller_APIs.java:517)
	at All_Merged_APIs_Cases.Booking_Controller_APIs.getReceiptDetails(Booking_Controller_APIs.java:168)
	at java.base/jdk.internal.reflect.DirectMethodHandleAccessor.invoke(DirectMethodHandleAccessor.java:103)
	at java.base/java.lang.reflect.Method.invoke(Method.java:580)
	at org.testng.internal.MethodInvocationHelper.invokeMethod(MethodInvocationHelper.java:133)
	at org.testng.internal.TestInvoker.invokeMethod(TestInvoker.java:598)
	at org.testng.internal.TestInvoker.invokeTestMethod(TestInvoker.java:173)
	at org.testng.internal.MethodRunner.runInSequence(MethodRunner.java:46)
	at org.testng.internal.TestInvoker$MethodInvocationAgent.invoke(TestInvoker.java:824)
	at org.testng.internal.TestInvoker.invokeTestMethods(TestInvoker.java:146)
	at org.testng.internal.TestMethodWorker.invokeTestMethods(TestMethodWorker.java:146)
	at org.testng.internal.TestMethodWorker.run(TestMethodWorker.java:128)
	at java.base/java.util.ArrayList.forEach(ArrayList.java:1597)
	at org.testng.TestRunner.privateRun(TestRunner.java:794)
	at org.testng.TestRunner.run(TestRunner.java:596)
	at org.testng.SuiteRunner.runTest(SuiteRunner.java:377)
	at org.testng.SuiteRunner.runSequentially(SuiteRunner.java:371)
	at org.testng.SuiteRunner.privateRun(SuiteRunner.java:332)
	at org.testng.SuiteRunner.run(SuiteRunner.java:276)
	at org.testng.SuiteRunnerWorker.runSuite(SuiteRunnerWorker.java:53)
	at org.testng.SuiteRunnerWorker.run(SuiteRunnerWorker.java:96)
	at org.testng.TestNG.runSuitesSequentially(TestNG.java:1212)
	at org.testng.TestNG.runSuitesLocally(TestNG.java:1134)
	at org.testng.TestNG.runSuites(TestNG.java:1063)
	at org.testng.TestNG.run(TestNG.java:1031)
	at org.testng.remote.AbstractRemoteTestNG.run(AbstractRemoteTestNG.java:115)
	at org.testng.remote.RemoteTestNG.initAndRun(RemoteTestNG.java:293)
	at org.testng.remote.RemoteTestNG.main(RemoteTestNG.java:91)
</pre></div></td>
<td>60</td>
<td>All_Merged_APIs_Cases.Booking_Controller_APIs@1a4927d6</td></tr>
<tr>
<td title='All_Merged_APIs_Cases.Booking_Controller_APIs.getBookingsColumnWise()'><b>getBookingsColumnWise</b><br>Test class: All_Merged_APIs_Cases.Booking_Controller_APIs</td>
<td><div><pre>java.lang.AssertionError: Expected status code 200 OK, but received: 504 (Gateway Timeout) expected [200] but found [504]
	at All_Merged_APIs_Cases.Booking_Controller_APIs.StatusCode(Booking_Controller_APIs.java:517)
	at All_Merged_APIs_Cases.Booking_Controller_APIs.getBookingsColumnWise(Booking_Controller_APIs.java:255)
	at java.base/java.util.ArrayList.forEach(ArrayList.java:1597)
... Removed 30 stack frames</pre></div><a href='#' onClick='toggleBox("stack-trace1429980012", this, "Click to show all stack frames", "Click to hide stack frames")'>Click to show all stack frames</a>
<div class='stack-trace' id='stack-trace1429980012'><pre>java.lang.AssertionError: Expected status code 200 OK, but received: 504 (Gateway Timeout) expected [200] but found [504]
	at org.testng.Assert.fail(Assert.java:99)
	at org.testng.Assert.failNotEquals(Assert.java:1037)
	at org.testng.Assert.assertEqualsImpl(Assert.java:140)
	at org.testng.Assert.assertEquals(Assert.java:122)
	at org.testng.Assert.assertEquals(Assert.java:907)
	at All_Merged_APIs_Cases.Booking_Controller_APIs.StatusCode(Booking_Controller_APIs.java:517)
	at All_Merged_APIs_Cases.Booking_Controller_APIs.getBookingsColumnWise(Booking_Controller_APIs.java:255)
	at java.base/jdk.internal.reflect.DirectMethodHandleAccessor.invoke(DirectMethodHandleAccessor.java:103)
	at java.base/java.lang.reflect.Method.invoke(Method.java:580)
	at org.testng.internal.MethodInvocationHelper.invokeMethod(MethodInvocationHelper.java:133)
	at org.testng.internal.TestInvoker.invokeMethod(TestInvoker.java:598)
	at org.testng.internal.TestInvoker.invokeTestMethod(TestInvoker.java:173)
	at org.testng.internal.MethodRunner.runInSequence(MethodRunner.java:46)
	at org.testng.internal.TestInvoker$MethodInvocationAgent.invoke(TestInvoker.java:824)
	at org.testng.internal.TestInvoker.invokeTestMethods(TestInvoker.java:146)
	at org.testng.internal.TestMethodWorker.invokeTestMethods(TestMethodWorker.java:146)
	at org.testng.internal.TestMethodWorker.run(TestMethodWorker.java:128)
	at java.base/java.util.ArrayList.forEach(ArrayList.java:1597)
	at org.testng.TestRunner.privateRun(TestRunner.java:794)
	at org.testng.TestRunner.run(TestRunner.java:596)
	at org.testng.SuiteRunner.runTest(SuiteRunner.java:377)
	at org.testng.SuiteRunner.runSequentially(SuiteRunner.java:371)
	at org.testng.SuiteRunner.privateRun(SuiteRunner.java:332)
	at org.testng.SuiteRunner.run(SuiteRunner.java:276)
	at org.testng.SuiteRunnerWorker.runSuite(SuiteRunnerWorker.java:53)
	at org.testng.SuiteRunnerWorker.run(SuiteRunnerWorker.java:96)
	at org.testng.TestNG.runSuitesSequentially(TestNG.java:1212)
	at org.testng.TestNG.runSuitesLocally(TestNG.java:1134)
	at org.testng.TestNG.runSuites(TestNG.java:1063)
	at org.testng.TestNG.run(TestNG.java:1031)
	at org.testng.remote.AbstractRemoteTestNG.run(AbstractRemoteTestNG.java:115)
	at org.testng.remote.RemoteTestNG.initAndRun(RemoteTestNG.java:293)
	at org.testng.remote.RemoteTestNG.main(RemoteTestNG.java:91)
</pre></div></td>
<td>60</td>
<td>All_Merged_APIs_Cases.Booking_Controller_APIs@1a4927d6</td></tr>
<tr>
<td title='All_Merged_APIs_Cases.Booking_Controller_APIs.getDocumentList()'><b>getDocumentList</b><br>Test class: All_Merged_APIs_Cases.Booking_Controller_APIs</td>
<td><div><pre>java.lang.AssertionError: Expected status code 200 OK, but received: 504 (Gateway Timeout) expected [200] but found [504]
	at All_Merged_APIs_Cases.Booking_Controller_APIs.StatusCode(Booking_Controller_APIs.java:517)
	at All_Merged_APIs_Cases.Booking_Controller_APIs.getDocumentList(Booking_Controller_APIs.java:213)
	at java.base/java.util.ArrayList.forEach(ArrayList.java:1597)
... Removed 30 stack frames</pre></div><a href='#' onClick='toggleBox("stack-trace1802188146", this, "Click to show all stack frames", "Click to hide stack frames")'>Click to show all stack frames</a>
<div class='stack-trace' id='stack-trace1802188146'><pre>java.lang.AssertionError: Expected status code 200 OK, but received: 504 (Gateway Timeout) expected [200] but found [504]
	at org.testng.Assert.fail(Assert.java:99)
	at org.testng.Assert.failNotEquals(Assert.java:1037)
	at org.testng.Assert.assertEqualsImpl(Assert.java:140)
	at org.testng.Assert.assertEquals(Assert.java:122)
	at org.testng.Assert.assertEquals(Assert.java:907)
	at All_Merged_APIs_Cases.Booking_Controller_APIs.StatusCode(Booking_Controller_APIs.java:517)
	at All_Merged_APIs_Cases.Booking_Controller_APIs.getDocumentList(Booking_Controller_APIs.java:213)
	at java.base/jdk.internal.reflect.DirectMethodHandleAccessor.invoke(DirectMethodHandleAccessor.java:103)
	at java.base/java.lang.reflect.Method.invoke(Method.java:580)
	at org.testng.internal.MethodInvocationHelper.invokeMethod(MethodInvocationHelper.java:133)
	at org.testng.internal.TestInvoker.invokeMethod(TestInvoker.java:598)
	at org.testng.internal.TestInvoker.invokeTestMethod(TestInvoker.java:173)
	at org.testng.internal.MethodRunner.runInSequence(MethodRunner.java:46)
	at org.testng.internal.TestInvoker$MethodInvocationAgent.invoke(TestInvoker.java:824)
	at org.testng.internal.TestInvoker.invokeTestMethods(TestInvoker.java:146)
	at org.testng.internal.TestMethodWorker.invokeTestMethods(TestMethodWorker.java:146)
	at org.testng.internal.TestMethodWorker.run(TestMethodWorker.java:128)
	at java.base/java.util.ArrayList.forEach(ArrayList.java:1597)
	at org.testng.TestRunner.privateRun(TestRunner.java:794)
	at org.testng.TestRunner.run(TestRunner.java:596)
	at org.testng.SuiteRunner.runTest(SuiteRunner.java:377)
	at org.testng.SuiteRunner.runSequentially(SuiteRunner.java:371)
	at org.testng.SuiteRunner.privateRun(SuiteRunner.java:332)
	at org.testng.SuiteRunner.run(SuiteRunner.java:276)
	at org.testng.SuiteRunnerWorker.runSuite(SuiteRunnerWorker.java:53)
	at org.testng.SuiteRunnerWorker.run(SuiteRunnerWorker.java:96)
	at org.testng.TestNG.runSuitesSequentially(TestNG.java:1212)
	at org.testng.TestNG.runSuitesLocally(TestNG.java:1134)
	at org.testng.TestNG.runSuites(TestNG.java:1063)
	at org.testng.TestNG.run(TestNG.java:1031)
	at org.testng.remote.AbstractRemoteTestNG.run(AbstractRemoteTestNG.java:115)
	at org.testng.remote.RemoteTestNG.initAndRun(RemoteTestNG.java:293)
	at org.testng.remote.RemoteTestNG.main(RemoteTestNG.java:91)
</pre></div></td>
<td>60</td>
<td>All_Merged_APIs_Cases.Booking_Controller_APIs@1a4927d6</td></tr>
<tr>
<td title='All_Merged_APIs_Cases.Booking_Controller_APIs.getBookingList()'><b>getBookingList</b><br>Test class: All_Merged_APIs_Cases.Booking_Controller_APIs</td>
<td><div><pre>java.lang.AssertionError: Expected status code 200 OK, but received: 504 (Gateway Timeout) expected [200] but found [504]
	at All_Merged_APIs_Cases.Booking_Controller_APIs.StatusCode(Booking_Controller_APIs.java:517)
	at All_Merged_APIs_Cases.Booking_Controller_APIs.getBookingList(Booking_Controller_APIs.java:288)
	at java.base/java.util.ArrayList.forEach(ArrayList.java:1597)
... Removed 30 stack frames</pre></div><a href='#' onClick='toggleBox("stack-trace1258010306", this, "Click to show all stack frames", "Click to hide stack frames")'>Click to show all stack frames</a>
<div class='stack-trace' id='stack-trace1258010306'><pre>java.lang.AssertionError: Expected status code 200 OK, but received: 504 (Gateway Timeout) expected [200] but found [504]
	at org.testng.Assert.fail(Assert.java:99)
	at org.testng.Assert.failNotEquals(Assert.java:1037)
	at org.testng.Assert.assertEqualsImpl(Assert.java:140)
	at org.testng.Assert.assertEquals(Assert.java:122)
	at org.testng.Assert.assertEquals(Assert.java:907)
	at All_Merged_APIs_Cases.Booking_Controller_APIs.StatusCode(Booking_Controller_APIs.java:517)
	at All_Merged_APIs_Cases.Booking_Controller_APIs.getBookingList(Booking_Controller_APIs.java:288)
	at java.base/jdk.internal.reflect.DirectMethodHandleAccessor.invoke(DirectMethodHandleAccessor.java:103)
	at java.base/java.lang.reflect.Method.invoke(Method.java:580)
	at org.testng.internal.MethodInvocationHelper.invokeMethod(MethodInvocationHelper.java:133)
	at org.testng.internal.TestInvoker.invokeMethod(TestInvoker.java:598)
	at org.testng.internal.TestInvoker.invokeTestMethod(TestInvoker.java:173)
	at org.testng.internal.MethodRunner.runInSequence(MethodRunner.java:46)
	at org.testng.internal.TestInvoker$MethodInvocationAgent.invoke(TestInvoker.java:824)
	at org.testng.internal.TestInvoker.invokeTestMethods(TestInvoker.java:146)
	at org.testng.internal.TestMethodWorker.invokeTestMethods(TestMethodWorker.java:146)
	at org.testng.internal.TestMethodWorker.run(TestMethodWorker.java:128)
	at java.base/java.util.ArrayList.forEach(ArrayList.java:1597)
	at org.testng.TestRunner.privateRun(TestRunner.java:794)
	at org.testng.TestRunner.run(TestRunner.java:596)
	at org.testng.SuiteRunner.runTest(SuiteRunner.java:377)
	at org.testng.SuiteRunner.runSequentially(SuiteRunner.java:371)
	at org.testng.SuiteRunner.privateRun(SuiteRunner.java:332)
	at org.testng.SuiteRunner.run(SuiteRunner.java:276)
	at org.testng.SuiteRunnerWorker.runSuite(SuiteRunnerWorker.java:53)
	at org.testng.SuiteRunnerWorker.run(SuiteRunnerWorker.java:96)
	at org.testng.TestNG.runSuitesSequentially(TestNG.java:1212)
	at org.testng.TestNG.runSuitesLocally(TestNG.java:1134)
	at org.testng.TestNG.runSuites(TestNG.java:1063)
	at org.testng.TestNG.run(TestNG.java:1031)
	at org.testng.remote.AbstractRemoteTestNG.run(AbstractRemoteTestNG.java:115)
	at org.testng.remote.RemoteTestNG.initAndRun(RemoteTestNG.java:293)
	at org.testng.remote.RemoteTestNG.main(RemoteTestNG.java:91)
</pre></div></td>
<td>60</td>
<td>All_Merged_APIs_Cases.Booking_Controller_APIs@1a4927d6</td></tr>
<tr>
<td title='All_Merged_APIs_Cases.Booking_Controller_APIs.getColumnNames()'><b>getColumnNames</b><br>Test class: All_Merged_APIs_Cases.Booking_Controller_APIs</td>
<td><div><pre>java.lang.AssertionError: Expected status code 200 OK, but received: 504 (Gateway Timeout) expected [200] but found [504]
	at All_Merged_APIs_Cases.Booking_Controller_APIs.StatusCode(Booking_Controller_APIs.java:517)
	at All_Merged_APIs_Cases.Booking_Controller_APIs.getColumnNames(Booking_Controller_APIs.java:411)
	at java.base/java.util.ArrayList.forEach(ArrayList.java:1597)
... Removed 30 stack frames</pre></div><a href='#' onClick='toggleBox("stack-trace1496999718", this, "Click to show all stack frames", "Click to hide stack frames")'>Click to show all stack frames</a>
<div class='stack-trace' id='stack-trace1496999718'><pre>java.lang.AssertionError: Expected status code 200 OK, but received: 504 (Gateway Timeout) expected [200] but found [504]
	at org.testng.Assert.fail(Assert.java:99)
	at org.testng.Assert.failNotEquals(Assert.java:1037)
	at org.testng.Assert.assertEqualsImpl(Assert.java:140)
	at org.testng.Assert.assertEquals(Assert.java:122)
	at org.testng.Assert.assertEquals(Assert.java:907)
	at All_Merged_APIs_Cases.Booking_Controller_APIs.StatusCode(Booking_Controller_APIs.java:517)
	at All_Merged_APIs_Cases.Booking_Controller_APIs.getColumnNames(Booking_Controller_APIs.java:411)
	at java.base/jdk.internal.reflect.DirectMethodHandleAccessor.invoke(DirectMethodHandleAccessor.java:103)
	at java.base/java.lang.reflect.Method.invoke(Method.java:580)
	at org.testng.internal.MethodInvocationHelper.invokeMethod(MethodInvocationHelper.java:133)
	at org.testng.internal.TestInvoker.invokeMethod(TestInvoker.java:598)
	at org.testng.internal.TestInvoker.invokeTestMethod(TestInvoker.java:173)
	at org.testng.internal.MethodRunner.runInSequence(MethodRunner.java:46)
	at org.testng.internal.TestInvoker$MethodInvocationAgent.invoke(TestInvoker.java:824)
	at org.testng.internal.TestInvoker.invokeTestMethods(TestInvoker.java:146)
	at org.testng.internal.TestMethodWorker.invokeTestMethods(TestMethodWorker.java:146)
	at org.testng.internal.TestMethodWorker.run(TestMethodWorker.java:128)
	at java.base/java.util.ArrayList.forEach(ArrayList.java:1597)
	at org.testng.TestRunner.privateRun(TestRunner.java:794)
	at org.testng.TestRunner.run(TestRunner.java:596)
	at org.testng.SuiteRunner.runTest(SuiteRunner.java:377)
	at org.testng.SuiteRunner.runSequentially(SuiteRunner.java:371)
	at org.testng.SuiteRunner.privateRun(SuiteRunner.java:332)
	at org.testng.SuiteRunner.run(SuiteRunner.java:276)
	at org.testng.SuiteRunnerWorker.runSuite(SuiteRunnerWorker.java:53)
	at org.testng.SuiteRunnerWorker.run(SuiteRunnerWorker.java:96)
	at org.testng.TestNG.runSuitesSequentially(TestNG.java:1212)
	at org.testng.TestNG.runSuitesLocally(TestNG.java:1134)
	at org.testng.TestNG.runSuites(TestNG.java:1063)
	at org.testng.TestNG.run(TestNG.java:1031)
	at org.testng.remote.AbstractRemoteTestNG.run(AbstractRemoteTestNG.java:115)
	at org.testng.remote.RemoteTestNG.initAndRun(RemoteTestNG.java:293)
	at org.testng.remote.RemoteTestNG.main(RemoteTestNG.java:91)
</pre></div></td>
<td>60</td>
<td>All_Merged_APIs_Cases.Booking_Controller_APIs@1a4927d6</td></tr>
<tr>
<td title='All_Merged_APIs_Cases.Booking_Controller_APIs.getLoanStatus()'><b>getLoanStatus</b><br>Test class: All_Merged_APIs_Cases.Booking_Controller_APIs</td>
<td><div><pre>java.lang.AssertionError: Expected status code 200 OK, but received: 500 (Internal Server Error) expected [200] but found [500]
	at All_Merged_APIs_Cases.Booking_Controller_APIs.StatusCode(Booking_Controller_APIs.java:517)
	at All_Merged_APIs_Cases.Booking_Controller_APIs.getLoanStatus(Booking_Controller_APIs.java:192)
	at java.base/java.util.ArrayList.forEach(ArrayList.java:1597)
... Removed 30 stack frames</pre></div><a href='#' onClick='toggleBox("stack-trace912440831", this, "Click to show all stack frames", "Click to hide stack frames")'>Click to show all stack frames</a>
<div class='stack-trace' id='stack-trace912440831'><pre>java.lang.AssertionError: Expected status code 200 OK, but received: 500 (Internal Server Error) expected [200] but found [500]
	at org.testng.Assert.fail(Assert.java:99)
	at org.testng.Assert.failNotEquals(Assert.java:1037)
	at org.testng.Assert.assertEqualsImpl(Assert.java:140)
	at org.testng.Assert.assertEquals(Assert.java:122)
	at org.testng.Assert.assertEquals(Assert.java:907)
	at All_Merged_APIs_Cases.Booking_Controller_APIs.StatusCode(Booking_Controller_APIs.java:517)
	at All_Merged_APIs_Cases.Booking_Controller_APIs.getLoanStatus(Booking_Controller_APIs.java:192)
	at java.base/jdk.internal.reflect.DirectMethodHandleAccessor.invoke(DirectMethodHandleAccessor.java:103)
	at java.base/java.lang.reflect.Method.invoke(Method.java:580)
	at org.testng.internal.MethodInvocationHelper.invokeMethod(MethodInvocationHelper.java:133)
	at org.testng.internal.TestInvoker.invokeMethod(TestInvoker.java:598)
	at org.testng.internal.TestInvoker.invokeTestMethod(TestInvoker.java:173)
	at org.testng.internal.MethodRunner.runInSequence(MethodRunner.java:46)
	at org.testng.internal.TestInvoker$MethodInvocationAgent.invoke(TestInvoker.java:824)
	at org.testng.internal.TestInvoker.invokeTestMethods(TestInvoker.java:146)
	at org.testng.internal.TestMethodWorker.invokeTestMethods(TestMethodWorker.java:146)
	at org.testng.internal.TestMethodWorker.run(TestMethodWorker.java:128)
	at java.base/java.util.ArrayList.forEach(ArrayList.java:1597)
	at org.testng.TestRunner.privateRun(TestRunner.java:794)
	at org.testng.TestRunner.run(TestRunner.java:596)
	at org.testng.SuiteRunner.runTest(SuiteRunner.java:377)
	at org.testng.SuiteRunner.runSequentially(SuiteRunner.java:371)
	at org.testng.SuiteRunner.privateRun(SuiteRunner.java:332)
	at org.testng.SuiteRunner.run(SuiteRunner.java:276)
	at org.testng.SuiteRunnerWorker.runSuite(SuiteRunnerWorker.java:53)
	at org.testng.SuiteRunnerWorker.run(SuiteRunnerWorker.java:96)
	at org.testng.TestNG.runSuitesSequentially(TestNG.java:1212)
	at org.testng.TestNG.runSuitesLocally(TestNG.java:1134)
	at org.testng.TestNG.runSuites(TestNG.java:1063)
	at org.testng.TestNG.run(TestNG.java:1031)
	at org.testng.remote.AbstractRemoteTestNG.run(AbstractRemoteTestNG.java:115)
	at org.testng.remote.RemoteTestNG.initAndRun(RemoteTestNG.java:293)
	at org.testng.remote.RemoteTestNG.main(RemoteTestNG.java:91)
</pre></div></td>
<td>0</td>
<td>All_Merged_APIs_Cases.Booking_Controller_APIs@1a4927d6</td></tr>
<tr>
<td title='All_Merged_APIs_Cases.Booking_Controller_APIs.getDocument()'><b>getDocument</b><br>Test class: All_Merged_APIs_Cases.Booking_Controller_APIs</td>
<td><div><pre>java.lang.AssertionError: Expected status code 200 OK, but received: 504 (Gateway Timeout) expected [200] but found [504]
	at All_Merged_APIs_Cases.Booking_Controller_APIs.StatusCode(Booking_Controller_APIs.java:517)
	at All_Merged_APIs_Cases.Booking_Controller_APIs.getDocument(Booking_Controller_APIs.java:483)
	at java.base/java.util.ArrayList.forEach(ArrayList.java:1597)
... Removed 30 stack frames</pre></div><a href='#' onClick='toggleBox("stack-trace18928637", this, "Click to show all stack frames", "Click to hide stack frames")'>Click to show all stack frames</a>
<div class='stack-trace' id='stack-trace18928637'><pre>java.lang.AssertionError: Expected status code 200 OK, but received: 504 (Gateway Timeout) expected [200] but found [504]
	at org.testng.Assert.fail(Assert.java:99)
	at org.testng.Assert.failNotEquals(Assert.java:1037)
	at org.testng.Assert.assertEqualsImpl(Assert.java:140)
	at org.testng.Assert.assertEquals(Assert.java:122)
	at org.testng.Assert.assertEquals(Assert.java:907)
	at All_Merged_APIs_Cases.Booking_Controller_APIs.StatusCode(Booking_Controller_APIs.java:517)
	at All_Merged_APIs_Cases.Booking_Controller_APIs.getDocument(Booking_Controller_APIs.java:483)
	at java.base/jdk.internal.reflect.DirectMethodHandleAccessor.invoke(DirectMethodHandleAccessor.java:103)
	at java.base/java.lang.reflect.Method.invoke(Method.java:580)
	at org.testng.internal.MethodInvocationHelper.invokeMethod(MethodInvocationHelper.java:133)
	at org.testng.internal.TestInvoker.invokeMethod(TestInvoker.java:598)
	at org.testng.internal.TestInvoker.invokeTestMethod(TestInvoker.java:173)
	at org.testng.internal.MethodRunner.runInSequence(MethodRunner.java:46)
	at org.testng.internal.TestInvoker$MethodInvocationAgent.invoke(TestInvoker.java:824)
	at org.testng.internal.TestInvoker.invokeTestMethods(TestInvoker.java:146)
	at org.testng.internal.TestMethodWorker.invokeTestMethods(TestMethodWorker.java:146)
	at org.testng.internal.TestMethodWorker.run(TestMethodWorker.java:128)
	at java.base/java.util.ArrayList.forEach(ArrayList.java:1597)
	at org.testng.TestRunner.privateRun(TestRunner.java:794)
	at org.testng.TestRunner.run(TestRunner.java:596)
	at org.testng.SuiteRunner.runTest(SuiteRunner.java:377)
	at org.testng.SuiteRunner.runSequentially(SuiteRunner.java:371)
	at org.testng.SuiteRunner.privateRun(SuiteRunner.java:332)
	at org.testng.SuiteRunner.run(SuiteRunner.java:276)
	at org.testng.SuiteRunnerWorker.runSuite(SuiteRunnerWorker.java:53)
	at org.testng.SuiteRunnerWorker.run(SuiteRunnerWorker.java:96)
	at org.testng.TestNG.runSuitesSequentially(TestNG.java:1212)
	at org.testng.TestNG.runSuitesLocally(TestNG.java:1134)
	at org.testng.TestNG.runSuites(TestNG.java:1063)
	at org.testng.TestNG.run(TestNG.java:1031)
	at org.testng.remote.AbstractRemoteTestNG.run(AbstractRemoteTestNG.java:115)
	at org.testng.remote.RemoteTestNG.initAndRun(RemoteTestNG.java:293)
	at org.testng.remote.RemoteTestNG.main(RemoteTestNG.java:91)
</pre></div></td>
<td>60</td>
<td>All_Merged_APIs_Cases.Booking_Controller_APIs@1a4927d6</td></tr>
<tr>
<td title='All_Merged_APIs_Cases.Reports_ControllerAPIs.GetOutlet()'><b>GetOutlet</b><br>Test class: All_Merged_APIs_Cases.Reports_ControllerAPIs</td>
<td><div><pre>java.lang.AssertionError: Expected status code 200 OK, but received: 504 (Gateway Timeout) expected [200] but found [504]
	at All_Merged_APIs_Cases.Reports_ControllerAPIs.StatusCode(Reports_ControllerAPIs.java:44)
	at All_Merged_APIs_Cases.Reports_ControllerAPIs.GetOutlet(Reports_ControllerAPIs.java:36)
	at java.base/java.util.ArrayList.forEach(ArrayList.java:1597)
... Removed 30 stack frames</pre></div><a href='#' onClick='toggleBox("stack-trace1263461649", this, "Click to show all stack frames", "Click to hide stack frames")'>Click to show all stack frames</a>
<div class='stack-trace' id='stack-trace1263461649'><pre>java.lang.AssertionError: Expected status code 200 OK, but received: 504 (Gateway Timeout) expected [200] but found [504]
	at org.testng.Assert.fail(Assert.java:99)
	at org.testng.Assert.failNotEquals(Assert.java:1037)
	at org.testng.Assert.assertEqualsImpl(Assert.java:140)
	at org.testng.Assert.assertEquals(Assert.java:122)
	at org.testng.Assert.assertEquals(Assert.java:907)
	at All_Merged_APIs_Cases.Reports_ControllerAPIs.StatusCode(Reports_ControllerAPIs.java:44)
	at All_Merged_APIs_Cases.Reports_ControllerAPIs.GetOutlet(Reports_ControllerAPIs.java:36)
	at java.base/jdk.internal.reflect.DirectMethodHandleAccessor.invoke(DirectMethodHandleAccessor.java:103)
	at java.base/java.lang.reflect.Method.invoke(Method.java:580)
	at org.testng.internal.MethodInvocationHelper.invokeMethod(MethodInvocationHelper.java:133)
	at org.testng.internal.TestInvoker.invokeMethod(TestInvoker.java:598)
	at org.testng.internal.TestInvoker.invokeTestMethod(TestInvoker.java:173)
	at org.testng.internal.MethodRunner.runInSequence(MethodRunner.java:46)
	at org.testng.internal.TestInvoker$MethodInvocationAgent.invoke(TestInvoker.java:824)
	at org.testng.internal.TestInvoker.invokeTestMethods(TestInvoker.java:146)
	at org.testng.internal.TestMethodWorker.invokeTestMethods(TestMethodWorker.java:146)
	at org.testng.internal.TestMethodWorker.run(TestMethodWorker.java:128)
	at java.base/java.util.ArrayList.forEach(ArrayList.java:1597)
	at org.testng.TestRunner.privateRun(TestRunner.java:794)
	at org.testng.TestRunner.run(TestRunner.java:596)
	at org.testng.SuiteRunner.runTest(SuiteRunner.java:377)
	at org.testng.SuiteRunner.runSequentially(SuiteRunner.java:371)
	at org.testng.SuiteRunner.privateRun(SuiteRunner.java:332)
	at org.testng.SuiteRunner.run(SuiteRunner.java:276)
	at org.testng.SuiteRunnerWorker.runSuite(SuiteRunnerWorker.java:53)
	at org.testng.SuiteRunnerWorker.run(SuiteRunnerWorker.java:96)
	at org.testng.TestNG.runSuitesSequentially(TestNG.java:1212)
	at org.testng.TestNG.runSuitesLocally(TestNG.java:1134)
	at org.testng.TestNG.runSuites(TestNG.java:1063)
	at org.testng.TestNG.run(TestNG.java:1031)
	at org.testng.remote.AbstractRemoteTestNG.run(AbstractRemoteTestNG.java:115)
	at org.testng.remote.RemoteTestNG.initAndRun(RemoteTestNG.java:293)
	at org.testng.remote.RemoteTestNG.main(RemoteTestNG.java:91)
</pre></div></td>
<td>60</td>
<td>All_Merged_APIs_Cases.Reports_ControllerAPIs@34bde49d</td></tr>
</table><p>
<table width='100%' border='1' class='invocation-passed'>
<tr><td colspan='4' align='center'><b>PASSED TESTS</b></td></tr>
<tr><td><b>Test method</b></td>
<td width="30%"><b>Exception</b></td>
<td width="10%"><b>Time (seconds)</b></td>
<td><b>Instance</b></td>
</tr>
<tr>
<td title='All_Merged_APIs_Cases.Booking_Controller_APIs.UpdateVehicleStatus()'><b>UpdateVehicleStatus</b><br>Test class: All_Merged_APIs_Cases.Booking_Controller_APIs</td>
<td></td>
<td>0</td>
<td>All_Merged_APIs_Cases.Booking_Controller_APIs@1a4927d6</td></tr>
<tr>
<td title='All_Merged_APIs_Cases.Booking_Controller_APIs.downloadBookingList()'><b>downloadBookingList</b><br>Test class: All_Merged_APIs_Cases.Booking_Controller_APIs</td>
<td></td>
<td>60</td>
<td>All_Merged_APIs_Cases.Booking_Controller_APIs@1a4927d6</td></tr>
<tr>
<td title='All_Merged_APIs_Cases.Booking_Controller_APIs.getAccesssoriesDetails()'><b>getAccesssoriesDetails</b><br>Test class: All_Merged_APIs_Cases.Booking_Controller_APIs</td>
<td></td>
<td>1</td>
<td>All_Merged_APIs_Cases.Booking_Controller_APIs@1a4927d6</td></tr>
<tr>
<td title='All_Merged_APIs_Cases.SIP_Customer_Interaction.addCustomerQuery()'><b>addCustomerQuery</b><br>Test class: All_Merged_APIs_Cases.SIP_Customer_Interaction</td>
<td></td>
<td>0</td>
<td>All_Merged_APIs_Cases.SIP_Customer_Interaction@23f5b5dc</td></tr>
<tr>
<td title='All_Merged_APIs_Cases.Booking_Controller_APIs.EmployeeDataByMspin()'><b>EmployeeDataByMspin</b><br>Test class: All_Merged_APIs_Cases.Booking_Controller_APIs</td>
<td></td>
<td>0</td>
<td>All_Merged_APIs_Cases.Booking_Controller_APIs@1a4927d6</td></tr>
<tr>
<td title='All_Merged_APIs_Cases.Booking_Controller_APIs.UserLoginData()'><b>UserLoginData</b><br>Test class: All_Merged_APIs_Cases.Booking_Controller_APIs</td>
<td></td>
<td>3</td>
<td>All_Merged_APIs_Cases.Booking_Controller_APIs@1a4927d6</td></tr>
<tr>
<td title='All_Merged_APIs_Cases.Booking_Controller_APIs.UpdateCustomerTAG()'><b>UpdateCustomerTAG</b><br>Test class: All_Merged_APIs_Cases.Booking_Controller_APIs</td>
<td></td>
<td>0</td>
<td>All_Merged_APIs_Cases.Booking_Controller_APIs@1a4927d6</td></tr>
<tr>
<td title='All_Merged_APIs_Cases.Booking_Controller_APIs.getSubTabs()'><b>getSubTabs</b><br>Test class: All_Merged_APIs_Cases.Booking_Controller_APIs</td>
<td></td>
<td>0</td>
<td>All_Merged_APIs_Cases.Booking_Controller_APIs@1a4927d6</td></tr>
<tr>
<td title='All_Merged_APIs_Cases.SIP_Customer_Interaction.getQueryCategoryList()'><b>getQueryCategoryList</b><br>Test class: All_Merged_APIs_Cases.SIP_Customer_Interaction</td>
<td></td>
<td>0</td>
<td>All_Merged_APIs_Cases.SIP_Customer_Interaction@23f5b5dc</td></tr>
<tr>
<td title='All_Merged_APIs_Cases.Booking_Controller_APIs.Update_CustomerExpected_Date()'><b>Update_CustomerExpected_Date</b><br>Test class: All_Merged_APIs_Cases.Booking_Controller_APIs</td>
<td></td>
<td>60</td>
<td>All_Merged_APIs_Cases.Booking_Controller_APIs@1a4927d6</td></tr>
<tr>
<td title='All_Merged_APIs_Cases.SIP_Customer_Interaction.getCustomerQueries()'><b>getCustomerQueries</b><br>Test class: All_Merged_APIs_Cases.SIP_Customer_Interaction</td>
<td></td>
<td>0</td>
<td>All_Merged_APIs_Cases.SIP_Customer_Interaction@23f5b5dc</td></tr>
</table><p>
</body>
</html>