<?xml version="1.0" encoding="UTF-8"?>
<testng-results ignored="0" total="38" passed="35" failed="3" skipped="0">
  <reporter-output>
  </reporter-output>
  <suite started-at="2025-04-02T09:45:19 IST" name="Default suite" finished-at="2025-04-02T09:48:02 IST" duration-ms="162526">
    <groups>
    </groups>
    <test started-at="2025-04-02T09:45:19 IST" name="Default test" finished-at="2025-04-02T09:48:02 IST" duration-ms="162526">
      <class name="UAT_SIP2.Call_Dispostion">
        <test-method is-config="true" signature="setup()[pri:0, instance:UAT_SIP2.Call_Dispostion@5fe94a96]" started-at="2025-04-02T09:45:19 IST" name="setup" finished-at="2025-04-02T09:45:21 IST" duration-ms="1911" status="PASS">
          <reporter-output>
          </reporter-output>
        </test-method> <!-- setup -->
        <test-method is-config="true" signature="sip()[pri:0, instance:UAT_SIP2.Call_Dispostion@5fe94a96]" started-at="2025-04-02T09:45:21 IST" name="sip" finished-at="2025-04-02T09:45:21 IST" duration-ms="0" status="PASS">
          <reporter-output>
          </reporter-output>
        </test-method> <!-- sip -->
        <test-method signature="PopuPhandle()[pri:1, instance:UAT_SIP2.Call_Dispostion@5fe94a96]" started-at="2025-04-02T09:45:21 IST" name="PopuPhandle" finished-at="2025-04-02T09:45:28 IST" duration-ms="6662" status="PASS">
          <reporter-output>
          </reporter-output>
        </test-method> <!-- PopuPhandle -->
        <test-method signature="Dealer_User_Login1()[pri:2, instance:UAT_SIP2.Call_Dispostion@5fe94a96]" started-at="2025-04-02T09:45:28 IST" name="Dealer_User_Login1" finished-at="2025-04-02T09:45:32 IST" duration-ms="4261" status="PASS">
          <reporter-output>
          </reporter-output>
        </test-method> <!-- Dealer_User_Login1 -->
        <test-method signature="Click_On_SIP()[pri:3, instance:UAT_SIP2.Call_Dispostion@5fe94a96]" started-at="2025-04-02T09:45:32 IST" name="Click_On_SIP" finished-at="2025-04-02T09:45:37 IST" duration-ms="4886" status="PASS">
          <reporter-output>
          </reporter-output>
        </test-method> <!-- Click_On_SIP -->
        <test-method signature="Click_On_Additional_Fillter_To_Clear_Data()[pri:4, instance:UAT_SIP2.Call_Dispostion@5fe94a96]" started-at="2025-04-02T09:45:37 IST" name="Click_On_Additional_Fillter_To_Clear_Data" finished-at="2025-04-02T09:45:43 IST" duration-ms="5375" status="PASS">
          <reporter-output>
          </reporter-output>
        </test-method> <!-- Click_On_Additional_Fillter_To_Clear_Data -->
        <test-method signature="Click_On_Customer_Page()[pri:6, instance:UAT_SIP2.Call_Dispostion@5fe94a96]" started-at="2025-04-02T09:45:43 IST" name="Click_On_Customer_Page" finished-at="2025-04-02T09:45:43 IST" duration-ms="524" status="PASS">
          <reporter-output>
          </reporter-output>
        </test-method> <!-- Click_On_Customer_Page -->
        <test-method signature="Click_On_Call_Dispostion()[pri:7, instance:UAT_SIP2.Call_Dispostion@5fe94a96]" started-at="2025-04-02T09:45:43 IST" name="Click_On_Call_Dispostion" finished-at="2025-04-02T09:45:43 IST" duration-ms="133" status="PASS">
          <reporter-output>
          </reporter-output>
        </test-method> <!-- Click_On_Call_Dispostion -->
        <test-method signature="Verify_Booking_Feedback()[pri:8, instance:UAT_SIP2.Call_Dispostion@5fe94a96]" started-at="2025-04-02T09:45:43 IST" name="Verify_Booking_Feedback" finished-at="2025-04-02T09:45:54 IST" duration-ms="10623" status="FAIL">
          <exception class="org.openqa.selenium.TimeoutException">
            <message>
              <![CDATA[Expected condition failed: waiting for visibility of element located by By.xpath: (//*[text()=" Yes "])[2] (tried for 10 second(s) with 500 milliseconds interval)
Build info: version: '4.21.0', revision: '79ed462ef4'
System info: os.name: 'Windows 11', os.arch: 'amd64', os.version: '10.0', java.version: '21.0.6'
Driver info: org.openqa.selenium.chrome.ChromeDriver
Capabilities {acceptInsecureCerts: false, browserName: chrome, browserVersion: 134.0.6998.178, chrome: {chromedriverVersion: 134.0.6998.165 (fd886e2cb29..., userDataDir: C:\Users\Admin\AppData\Loca...}, fedcm:accounts: true, goog:chromeOptions: {debuggerAddress: localhost:50376}, networkConnectionEnabled: false, pageLoadStrategy: normal, platformName: windows, proxy: Proxy(), se:cdp: ws://localhost:50376/devtoo..., se:cdpVersion: 134.0.6998.178, setWindowRect: true, strictFileInteractability: false, timeouts: {implicit: 0, pageLoad: 300000, script: 30000}, unhandledPromptBehavior: dismiss and notify, webauthn:extension:credBlob: true, webauthn:extension:largeBlob: true, webauthn:extension:minPinLength: true, webauthn:extension:prf: true, webauthn:virtualAuthenticators: true}
Session ID: 2ed5427b0005732a972a1b244f40d434]]>
            </message>
            <full-stacktrace>
              <![CDATA[org.openqa.selenium.TimeoutException: Expected condition failed: waiting for visibility of element located by By.xpath: (//*[text()=" Yes "])[2] (tried for 10 second(s) with 500 milliseconds interval)
Build info: version: '4.21.0', revision: '79ed462ef4'
System info: os.name: 'Windows 11', os.arch: 'amd64', os.version: '10.0', java.version: '21.0.6'
Driver info: org.openqa.selenium.chrome.ChromeDriver
Capabilities {acceptInsecureCerts: false, browserName: chrome, browserVersion: 134.0.6998.178, chrome: {chromedriverVersion: 134.0.6998.165 (fd886e2cb29..., userDataDir: C:\Users\Admin\AppData\Loca...}, fedcm:accounts: true, goog:chromeOptions: {debuggerAddress: localhost:50376}, networkConnectionEnabled: false, pageLoadStrategy: normal, platformName: windows, proxy: Proxy(), se:cdp: ws://localhost:50376/devtoo..., se:cdpVersion: 134.0.6998.178, setWindowRect: true, strictFileInteractability: false, timeouts: {implicit: 0, pageLoad: 300000, script: 30000}, unhandledPromptBehavior: dismiss and notify, webauthn:extension:credBlob: true, webauthn:extension:largeBlob: true, webauthn:extension:minPinLength: true, webauthn:extension:prf: true, webauthn:virtualAuthenticators: true}
Session ID: 2ed5427b0005732a972a1b244f40d434
at org.openqa.selenium.support.ui.WebDriverWait.timeoutException(WebDriverWait.java:84)
at org.openqa.selenium.support.ui.FluentWait.until(FluentWait.java:228)
at UAT_SIP2.Call_Dispostion.clickElementWithDelay(Call_Dispostion.java:537)
at UAT_SIP2.Call_Dispostion.Select_Option_Booking_Feedback(Call_Dispostion.java:524)
at UAT_SIP2.Call_Dispostion.Verify_Booking_Feedback(Call_Dispostion.java:91)
at java.base/jdk.internal.reflect.DirectMethodHandleAccessor.invoke(DirectMethodHandleAccessor.java:103)
at java.base/java.lang.reflect.Method.invoke(Method.java:580)
at org.testng.internal.MethodInvocationHelper.invokeMethod(MethodInvocationHelper.java:133)
at org.testng.internal.TestInvoker.invokeMethod(TestInvoker.java:598)
at org.testng.internal.TestInvoker.invokeTestMethod(TestInvoker.java:173)
at org.testng.internal.MethodRunner.runInSequence(MethodRunner.java:46)
at org.testng.internal.TestInvoker$MethodInvocationAgent.invoke(TestInvoker.java:824)
at org.testng.internal.TestInvoker.invokeTestMethods(TestInvoker.java:146)
at org.testng.internal.TestMethodWorker.invokeTestMethods(TestMethodWorker.java:146)
at org.testng.internal.TestMethodWorker.run(TestMethodWorker.java:128)
at java.base/java.util.ArrayList.forEach(ArrayList.java:1596)
at org.testng.TestRunner.privateRun(TestRunner.java:794)
at org.testng.TestRunner.run(TestRunner.java:596)
at org.testng.SuiteRunner.runTest(SuiteRunner.java:377)
at org.testng.SuiteRunner.runSequentially(SuiteRunner.java:371)
at org.testng.SuiteRunner.privateRun(SuiteRunner.java:332)
at org.testng.SuiteRunner.run(SuiteRunner.java:276)
at org.testng.SuiteRunnerWorker.runSuite(SuiteRunnerWorker.java:53)
at org.testng.SuiteRunnerWorker.run(SuiteRunnerWorker.java:96)
at org.testng.TestNG.runSuitesSequentially(TestNG.java:1212)
at org.testng.TestNG.runSuitesLocally(TestNG.java:1134)
at org.testng.TestNG.runSuites(TestNG.java:1063)
at org.testng.TestNG.run(TestNG.java:1031)
at org.testng.remote.AbstractRemoteTestNG.run(AbstractRemoteTestNG.java:115)
at org.testng.remote.RemoteTestNG.initAndRun(RemoteTestNG.java:293)
at org.testng.remote.RemoteTestNG.main(RemoteTestNG.java:91)
]]>
            </full-stacktrace>
          </exception> <!-- org.openqa.selenium.TimeoutException -->
          <reporter-output>
          </reporter-output>
        </test-method> <!-- Verify_Booking_Feedback -->
        <test-method signature="Booking_Feedback_SuccessMessage()[pri:9, instance:UAT_SIP2.Call_Dispostion@5fe94a96]" started-at="2025-04-02T09:45:54 IST" name="Booking_Feedback_SuccessMessage" finished-at="2025-04-02T09:46:04 IST" duration-ms="10145" status="FAIL">
          <exception class="java.lang.AssertionError">
            <message>
              <![CDATA[After Punching Booking_Feedback, success message is not Display ]]>
            </message>
            <full-stacktrace>
              <![CDATA[java.lang.AssertionError: After Punching Booking_Feedback, success message is not Display 
at org.testng.Assert.fail(Assert.java:99)
at UAT_SIP2.Call_Dispostion.Booking_Feedback_SuccessMessage(Call_Dispostion.java:100)
at java.base/jdk.internal.reflect.DirectMethodHandleAccessor.invoke(DirectMethodHandleAccessor.java:103)
at java.base/java.lang.reflect.Method.invoke(Method.java:580)
at org.testng.internal.MethodInvocationHelper.invokeMethod(MethodInvocationHelper.java:133)
at org.testng.internal.TestInvoker.invokeMethod(TestInvoker.java:598)
at org.testng.internal.TestInvoker.invokeTestMethod(TestInvoker.java:173)
at org.testng.internal.MethodRunner.runInSequence(MethodRunner.java:46)
at org.testng.internal.TestInvoker$MethodInvocationAgent.invoke(TestInvoker.java:824)
at org.testng.internal.TestInvoker.invokeTestMethods(TestInvoker.java:146)
at org.testng.internal.TestMethodWorker.invokeTestMethods(TestMethodWorker.java:146)
at org.testng.internal.TestMethodWorker.run(TestMethodWorker.java:128)
at java.base/java.util.ArrayList.forEach(ArrayList.java:1596)
at org.testng.TestRunner.privateRun(TestRunner.java:794)
at org.testng.TestRunner.run(TestRunner.java:596)
at org.testng.SuiteRunner.runTest(SuiteRunner.java:377)
at org.testng.SuiteRunner.runSequentially(SuiteRunner.java:371)
at org.testng.SuiteRunner.privateRun(SuiteRunner.java:332)
at org.testng.SuiteRunner.run(SuiteRunner.java:276)
at org.testng.SuiteRunnerWorker.runSuite(SuiteRunnerWorker.java:53)
at org.testng.SuiteRunnerWorker.run(SuiteRunnerWorker.java:96)
at org.testng.TestNG.runSuitesSequentially(TestNG.java:1212)
at org.testng.TestNG.runSuitesLocally(TestNG.java:1134)
at org.testng.TestNG.runSuites(TestNG.java:1063)
at org.testng.TestNG.run(TestNG.java:1031)
at org.testng.remote.AbstractRemoteTestNG.run(AbstractRemoteTestNG.java:115)
at org.testng.remote.RemoteTestNG.initAndRun(RemoteTestNG.java:293)
at org.testng.remote.RemoteTestNG.main(RemoteTestNG.java:91)
]]>
            </full-stacktrace>
          </exception> <!-- java.lang.AssertionError -->
          <reporter-output>
          </reporter-output>
        </test-method> <!-- Booking_Feedback_SuccessMessage -->
        <test-method signature="Click_On_Customer1()[pri:10, instance:UAT_SIP2.Call_Dispostion@5fe94a96]" started-at="2025-04-02T09:46:04 IST" name="Click_On_Customer1" finished-at="2025-04-02T09:46:15 IST" duration-ms="11193" status="FAIL">
          <exception class="java.lang.AssertionError">
            <message>
              <![CDATA[Additional Fillter_Button could not be clickable.]]>
            </message>
            <full-stacktrace>
              <![CDATA[java.lang.AssertionError: Additional Fillter_Button could not be clickable.
at org.testng.Assert.fail(Assert.java:99)
at UAT_SIP2.Call_Dispostion.Click_On_CustomerPage_And_FillterButton(Call_Dispostion.java:582)
at UAT_SIP2.Call_Dispostion.Click_On_Customer1(Call_Dispostion.java:107)
at java.base/jdk.internal.reflect.DirectMethodHandleAccessor.invoke(DirectMethodHandleAccessor.java:103)
at java.base/java.lang.reflect.Method.invoke(Method.java:580)
at org.testng.internal.MethodInvocationHelper.invokeMethod(MethodInvocationHelper.java:133)
at org.testng.internal.TestInvoker.invokeMethod(TestInvoker.java:598)
at org.testng.internal.TestInvoker.invokeTestMethod(TestInvoker.java:173)
at org.testng.internal.MethodRunner.runInSequence(MethodRunner.java:46)
at org.testng.internal.TestInvoker$MethodInvocationAgent.invoke(TestInvoker.java:824)
at org.testng.internal.TestInvoker.invokeTestMethods(TestInvoker.java:146)
at org.testng.internal.TestMethodWorker.invokeTestMethods(TestMethodWorker.java:146)
at org.testng.internal.TestMethodWorker.run(TestMethodWorker.java:128)
at java.base/java.util.ArrayList.forEach(ArrayList.java:1596)
at org.testng.TestRunner.privateRun(TestRunner.java:794)
at org.testng.TestRunner.run(TestRunner.java:596)
at org.testng.SuiteRunner.runTest(SuiteRunner.java:377)
at org.testng.SuiteRunner.runSequentially(SuiteRunner.java:371)
at org.testng.SuiteRunner.privateRun(SuiteRunner.java:332)
at org.testng.SuiteRunner.run(SuiteRunner.java:276)
at org.testng.SuiteRunnerWorker.runSuite(SuiteRunnerWorker.java:53)
at org.testng.SuiteRunnerWorker.run(SuiteRunnerWorker.java:96)
at org.testng.TestNG.runSuitesSequentially(TestNG.java:1212)
at org.testng.TestNG.runSuitesLocally(TestNG.java:1134)
at org.testng.TestNG.runSuites(TestNG.java:1063)
at org.testng.TestNG.run(TestNG.java:1031)
at org.testng.remote.AbstractRemoteTestNG.run(AbstractRemoteTestNG.java:115)
at org.testng.remote.RemoteTestNG.initAndRun(RemoteTestNG.java:293)
at org.testng.remote.RemoteTestNG.main(RemoteTestNG.java:91)
]]>
            </full-stacktrace>
          </exception> <!-- java.lang.AssertionError -->
          <reporter-output>
          </reporter-output>
        </test-method> <!-- Click_On_Customer1 -->
        <test-method signature="Verify_Call_Me_Later()[pri:11, instance:UAT_SIP2.Call_Dispostion@5fe94a96]" started-at="2025-04-02T09:46:15 IST" name="Verify_Call_Me_Later" finished-at="2025-04-02T09:46:21 IST" duration-ms="6182" status="PASS">
          <reporter-output>
          </reporter-output>
        </test-method> <!-- Verify_Call_Me_Later -->
        <test-method signature="Call_Me_Later_SuccessMessage()[pri:12, instance:UAT_SIP2.Call_Dispostion@5fe94a96]" started-at="2025-04-02T09:46:21 IST" name="Call_Me_Later_SuccessMessage" finished-at="2025-04-02T09:46:22 IST" duration-ms="279" status="PASS">
          <reporter-output>
          </reporter-output>
        </test-method> <!-- Call_Me_Later_SuccessMessage -->
        <test-method signature="Click_On_Customer2()[pri:13, instance:UAT_SIP2.Call_Dispostion@5fe94a96]" started-at="2025-04-02T09:46:22 IST" name="Click_On_Customer2" finished-at="2025-04-02T09:46:30 IST" duration-ms="7997" status="PASS">
          <reporter-output>
          </reporter-output>
        </test-method> <!-- Click_On_Customer2 -->
        <test-method signature="Verify_WrongNumber()[pri:14, instance:UAT_SIP2.Call_Dispostion@5fe94a96]" started-at="2025-04-02T09:46:30 IST" name="Verify_WrongNumber" finished-at="2025-04-02T09:46:32 IST" duration-ms="1968" status="PASS">
          <reporter-output>
          </reporter-output>
        </test-method> <!-- Verify_WrongNumber -->
        <test-method signature="WrongNumber_SuccessMessage()[pri:15, instance:UAT_SIP2.Call_Dispostion@5fe94a96]" started-at="2025-04-02T09:46:32 IST" name="WrongNumber_SuccessMessage" finished-at="2025-04-02T09:46:32 IST" duration-ms="405" status="PASS">
          <reporter-output>
          </reporter-output>
        </test-method> <!-- WrongNumber_SuccessMessage -->
        <test-method signature="Click_On_Customer3()[pri:16, instance:UAT_SIP2.Call_Dispostion@5fe94a96]" started-at="2025-04-02T09:46:32 IST" name="Click_On_Customer3" finished-at="2025-04-02T09:46:40 IST" duration-ms="7927" status="PASS">
          <reporter-output>
          </reporter-output>
        </test-method> <!-- Click_On_Customer3 -->
        <test-method signature="Verify_VehicleDelivery_Visit()[pri:17, instance:UAT_SIP2.Call_Dispostion@5fe94a96]" started-at="2025-04-02T09:46:40 IST" name="Verify_VehicleDelivery_Visit" finished-at="2025-04-02T09:46:45 IST" duration-ms="5312" status="PASS">
          <reporter-output>
          </reporter-output>
        </test-method> <!-- Verify_VehicleDelivery_Visit -->
        <test-method signature="VehicleDelivery_Visit_SuccessMessage()[pri:18, instance:UAT_SIP2.Call_Dispostion@5fe94a96]" started-at="2025-04-02T09:46:45 IST" name="VehicleDelivery_Visit_SuccessMessage" finished-at="2025-04-02T09:46:46 IST" duration-ms="307" status="PASS">
          <reporter-output>
          </reporter-output>
        </test-method> <!-- VehicleDelivery_Visit_SuccessMessage -->
        <test-method signature="Click_On_Customer4()[pri:19, instance:UAT_SIP2.Call_Dispostion@5fe94a96]" started-at="2025-04-02T09:46:46 IST" name="Click_On_Customer4" finished-at="2025-04-02T09:46:54 IST" duration-ms="7889" status="PASS">
          <reporter-output>
          </reporter-output>
        </test-method> <!-- Click_On_Customer4 -->
        <test-method signature="ClickOn_NotPickedUp()[pri:20, instance:UAT_SIP2.Call_Dispostion@5fe94a96]" started-at="2025-04-02T09:46:54 IST" name="ClickOn_NotPickedUp" finished-at="2025-04-02T09:46:55 IST" duration-ms="1869" status="PASS">
          <reporter-output>
          </reporter-output>
        </test-method> <!-- ClickOn_NotPickedUp -->
        <test-method signature="Verify_NotPickedUp()[pri:21, instance:UAT_SIP2.Call_Dispostion@5fe94a96]" started-at="2025-04-02T09:46:55 IST" name="Verify_NotPickedUp" finished-at="2025-04-02T09:46:59 IST" duration-ms="3984" status="PASS">
          <reporter-output>
          </reporter-output>
        </test-method> <!-- Verify_NotPickedUp -->
        <test-method signature="NotPickedUp_SuccessMessage()[pri:22, instance:UAT_SIP2.Call_Dispostion@5fe94a96]" started-at="2025-04-02T09:46:59 IST" name="NotPickedUp_SuccessMessage" finished-at="2025-04-02T09:47:00 IST" duration-ms="280" status="PASS">
          <reporter-output>
          </reporter-output>
        </test-method> <!-- NotPickedUp_SuccessMessage -->
        <test-method signature="Click_On_Customer5()[pri:23, instance:UAT_SIP2.Call_Dispostion@5fe94a96]" started-at="2025-04-02T09:47:00 IST" name="Click_On_Customer5" finished-at="2025-04-02T09:47:08 IST" duration-ms="7947" status="PASS">
          <reporter-output>
          </reporter-output>
        </test-method> <!-- Click_On_Customer5 -->
        <test-method signature="ClickOn_NumberBusy()[pri:24, instance:UAT_SIP2.Call_Dispostion@5fe94a96]" started-at="2025-04-02T09:47:08 IST" name="ClickOn_NumberBusy" finished-at="2025-04-02T09:47:10 IST" duration-ms="1905" status="PASS">
          <reporter-output>
          </reporter-output>
        </test-method> <!-- ClickOn_NumberBusy -->
        <test-method signature="Verify_NumberBusy()[pri:25, instance:UAT_SIP2.Call_Dispostion@5fe94a96]" started-at="2025-04-02T09:47:10 IST" name="Verify_NumberBusy" finished-at="2025-04-02T09:47:14 IST" duration-ms="4008" status="PASS">
          <reporter-output>
          </reporter-output>
        </test-method> <!-- Verify_NumberBusy -->
        <test-method signature="NumberBusy_SuccessMessage()[pri:26, instance:UAT_SIP2.Call_Dispostion@5fe94a96]" started-at="2025-04-02T09:47:14 IST" name="NumberBusy_SuccessMessage" finished-at="2025-04-02T09:47:14 IST" duration-ms="291" status="PASS">
          <reporter-output>
          </reporter-output>
        </test-method> <!-- NumberBusy_SuccessMessage -->
        <test-method signature="Click_On_Customer6()[pri:27, instance:UAT_SIP2.Call_Dispostion@5fe94a96]" started-at="2025-04-02T09:47:14 IST" name="Click_On_Customer6" finished-at="2025-04-02T09:47:22 IST" duration-ms="7894" status="PASS">
          <reporter-output>
          </reporter-output>
        </test-method> <!-- Click_On_Customer6 -->
        <test-method signature="ClickOn_NotRechable()[pri:28, instance:UAT_SIP2.Call_Dispostion@5fe94a96]" started-at="2025-04-02T09:47:22 IST" name="ClickOn_NotRechable" finished-at="2025-04-02T09:47:24 IST" duration-ms="1892" status="PASS">
          <reporter-output>
          </reporter-output>
        </test-method> <!-- ClickOn_NotRechable -->
        <test-method signature="Verify_NotRechable()[pri:29, instance:UAT_SIP2.Call_Dispostion@5fe94a96]" started-at="2025-04-02T09:47:24 IST" name="Verify_NotRechable" finished-at="2025-04-02T09:47:28 IST" duration-ms="4029" status="PASS">
          <reporter-output>
          </reporter-output>
        </test-method> <!-- Verify_NotRechable -->
        <test-method signature="NotRechable_SuccessMessage()[pri:30, instance:UAT_SIP2.Call_Dispostion@5fe94a96]" started-at="2025-04-02T09:47:28 IST" name="NotRechable_SuccessMessage" finished-at="2025-04-02T09:47:28 IST" duration-ms="309" status="PASS">
          <reporter-output>
          </reporter-output>
        </test-method> <!-- NotRechable_SuccessMessage -->
        <test-method signature="Click_On_Customer7()[pri:31, instance:UAT_SIP2.Call_Dispostion@5fe94a96]" started-at="2025-04-02T09:47:28 IST" name="Click_On_Customer7" finished-at="2025-04-02T09:47:36 IST" duration-ms="7912" status="PASS">
          <reporter-output>
          </reporter-output>
        </test-method> <!-- Click_On_Customer7 -->
        <test-method signature="ClickOn_SwitchedOff()[pri:32, instance:UAT_SIP2.Call_Dispostion@5fe94a96]" started-at="2025-04-02T09:47:36 IST" name="ClickOn_SwitchedOff" finished-at="2025-04-02T09:47:38 IST" duration-ms="1887" status="PASS">
          <reporter-output>
          </reporter-output>
        </test-method> <!-- ClickOn_SwitchedOff -->
        <test-method signature="Verify_SwitchedOff()[pri:33, instance:UAT_SIP2.Call_Dispostion@5fe94a96]" started-at="2025-04-02T09:47:38 IST" name="Verify_SwitchedOff" finished-at="2025-04-02T09:47:42 IST" duration-ms="4005" status="PASS">
          <reporter-output>
          </reporter-output>
        </test-method> <!-- Verify_SwitchedOff -->
        <test-method signature="SwitchedOff_SuccessMessage()[pri:34, instance:UAT_SIP2.Call_Dispostion@5fe94a96]" started-at="2025-04-02T09:47:42 IST" name="SwitchedOff_SuccessMessage" finished-at="2025-04-02T09:47:42 IST" duration-ms="428" status="PASS">
          <reporter-output>
          </reporter-output>
        </test-method> <!-- SwitchedOff_SuccessMessage -->
        <test-method signature="Click_On_Customer8()[pri:35, instance:UAT_SIP2.Call_Dispostion@5fe94a96]" started-at="2025-04-02T09:47:42 IST" name="Click_On_Customer8" finished-at="2025-04-02T09:47:50 IST" duration-ms="7941" status="PASS">
          <reporter-output>
          </reporter-output>
        </test-method> <!-- Click_On_Customer8 -->
        <test-method signature="ClickOn_Invalid_Numbers()[pri:36, instance:UAT_SIP2.Call_Dispostion@5fe94a96]" started-at="2025-04-02T09:47:50 IST" name="ClickOn_Invalid_Numbers" finished-at="2025-04-02T09:47:52 IST" duration-ms="1923" status="PASS">
          <reporter-output>
          </reporter-output>
        </test-method> <!-- ClickOn_Invalid_Numbers -->
        <test-method signature="Verify_Invalid_Numbers()[pri:37, instance:UAT_SIP2.Call_Dispostion@5fe94a96]" started-at="2025-04-02T09:47:52 IST" name="Verify_Invalid_Numbers" finished-at="2025-04-02T09:47:54 IST" duration-ms="1766" status="PASS">
          <reporter-output>
          </reporter-output>
        </test-method> <!-- Verify_Invalid_Numbers -->
        <test-method signature="Invalid_Numbers_SuccessMessage()[pri:38, instance:UAT_SIP2.Call_Dispostion@5fe94a96]" started-at="2025-04-02T09:47:54 IST" name="Invalid_Numbers_SuccessMessage" finished-at="2025-04-02T09:47:54 IST" duration-ms="297" status="PASS">
          <reporter-output>
          </reporter-output>
        </test-method> <!-- Invalid_Numbers_SuccessMessage -->
        <test-method signature="Click_On_Customer9()[pri:39, instance:UAT_SIP2.Call_Dispostion@5fe94a96]" started-at="2025-04-02T09:47:54 IST" name="Click_On_Customer9" finished-at="2025-04-02T09:48:02 IST" duration-ms="7906" status="PASS">
          <reporter-output>
          </reporter-output>
        </test-method> <!-- Click_On_Customer9 -->
      </class> <!-- UAT_SIP2.Call_Dispostion -->
    </test> <!-- Default test -->
  </suite> <!-- Default suite -->
</testng-results>
