<?xml version="1.0" encoding="UTF-8"?>
<!-- Generated by org.testng.reporters.JUnitReportReporter -->
<testsuite hostname="DESKTOP-7SBKKJ1" failures="3" tests="11" name="SIP.Pending_Booking_Sorting" time="25.773" errors="0" timestamp="2025-02-18T17:28:30 IST" skipped="0">
  <testcase classname="SIP.Pending_Booking_Sorting" name="Dealer_User_Login1" time="1.710"/>
  <system-out/>
  <testcase classname="SIP.Pending_Booking_Sorting" name="Click_On_SIP" time="3.879"/>
  <system-out/>
  <testcase classname="SIP.Pending_Booking_Sorting" name="Click_On_Additional_Fillter_To_Clear_Data" time="5.499"/>
  <system-out/>
  <testcase classname="SIP.Pending_Booking_Sorting" name="Click_On_Items_Per_Page" time="0.114"/>
  <system-out/>
  <testcase classname="SIP.Pending_Booking_Sorting" name="Sale_Executive_Name_Sorting" time="2.238">
    <failure message="(Pending-Booking) Total Count of Sales Executive Name In Lowercase: 2
The following Sales Executive Name are not in uppercase: Rakesh Kumawat, Sumer Singh" type="java.lang.AssertionError">
      <![CDATA[java.lang.AssertionError: (Pending-Booking) Total Count of Sales Executive Name In Lowercase: 2
The following Sales Executive Name are not in uppercase: Rakesh Kumawat, Sumer Singh
at org.testng.Assert.fail(Assert.java:99)
at SIP.Pending_Booking_Sorting.Sale_Executive_Name_Sorting(Pending_Booking_Sorting.java:122)
at java.base/jdk.internal.reflect.DirectMethodHandleAccessor.invoke(DirectMethodHandleAccessor.java:103)
at java.base/java.lang.reflect.Method.invoke(Method.java:580)
at org.testng.internal.MethodInvocationHelper.invokeMethod(MethodInvocationHelper.java:133)
at org.testng.internal.TestInvoker.invokeMethod(TestInvoker.java:598)
at org.testng.internal.TestInvoker.invokeTestMethod(TestInvoker.java:173)
at org.testng.internal.MethodRunner.runInSequence(MethodRunner.java:46)
at org.testng.internal.TestInvoker$MethodInvocationAgent.invoke(TestInvoker.java:824)
at org.testng.internal.TestInvoker.invokeTestMethods(TestInvoker.java:146)
at org.testng.internal.TestMethodWorker.invokeTestMethods(TestMethodWorker.java:146)
at org.testng.internal.TestMethodWorker.run(TestMethodWorker.java:128)
at java.base/java.util.ArrayList.forEach(ArrayList.java:1597)
at org.testng.TestRunner.privateRun(TestRunner.java:794)
at org.testng.TestRunner.run(TestRunner.java:596)
at org.testng.SuiteRunner.runTest(SuiteRunner.java:377)
at org.testng.SuiteRunner.runSequentially(SuiteRunner.java:371)
at org.testng.SuiteRunner.privateRun(SuiteRunner.java:332)
at org.testng.SuiteRunner.run(SuiteRunner.java:276)
at org.testng.SuiteRunnerWorker.runSuite(SuiteRunnerWorker.java:53)
at org.testng.SuiteRunnerWorker.run(SuiteRunnerWorker.java:96)
at org.testng.TestNG.runSuitesSequentially(TestNG.java:1212)
at org.testng.TestNG.runSuitesLocally(TestNG.java:1134)
at org.testng.TestNG.runSuites(TestNG.java:1063)
at org.testng.TestNG.run(TestNG.java:1031)
at org.testng.remote.AbstractRemoteTestNG.run(AbstractRemoteTestNG.java:115)
at org.testng.remote.RemoteTestNG.initAndRun(RemoteTestNG.java:293)
at org.testng.remote.RemoteTestNG.main(RemoteTestNG.java:91)
]]>
    </failure>
  </testcase> <!-- Sale_Executive_Name_Sorting -->
  <system-out/>
  <testcase classname="SIP.Pending_Booking_Sorting" name="Cutomer_Name_Sorting" time="2.267"/>
  <system-out/>
  <testcase classname="SIP.Pending_Booking_Sorting" name="verify_Booking_Date_Sorting" time="1.214"/>
  <system-out/>
  <testcase classname="SIP.Pending_Booking_Sorting" name="Model_Name_Sorting" time="2.204">
    <failure message="(Pending-Booking) Total Count of Model name In Lowercase: 3
The following Model name are not in uppercase: Dazzling New Dzire, Epic New Swift, Epic New Swift" type="java.lang.AssertionError">
      <![CDATA[java.lang.AssertionError: (Pending-Booking) Total Count of Model name In Lowercase: 3
The following Model name are not in uppercase: Dazzling New Dzire, Epic New Swift, Epic New Swift
at org.testng.Assert.fail(Assert.java:99)
at SIP.Pending_Booking_Sorting.Model_Name_Sorting(Pending_Booking_Sorting.java:219)
at java.base/jdk.internal.reflect.DirectMethodHandleAccessor.invoke(DirectMethodHandleAccessor.java:103)
at java.base/java.lang.reflect.Method.invoke(Method.java:580)
at org.testng.internal.MethodInvocationHelper.invokeMethod(MethodInvocationHelper.java:133)
at org.testng.internal.TestInvoker.invokeMethod(TestInvoker.java:598)
at org.testng.internal.TestInvoker.invokeTestMethod(TestInvoker.java:173)
at org.testng.internal.MethodRunner.runInSequence(MethodRunner.java:46)
at org.testng.internal.TestInvoker$MethodInvocationAgent.invoke(TestInvoker.java:824)
at org.testng.internal.TestInvoker.invokeTestMethods(TestInvoker.java:146)
at org.testng.internal.TestMethodWorker.invokeTestMethods(TestMethodWorker.java:146)
at org.testng.internal.TestMethodWorker.run(TestMethodWorker.java:128)
at java.base/java.util.ArrayList.forEach(ArrayList.java:1597)
at org.testng.TestRunner.privateRun(TestRunner.java:794)
at org.testng.TestRunner.run(TestRunner.java:596)
at org.testng.SuiteRunner.runTest(SuiteRunner.java:377)
at org.testng.SuiteRunner.runSequentially(SuiteRunner.java:371)
at org.testng.SuiteRunner.privateRun(SuiteRunner.java:332)
at org.testng.SuiteRunner.run(SuiteRunner.java:276)
at org.testng.SuiteRunnerWorker.runSuite(SuiteRunnerWorker.java:53)
at org.testng.SuiteRunnerWorker.run(SuiteRunnerWorker.java:96)
at org.testng.TestNG.runSuitesSequentially(TestNG.java:1212)
at org.testng.TestNG.runSuitesLocally(TestNG.java:1134)
at org.testng.TestNG.runSuites(TestNG.java:1063)
at org.testng.TestNG.run(TestNG.java:1031)
at org.testng.remote.AbstractRemoteTestNG.run(AbstractRemoteTestNG.java:115)
at org.testng.remote.RemoteTestNG.initAndRun(RemoteTestNG.java:293)
at org.testng.remote.RemoteTestNG.main(RemoteTestNG.java:91)
]]>
    </failure>
  </testcase> <!-- Model_Name_Sorting -->
  <system-out/>
  <testcase classname="SIP.Pending_Booking_Sorting" name="Varient_Sorting" time="2.182">
    <failure message="Sorting failed (Pending-Booking) in Varient: Lists differ at element [0]: MARUTI ALTO K10 VXI+ (O) 1L 5MT != MARUTI ERTIGA VXI (O) CNG 1.5L 5MT expected [MARUTI ALTO K10 VXI+ (O) 1L 5MT] but found [MARUTI ERTIGA VXI (O) CNG 1.5L 5MT]" type="java.lang.AssertionError">
      <![CDATA[java.lang.AssertionError: Sorting failed (Pending-Booking) in Varient: Lists differ at element [0]: MARUTI ALTO K10 VXI+ (O) 1L 5MT != MARUTI ERTIGA VXI (O) CNG 1.5L 5MT expected [MARUTI ALTO K10 VXI+ (O) 1L 5MT] but found [MARUTI ERTIGA VXI (O) CNG 1.5L 5MT]
at org.testng.Assert.fail(Assert.java:99)
at org.testng.Assert.failNotEquals(Assert.java:1037)
at org.testng.Assert.assertEqualsImpl(Assert.java:140)
at org.testng.Assert.assertEquals(Assert.java:1103)
at SIP.Pending_Booking_Sorting.Varient_Sorting(Pending_Booking_Sorting.java:262)
at java.base/jdk.internal.reflect.DirectMethodHandleAccessor.invoke(DirectMethodHandleAccessor.java:103)
at java.base/java.lang.reflect.Method.invoke(Method.java:580)
at org.testng.internal.MethodInvocationHelper.invokeMethod(MethodInvocationHelper.java:133)
at org.testng.internal.TestInvoker.invokeMethod(TestInvoker.java:598)
at org.testng.internal.TestInvoker.invokeTestMethod(TestInvoker.java:173)
at org.testng.internal.MethodRunner.runInSequence(MethodRunner.java:46)
at org.testng.internal.TestInvoker$MethodInvocationAgent.invoke(TestInvoker.java:824)
at org.testng.internal.TestInvoker.invokeTestMethods(TestInvoker.java:146)
at org.testng.internal.TestMethodWorker.invokeTestMethods(TestMethodWorker.java:146)
at org.testng.internal.TestMethodWorker.run(TestMethodWorker.java:128)
at java.base/java.util.ArrayList.forEach(ArrayList.java:1597)
at org.testng.TestRunner.privateRun(TestRunner.java:794)
at org.testng.TestRunner.run(TestRunner.java:596)
at org.testng.SuiteRunner.runTest(SuiteRunner.java:377)
at org.testng.SuiteRunner.runSequentially(SuiteRunner.java:371)
at org.testng.SuiteRunner.privateRun(SuiteRunner.java:332)
at org.testng.SuiteRunner.run(SuiteRunner.java:276)
at org.testng.SuiteRunnerWorker.runSuite(SuiteRunnerWorker.java:53)
at org.testng.SuiteRunnerWorker.run(SuiteRunnerWorker.java:96)
at org.testng.TestNG.runSuitesSequentially(TestNG.java:1212)
at org.testng.TestNG.runSuitesLocally(TestNG.java:1134)
at org.testng.TestNG.runSuites(TestNG.java:1063)
at org.testng.TestNG.run(TestNG.java:1031)
at org.testng.remote.AbstractRemoteTestNG.run(AbstractRemoteTestNG.java:115)
at org.testng.remote.RemoteTestNG.initAndRun(RemoteTestNG.java:293)
at org.testng.remote.RemoteTestNG.main(RemoteTestNG.java:91)
]]>
    </failure>
  </testcase> <!-- Varient_Sorting -->
  <system-out/>
  <testcase classname="SIP.Pending_Booking_Sorting" name="Colour_Sorting" time="2.311"/>
  <system-out/>
  <testcase classname="SIP.Pending_Booking_Sorting" name="Booking_ID_Sorting" time="2.155"/>
  <system-out/>
</testsuite> <!-- SIP.Pending_Booking_Sorting -->
