<?xml version="1.0" encoding="UTF-8"?>
<!-- Generated by org.testng.reporters.JUnitReportReporter -->
<testsuite hostname="QA-HIMANSHU-RANJAN" failures="1" tests="11" name="UAT_SIP2.Additional_Fillter" time="73.001" errors="0" timestamp="2025-04-01T17:05:23 IST" skipped="0">
  <testcase classname="UAT_SIP2.Additional_Fillter" name="PopuPhandle" time="6.595"/>
  <system-out/>
  <testcase classname="UAT_SIP2.Additional_Fillter" name="Dealer_User_Login1" time="4.656"/>
  <system-out/>
  <testcase classname="UAT_SIP2.Additional_Fillter" name="Click_On_SIP" time="6.033"/>
  <system-out/>
  <testcase classname="UAT_SIP2.Additional_Fillter" name="Click_On_Additional_Fillter_To_Clear_Data" time="3.337"/>
  <system-out/>
  <testcase classname="UAT_SIP2.Additional_Fillter" name="Verify_Booking_Date_Fillter" time="7.462"/>
  <system-out/>
  <testcase classname="UAT_SIP2.Additional_Fillter" name="Verify_MODEL_Fillter" time="5.173"/>
  <system-out/>
  <testcase classname="UAT_SIP2.Additional_Fillter" name="Verify_Varient_Fillter" time="18.692">
    <failure message="Varient name select FAILED" type="java.lang.AssertionError">
      <![CDATA[java.lang.AssertionError: Varient name select FAILED
at org.testng.Assert.fail(Assert.java:99)
at UAT_SIP2.Additional_Fillter.Varient(Additional_Fillter.java:315)
at UAT_SIP2.Additional_Fillter.Verify_Varient_Fillter(Additional_Fillter.java:82)
at java.base/jdk.internal.reflect.DirectMethodHandleAccessor.invoke(DirectMethodHandleAccessor.java:103)
at java.base/java.lang.reflect.Method.invoke(Method.java:580)
at org.testng.internal.MethodInvocationHelper.invokeMethod(MethodInvocationHelper.java:133)
at org.testng.internal.TestInvoker.invokeMethod(TestInvoker.java:598)
at org.testng.internal.TestInvoker.invokeTestMethod(TestInvoker.java:173)
at org.testng.internal.MethodRunner.runInSequence(MethodRunner.java:46)
at org.testng.internal.TestInvoker$MethodInvocationAgent.invoke(TestInvoker.java:824)
at org.testng.internal.TestInvoker.invokeTestMethods(TestInvoker.java:146)
at org.testng.internal.TestMethodWorker.invokeTestMethods(TestMethodWorker.java:146)
at org.testng.internal.TestMethodWorker.run(TestMethodWorker.java:128)
at java.base/java.util.ArrayList.forEach(ArrayList.java:1596)
at org.testng.TestRunner.privateRun(TestRunner.java:794)
at org.testng.TestRunner.run(TestRunner.java:596)
at org.testng.SuiteRunner.runTest(SuiteRunner.java:377)
at org.testng.SuiteRunner.runSequentially(SuiteRunner.java:371)
at org.testng.SuiteRunner.privateRun(SuiteRunner.java:332)
at org.testng.SuiteRunner.run(SuiteRunner.java:276)
at org.testng.SuiteRunnerWorker.runSuite(SuiteRunnerWorker.java:53)
at org.testng.SuiteRunnerWorker.run(SuiteRunnerWorker.java:96)
at org.testng.TestNG.runSuitesSequentially(TestNG.java:1212)
at org.testng.TestNG.runSuitesLocally(TestNG.java:1134)
at org.testng.TestNG.runSuites(TestNG.java:1063)
at org.testng.TestNG.run(TestNG.java:1031)
at org.testng.remote.AbstractRemoteTestNG.run(AbstractRemoteTestNG.java:115)
at org.testng.remote.RemoteTestNG.initAndRun(RemoteTestNG.java:293)
at org.testng.remote.RemoteTestNG.main(RemoteTestNG.java:91)
]]>
    </failure>
  </testcase> <!-- Verify_Varient_Fillter -->
  <system-out/>
  <testcase classname="UAT_SIP2.Additional_Fillter" name="Verify_Booking_Amount_Fillter" time="5.178"/>
  <system-out/>
  <testcase classname="UAT_SIP2.Additional_Fillter" name="Verify_Sales_Executive_NAME_Fillter" time="8.211"/>
  <system-out/>
  <testcase classname="UAT_SIP2.Additional_Fillter" name="Verify_Tentative_DeliveryDATE_Fillter" time="7.512"/>
  <system-out/>
  <testcase classname="UAT_SIP2.Additional_Fillter" name="Close_Additional_Fillter" time="0.152"/>
  <system-out/>
</testsuite> <!-- UAT_SIP2.Additional_Fillter -->
